[ 2017-04-21T00:04:14+08:00 ] 127.0.0.1 /index.php/Admin/Goods/edit
INFO: [ app_init ] --START--
INFO: Run Behavior\BuildLiteBehavior [ RunTime:0.000000s ]
INFO: [ app_init ] --END-- [ RunTime:0.001000s ]
INFO: [ app_begin ] --START--
INFO: Run Behavior\ReadHtmlCacheBehavior [ RunTime:0.001000s ]
INFO: [ app_begin ] --END-- [ RunTime:0.001000s ]
NOTIC: [8] A session had already been started - ignoring session_start() D:\xampp\htdocs\thinkphp\ThinkPHP\Common\functions.php 第 1263 行.
NOTIC: [2048] Declaration of Admin\Model\GoodsModel::_before_delete() should be compatible with Think\Model::_before_delete($options) D:\xampp\htdocs\thinkphp\Application\Admin\Model\GoodsModel.class.php 第 9 行.
SQL: SHOW COLUMNS FROM `tp_goods` [ RunTime:0.0050s ]
SQL: SHOW COLUMNS FROM `tp_brand` [ RunTime:0.0040s ]
SQL: SELECT * FROM `tp_goods` WHERE `id` = 0 LIMIT 1   [ RunTime:0.0000s ]
SQL: SELECT `id`,`brand_name` FROM `tp_brand` WHERE ( is_delete = 0 )  [ RunTime:0.0010s ]
NOTIC: [2048] Declaration of Admin\Model\CategoryModel::_before_delete() should be compatible with Think\Model::_before_delete($options) D:\xampp\htdocs\thinkphp\Application\Admin\Model\CategoryModel.class.php 第 135 行.
SQL: SHOW COLUMNS FROM `tp_category` [ RunTime:0.0040s ]
SQL: SELECT * FROM `tp_category` WHERE ( is_delete = 0 )  [ RunTime:0.0010s ]
INFO: [ view_parse ] --START--
INFO: [ template_filter ] --START--
INFO: Run Behavior\ContentReplaceBehavior [ RunTime:0.000000s ]
INFO: [ template_filter ] --END-- [ RunTime:0.000000s ]
INFO: Run Behavior\ParseTemplateBehavior [ RunTime:0.011001s ]
INFO: [ view_parse ] --END-- [ RunTime:0.011001s ]
INFO: [ view_filter ] --START--
INFO: Run Behavior\WriteHtmlCacheBehavior [ RunTime:0.001000s ]
INFO: [ view_filter ] --END-- [ RunTime:0.001000s ]
INFO: [ app_end ] --START--
INFO: Run Behavior\ShowPageTraceBehavior [ RunTime:0.001000s ]
INFO: [ app_end ] --END-- [ RunTime:0.001000s ]

[ 2017-04-21T00:04:27+08:00 ] 127.0.0.1 /index.php/Admin/Goods/lst
INFO: [ app_init ] --START--
INFO: Run Behavior\BuildLiteBehavior [ RunTime:0.000000s ]
INFO: [ app_init ] --END-- [ RunTime:0.001000s ]
INFO: [ app_begin ] --START--
INFO: Run Behavior\ReadHtmlCacheBehavior [ RunTime:0.001000s ]
INFO: [ app_begin ] --END-- [ RunTime:0.001000s ]
NOTIC: [8] A session had already been started - ignoring session_start() D:\xampp\htdocs\thinkphp\ThinkPHP\Common\functions.php 第 1263 行.
NOTIC: [2048] Declaration of Admin\Model\GoodsModel::_before_delete() should be compatible with Think\Model::_before_delete($options) D:\xampp\htdocs\thinkphp\Application\Admin\Model\GoodsModel.class.php 第 9 行.
SQL: SHOW COLUMNS FROM `tp_goods` [ RunTime:0.0040s ]
SQL: SHOW COLUMNS FROM `tp_brand` [ RunTime:0.0040s ]
SQL: SHOW COLUMNS FROM `tp_goods` [ RunTime:0.0040s ]
SQL: SELECT COUNT(*) AS tp_count FROM `tp_goods` WHERE ( is_delete = "否"  ) LIMIT 1   [ RunTime:0.0000s ]
SQL: SELECT a.*,b.brand_name FROM tp_goods a left join tp_brand  b on  a.brand_id = b.id  WHERE ( a.is_delete = "否"  ) ORDER BY a.create_time  desc LIMIT 0,10   [ RunTime:0.0010s ]
SQL: SELECT `id`,`brand_name` FROM `tp_brand` WHERE ( is_delete = 0 )  [ RunTime:0.0010s ]
INFO: [ view_parse ] --START--
INFO: [ template_filter ] --START--
INFO: Run Behavior\ContentReplaceBehavior [ RunTime:0.000000s ]
INFO: [ template_filter ] --END-- [ RunTime:0.000000s ]
SQL: SHOW COLUMNS FROM `tp_brand` [ RunTime:0.0050s ]
SQL: SELECT `id`,`brand_name` FROM `tp_brand`  [ RunTime:0.0000s ]
INFO: Run Behavior\ParseTemplateBehavior [ RunTime:0.017001s ]
INFO: [ view_parse ] --END-- [ RunTime:0.017001s ]
INFO: [ view_filter ] --START--
INFO: Run Behavior\WriteHtmlCacheBehavior [ RunTime:0.002000s ]
INFO: [ view_filter ] --END-- [ RunTime:0.003000s ]
INFO: [ app_end ] --START--
INFO: Run Behavior\ShowPageTraceBehavior [ RunTime:0.001001s ]
INFO: [ app_end ] --END-- [ RunTime:0.002001s ]

[ 2017-04-21T00:04:30+08:00 ] 127.0.0.1 /index.php/Admin/Goods/edit/id/20.html
INFO: [ app_init ] --START--
INFO: Run Behavior\BuildLiteBehavior [ RunTime:0.000000s ]
INFO: [ app_init ] --END-- [ RunTime:0.000000s ]
INFO: [ app_begin ] --START--
INFO: Run Behavior\ReadHtmlCacheBehavior [ RunTime:0.000000s ]
INFO: [ app_begin ] --END-- [ RunTime:0.000000s ]
NOTIC: [8] A session had already been started - ignoring session_start() D:\xampp\htdocs\thinkphp\ThinkPHP\Common\functions.php 第 1263 行.
NOTIC: [2048] Declaration of Admin\Model\GoodsModel::_before_delete() should be compatible with Think\Model::_before_delete($options) D:\xampp\htdocs\thinkphp\Application\Admin\Model\GoodsModel.class.php 第 9 行.
SQL: SHOW COLUMNS FROM `tp_goods` [ RunTime:0.0040s ]
SQL: SHOW COLUMNS FROM `tp_brand` [ RunTime:0.0040s ]
SQL: SELECT * FROM `tp_goods` WHERE `id` = 20 LIMIT 1   [ RunTime:0.0010s ]
SQL: SELECT `id`,`brand_name` FROM `tp_brand` WHERE ( is_delete = 0 )  [ RunTime:0.0000s ]
NOTIC: [2048] Declaration of Admin\Model\CategoryModel::_before_delete() should be compatible with Think\Model::_before_delete($options) D:\xampp\htdocs\thinkphp\Application\Admin\Model\CategoryModel.class.php 第 135 行.
SQL: SHOW COLUMNS FROM `tp_category` [ RunTime:0.0050s ]
SQL: SELECT * FROM `tp_category` WHERE ( is_delete = 0 )  [ RunTime:0.0000s ]
INFO: [ view_parse ] --START--
INFO: [ template_filter ] --START--
INFO: Run Behavior\ContentReplaceBehavior [ RunTime:0.001000s ]
INFO: [ template_filter ] --END-- [ RunTime:0.001000s ]
INFO: Run Behavior\ParseTemplateBehavior [ RunTime:0.011000s ]
INFO: [ view_parse ] --END-- [ RunTime:0.011000s ]
INFO: [ view_filter ] --START--
INFO: Run Behavior\WriteHtmlCacheBehavior [ RunTime:0.000000s ]
INFO: [ view_filter ] --END-- [ RunTime:0.000000s ]
INFO: [ app_end ] --START--
INFO: Run Behavior\ShowPageTraceBehavior [ RunTime:0.001000s ]
INFO: [ app_end ] --END-- [ RunTime:0.001000s ]

[ 2017-04-21T08:27:59+08:00 ] 127.0.0.1 /index.php/Admin/Goods/add
INFO: [ app_init ] --START--
INFO: Run Behavior\BuildLiteBehavior [ RunTime:0.000000s ]
INFO: [ app_init ] --END-- [ RunTime:0.001000s ]
INFO: [ app_begin ] --START--
INFO: Run Behavior\ReadHtmlCacheBehavior [ RunTime:0.001000s ]
INFO: [ app_begin ] --END-- [ RunTime:0.001000s ]
NOTIC: [8] A session had already been started - ignoring session_start() D:\xampp\htdocs\thinkphp\ThinkPHP\Common\functions.php 第 1263 行.
SQL: SHOW COLUMNS FROM `tp_brand` [ RunTime:0.9031s ]
SQL: SELECT `id`,`brand_name` FROM `tp_brand` WHERE ( is_delete = 0 )  [ RunTime:0.0020s ]
NOTIC: [2048] Declaration of Admin\Model\CategoryModel::_before_delete() should be compatible with Think\Model::_before_delete($options) D:\xampp\htdocs\thinkphp\Application\Admin\Model\CategoryModel.class.php 第 135 行.
SQL: SHOW COLUMNS FROM `tp_category` [ RunTime:0.0340s ]
SQL: SHOW COLUMNS FROM `tp_category` [ RunTime:0.0050s ]
SQL: SELECT * FROM `tp_category` WHERE ( is_delete = 0 )  [ RunTime:0.0000s ]
SQL: SHOW COLUMNS FROM `tp_member_level` [ RunTime:0.0840s ]
SQL: SELECT `id`,`level_name`,`bottom`,`top` FROM `tp_member_level` WHERE ( is_delete = 0 )  [ RunTime:0.0000s ]
INFO: [ view_parse ] --START--
INFO: [ template_filter ] --START--
INFO: Run Behavior\ContentReplaceBehavior [ RunTime:0.000000s ]
INFO: [ template_filter ] --END-- [ RunTime:0.000000s ]
NOTIC: [8] Undefined index: cat_level D:\xampp\htdocs\thinkphp\Application\Runtime\Cache\Admin\346dfcdf6ec8d3c93d33b5eb4f636a21.php 第 53 行.
NOTIC: [8] Undefined index: cat_level D:\xampp\htdocs\thinkphp\Application\Runtime\Cache\Admin\346dfcdf6ec8d3c93d33b5eb4f636a21.php 第 53 行.
NOTIC: [8] Undefined index: cat_level D:\xampp\htdocs\thinkphp\Application\Runtime\Cache\Admin\346dfcdf6ec8d3c93d33b5eb4f636a21.php 第 53 行.
NOTIC: [8] Undefined index: cat_level D:\xampp\htdocs\thinkphp\Application\Runtime\Cache\Admin\346dfcdf6ec8d3c93d33b5eb4f636a21.php 第 53 行.
NOTIC: [8] Undefined index: cat_level D:\xampp\htdocs\thinkphp\Application\Runtime\Cache\Admin\346dfcdf6ec8d3c93d33b5eb4f636a21.php 第 53 行.
NOTIC: [8] Undefined index: cat_level D:\xampp\htdocs\thinkphp\Application\Runtime\Cache\Admin\346dfcdf6ec8d3c93d33b5eb4f636a21.php 第 53 行.
NOTIC: [8] Undefined index: cat_level D:\xampp\htdocs\thinkphp\Application\Runtime\Cache\Admin\346dfcdf6ec8d3c93d33b5eb4f636a21.php 第 53 行.
NOTIC: [8] Undefined index: cat_level D:\xampp\htdocs\thinkphp\Application\Runtime\Cache\Admin\346dfcdf6ec8d3c93d33b5eb4f636a21.php 第 53 行.
NOTIC: [8] Undefined index: cat_level D:\xampp\htdocs\thinkphp\Application\Runtime\Cache\Admin\346dfcdf6ec8d3c93d33b5eb4f636a21.php 第 53 行.
NOTIC: [8] Undefined index: cat_level D:\xampp\htdocs\thinkphp\Application\Runtime\Cache\Admin\346dfcdf6ec8d3c93d33b5eb4f636a21.php 第 53 行.
NOTIC: [8] Undefined index: cat_level D:\xampp\htdocs\thinkphp\Application\Runtime\Cache\Admin\346dfcdf6ec8d3c93d33b5eb4f636a21.php 第 53 行.
NOTIC: [8] Undefined index: cat_level D:\xampp\htdocs\thinkphp\Application\Runtime\Cache\Admin\346dfcdf6ec8d3c93d33b5eb4f636a21.php 第 53 行.
NOTIC: [8] Undefined index: cat_level D:\xampp\htdocs\thinkphp\Application\Runtime\Cache\Admin\346dfcdf6ec8d3c93d33b5eb4f636a21.php 第 53 行.
NOTIC: [8] Undefined index: cat_level D:\xampp\htdocs\thinkphp\Application\Runtime\Cache\Admin\346dfcdf6ec8d3c93d33b5eb4f636a21.php 第 53 行.
NOTIC: [8] Undefined index: cat_level D:\xampp\htdocs\thinkphp\Application\Runtime\Cache\Admin\346dfcdf6ec8d3c93d33b5eb4f636a21.php 第 53 行.
NOTIC: [8] Undefined index: cat_level D:\xampp\htdocs\thinkphp\Application\Runtime\Cache\Admin\346dfcdf6ec8d3c93d33b5eb4f636a21.php 第 53 行.
NOTIC: [8] Undefined index: cat_level D:\xampp\htdocs\thinkphp\Application\Runtime\Cache\Admin\346dfcdf6ec8d3c93d33b5eb4f636a21.php 第 53 行.
NOTIC: [8] Undefined index: cat_level D:\xampp\htdocs\thinkphp\Application\Runtime\Cache\Admin\346dfcdf6ec8d3c93d33b5eb4f636a21.php 第 53 行.
NOTIC: [8] Undefined index: cat_level D:\xampp\htdocs\thinkphp\Application\Runtime\Cache\Admin\346dfcdf6ec8d3c93d33b5eb4f636a21.php 第 53 行.
NOTIC: [8] Undefined index: cat_level D:\xampp\htdocs\thinkphp\Application\Runtime\Cache\Admin\346dfcdf6ec8d3c93d33b5eb4f636a21.php 第 53 行.
NOTIC: [8] Undefined index: cat_level D:\xampp\htdocs\thinkphp\Application\Runtime\Cache\Admin\346dfcdf6ec8d3c93d33b5eb4f636a21.php 第 53 行.
INFO: Run Behavior\ParseTemplateBehavior [ RunTime:0.015001s ]
INFO: [ view_parse ] --END-- [ RunTime:0.015001s ]
INFO: [ view_filter ] --START--
INFO: Run Behavior\WriteHtmlCacheBehavior [ RunTime:0.000000s ]
INFO: [ view_filter ] --END-- [ RunTime:0.000000s ]
INFO: [ app_end ] --START--
INFO: Run Behavior\ShowPageTraceBehavior [ RunTime:0.001000s ]
INFO: [ app_end ] --END-- [ RunTime:0.001000s ]

[ 2017-04-21T08:37:39+08:00 ] 127.0.0.1 /index.php/Admin/Goods/add
WARN: My  Name is  YuLiang 
[ 2017-04-21T08:37:39+08:00 ] 127.0.0.1 /index.php/Admin/Goods/add
INFO: [ app_init ] --START--
INFO: Run Behavior\BuildLiteBehavior [ RunTime:0.000000s ]
INFO: [ app_init ] --END-- [ RunTime:0.000000s ]
INFO: [ app_begin ] --START--
INFO: Run Behavior\ReadHtmlCacheBehavior [ RunTime:0.001000s ]
INFO: [ app_begin ] --END-- [ RunTime:0.001000s ]
NOTIC: [8] A session had already been started - ignoring session_start() D:\xampp\htdocs\thinkphp\ThinkPHP\Common\functions.php 第 1263 行.
WARN: GoodsController   Add  
WARN: GoodsController   Add 2222 
SQL: SHOW COLUMNS FROM `tp_brand` [ RunTime:0.0060s ]
SQL: SELECT `id`,`brand_name` FROM `tp_brand` WHERE ( is_delete = 0 )  [ RunTime:0.0010s ]
NOTIC: [2048] Declaration of Admin\Model\CategoryModel::_before_delete() should be compatible with Think\Model::_before_delete($options) D:\xampp\htdocs\thinkphp\Application\Admin\Model\CategoryModel.class.php 第 135 行.
SQL: SHOW COLUMNS FROM `tp_category` [ RunTime:0.0060s ]
SQL: SHOW COLUMNS FROM `tp_category` [ RunTime:0.0050s ]
SQL: SELECT * FROM `tp_category` WHERE ( is_delete = 0 )  [ RunTime:0.0010s ]
SQL: SHOW COLUMNS FROM `tp_member_level` [ RunTime:0.0070s ]
SQL: SELECT `id`,`level_name`,`bottom`,`top` FROM `tp_member_level` WHERE ( is_delete = 0 )  [ RunTime:0.0000s ]
INFO: [ view_parse ] --START--
INFO: [ template_filter ] --START--
INFO: Run Behavior\ContentReplaceBehavior [ RunTime:0.000000s ]
INFO: [ template_filter ] --END-- [ RunTime:0.000000s ]
NOTIC: [8] Undefined index: cat_level D:\xampp\htdocs\thinkphp\Application\Runtime\Cache\Admin\346dfcdf6ec8d3c93d33b5eb4f636a21.php 第 53 行.
NOTIC: [8] Undefined index: cat_level D:\xampp\htdocs\thinkphp\Application\Runtime\Cache\Admin\346dfcdf6ec8d3c93d33b5eb4f636a21.php 第 53 行.
NOTIC: [8] Undefined index: cat_level D:\xampp\htdocs\thinkphp\Application\Runtime\Cache\Admin\346dfcdf6ec8d3c93d33b5eb4f636a21.php 第 53 行.
NOTIC: [8] Undefined index: cat_level D:\xampp\htdocs\thinkphp\Application\Runtime\Cache\Admin\346dfcdf6ec8d3c93d33b5eb4f636a21.php 第 53 行.
NOTIC: [8] Undefined index: cat_level D:\xampp\htdocs\thinkphp\Application\Runtime\Cache\Admin\346dfcdf6ec8d3c93d33b5eb4f636a21.php 第 53 行.
NOTIC: [8] Undefined index: cat_level D:\xampp\htdocs\thinkphp\Application\Runtime\Cache\Admin\346dfcdf6ec8d3c93d33b5eb4f636a21.php 第 53 行.
NOTIC: [8] Undefined index: cat_level D:\xampp\htdocs\thinkphp\Application\Runtime\Cache\Admin\346dfcdf6ec8d3c93d33b5eb4f636a21.php 第 53 行.
NOTIC: [8] Undefined index: cat_level D:\xampp\htdocs\thinkphp\Application\Runtime\Cache\Admin\346dfcdf6ec8d3c93d33b5eb4f636a21.php 第 53 行.
NOTIC: [8] Undefined index: cat_level D:\xampp\htdocs\thinkphp\Application\Runtime\Cache\Admin\346dfcdf6ec8d3c93d33b5eb4f636a21.php 第 53 行.
NOTIC: [8] Undefined index: cat_level D:\xampp\htdocs\thinkphp\Application\Runtime\Cache\Admin\346dfcdf6ec8d3c93d33b5eb4f636a21.php 第 53 行.
NOTIC: [8] Undefined index: cat_level D:\xampp\htdocs\thinkphp\Application\Runtime\Cache\Admin\346dfcdf6ec8d3c93d33b5eb4f636a21.php 第 53 行.
NOTIC: [8] Undefined index: cat_level D:\xampp\htdocs\thinkphp\Application\Runtime\Cache\Admin\346dfcdf6ec8d3c93d33b5eb4f636a21.php 第 53 行.
NOTIC: [8] Undefined index: cat_level D:\xampp\htdocs\thinkphp\Application\Runtime\Cache\Admin\346dfcdf6ec8d3c93d33b5eb4f636a21.php 第 53 行.
NOTIC: [8] Undefined index: cat_level D:\xampp\htdocs\thinkphp\Application\Runtime\Cache\Admin\346dfcdf6ec8d3c93d33b5eb4f636a21.php 第 53 行.
NOTIC: [8] Undefined index: cat_level D:\xampp\htdocs\thinkphp\Application\Runtime\Cache\Admin\346dfcdf6ec8d3c93d33b5eb4f636a21.php 第 53 行.
NOTIC: [8] Undefined index: cat_level D:\xampp\htdocs\thinkphp\Application\Runtime\Cache\Admin\346dfcdf6ec8d3c93d33b5eb4f636a21.php 第 53 行.
NOTIC: [8] Undefined index: cat_level D:\xampp\htdocs\thinkphp\Application\Runtime\Cache\Admin\346dfcdf6ec8d3c93d33b5eb4f636a21.php 第 53 行.
NOTIC: [8] Undefined index: cat_level D:\xampp\htdocs\thinkphp\Application\Runtime\Cache\Admin\346dfcdf6ec8d3c93d33b5eb4f636a21.php 第 53 行.
NOTIC: [8] Undefined index: cat_level D:\xampp\htdocs\thinkphp\Application\Runtime\Cache\Admin\346dfcdf6ec8d3c93d33b5eb4f636a21.php 第 53 行.
NOTIC: [8] Undefined index: cat_level D:\xampp\htdocs\thinkphp\Application\Runtime\Cache\Admin\346dfcdf6ec8d3c93d33b5eb4f636a21.php 第 53 行.
NOTIC: [8] Undefined index: cat_level D:\xampp\htdocs\thinkphp\Application\Runtime\Cache\Admin\346dfcdf6ec8d3c93d33b5eb4f636a21.php 第 53 行.
INFO: Run Behavior\ParseTemplateBehavior [ RunTime:0.013001s ]
INFO: [ view_parse ] --END-- [ RunTime:0.013001s ]
INFO: [ view_filter ] --START--
INFO: Run Behavior\WriteHtmlCacheBehavior [ RunTime:0.001000s ]
INFO: [ view_filter ] --END-- [ RunTime:0.001000s ]
INFO: [ app_end ] --START--
INFO: Run Behavior\ShowPageTraceBehavior [ RunTime:0.001000s ]
INFO: [ app_end ] --END-- [ RunTime:0.001000s ]

