[ 2017-04-27T00:02:22+08:00 ] 127.0.0.1 /index.php/Admin/goods/add.html
INFO: [ app_init ] --START--
INFO: Run Behavior\BuildLiteBehavior [ RunTime:0.000000s ]
INFO: [ app_init ] --END-- [ RunTime:0.001000s ]
INFO: [ app_begin ] --START--
INFO: Run Behavior\ReadHtmlCacheBehavior [ RunTime:0.001000s ]
INFO: [ app_begin ] --END-- [ RunTime:0.001000s ]
NOTIC: [8] A session had already been started - ignoring session_start() D:\xampp\htdocs\thinkphp\ThinkPHP\Common\functions.php 第 1263 行.
SQL: SHOW COLUMNS FROM `tp_brand` [ RunTime:0.0040s ]
SQL: SELECT `id`,`brand_name` FROM `tp_brand` WHERE ( is_delete = 0 )  [ RunTime:0.0000s ]
NOTIC: [2048] Declaration of Admin\Model\CategoryModel::_before_delete() should be compatible with Think\Model::_before_delete($options) D:\xampp\htdocs\thinkphp\Application\Admin\Model\CategoryModel.class.php 第 135 行.
SQL: SHOW COLUMNS FROM `tp_category` [ RunTime:0.0040s ]
SQL: SHOW COLUMNS FROM `tp_category` [ RunTime:0.0050s ]
SQL: SELECT * FROM `tp_category` WHERE ( is_delete = 0 )  [ RunTime:0.0020s ]
SQL: SHOW COLUMNS FROM `tp_member_level` [ RunTime:0.0040s ]
SQL: SELECT `id`,`level_name`,`bottom`,`top` FROM `tp_member_level` WHERE ( is_delete = 0 )  [ RunTime:0.0010s ]
INFO: [ view_parse ] --START--
INFO: [ template_filter ] --START--
INFO: Run Behavior\ContentReplaceBehavior [ RunTime:0.000000s ]
INFO: [ template_filter ] --END-- [ RunTime:0.000000s ]
NOTIC: [8] Undefined index: cat_level D:\xampp\htdocs\thinkphp\Application\Runtime\Cache\Admin\346dfcdf6ec8d3c93d33b5eb4f636a21.php 第 64 行.
NOTIC: [8] Undefined index: cat_level D:\xampp\htdocs\thinkphp\Application\Runtime\Cache\Admin\346dfcdf6ec8d3c93d33b5eb4f636a21.php 第 64 行.
NOTIC: [8] Undefined index: cat_level D:\xampp\htdocs\thinkphp\Application\Runtime\Cache\Admin\346dfcdf6ec8d3c93d33b5eb4f636a21.php 第 64 行.
NOTIC: [8] Undefined index: cat_level D:\xampp\htdocs\thinkphp\Application\Runtime\Cache\Admin\346dfcdf6ec8d3c93d33b5eb4f636a21.php 第 64 行.
NOTIC: [8] Undefined index: cat_level D:\xampp\htdocs\thinkphp\Application\Runtime\Cache\Admin\346dfcdf6ec8d3c93d33b5eb4f636a21.php 第 64 行.
NOTIC: [8] Undefined index: cat_level D:\xampp\htdocs\thinkphp\Application\Runtime\Cache\Admin\346dfcdf6ec8d3c93d33b5eb4f636a21.php 第 64 行.
NOTIC: [8] Undefined index: cat_level D:\xampp\htdocs\thinkphp\Application\Runtime\Cache\Admin\346dfcdf6ec8d3c93d33b5eb4f636a21.php 第 64 行.
NOTIC: [8] Undefined index: cat_level D:\xampp\htdocs\thinkphp\Application\Runtime\Cache\Admin\346dfcdf6ec8d3c93d33b5eb4f636a21.php 第 64 行.
NOTIC: [8] Undefined index: cat_level D:\xampp\htdocs\thinkphp\Application\Runtime\Cache\Admin\346dfcdf6ec8d3c93d33b5eb4f636a21.php 第 64 行.
NOTIC: [8] Undefined index: cat_level D:\xampp\htdocs\thinkphp\Application\Runtime\Cache\Admin\346dfcdf6ec8d3c93d33b5eb4f636a21.php 第 64 行.
NOTIC: [8] Undefined index: cat_level D:\xampp\htdocs\thinkphp\Application\Runtime\Cache\Admin\346dfcdf6ec8d3c93d33b5eb4f636a21.php 第 64 行.
NOTIC: [8] Undefined index: cat_level D:\xampp\htdocs\thinkphp\Application\Runtime\Cache\Admin\346dfcdf6ec8d3c93d33b5eb4f636a21.php 第 64 行.
NOTIC: [8] Undefined index: cat_level D:\xampp\htdocs\thinkphp\Application\Runtime\Cache\Admin\346dfcdf6ec8d3c93d33b5eb4f636a21.php 第 64 行.
NOTIC: [8] Undefined index: cat_level D:\xampp\htdocs\thinkphp\Application\Runtime\Cache\Admin\346dfcdf6ec8d3c93d33b5eb4f636a21.php 第 64 行.
NOTIC: [8] Undefined index: cat_level D:\xampp\htdocs\thinkphp\Application\Runtime\Cache\Admin\346dfcdf6ec8d3c93d33b5eb4f636a21.php 第 64 行.
NOTIC: [8] Undefined index: cat_level D:\xampp\htdocs\thinkphp\Application\Runtime\Cache\Admin\346dfcdf6ec8d3c93d33b5eb4f636a21.php 第 64 行.
NOTIC: [8] Undefined index: cat_level D:\xampp\htdocs\thinkphp\Application\Runtime\Cache\Admin\346dfcdf6ec8d3c93d33b5eb4f636a21.php 第 64 行.
NOTIC: [8] Undefined index: cat_level D:\xampp\htdocs\thinkphp\Application\Runtime\Cache\Admin\346dfcdf6ec8d3c93d33b5eb4f636a21.php 第 64 行.
NOTIC: [8] Undefined index: cat_level D:\xampp\htdocs\thinkphp\Application\Runtime\Cache\Admin\346dfcdf6ec8d3c93d33b5eb4f636a21.php 第 64 行.
NOTIC: [8] Undefined index: cat_level D:\xampp\htdocs\thinkphp\Application\Runtime\Cache\Admin\346dfcdf6ec8d3c93d33b5eb4f636a21.php 第 64 行.
NOTIC: [8] Undefined index: cat_level D:\xampp\htdocs\thinkphp\Application\Runtime\Cache\Admin\346dfcdf6ec8d3c93d33b5eb4f636a21.php 第 64 行.
NOTIC: [8] Undefined index: cat_level D:\xampp\htdocs\thinkphp\Application\Runtime\Cache\Admin\346dfcdf6ec8d3c93d33b5eb4f636a21.php 第 79 行.
NOTIC: [8] Undefined index: cat_level D:\xampp\htdocs\thinkphp\Application\Runtime\Cache\Admin\346dfcdf6ec8d3c93d33b5eb4f636a21.php 第 79 行.
NOTIC: [8] Undefined index: cat_level D:\xampp\htdocs\thinkphp\Application\Runtime\Cache\Admin\346dfcdf6ec8d3c93d33b5eb4f636a21.php 第 79 行.
NOTIC: [8] Undefined index: cat_level D:\xampp\htdocs\thinkphp\Application\Runtime\Cache\Admin\346dfcdf6ec8d3c93d33b5eb4f636a21.php 第 79 行.
NOTIC: [8] Undefined index: cat_level D:\xampp\htdocs\thinkphp\Application\Runtime\Cache\Admin\346dfcdf6ec8d3c93d33b5eb4f636a21.php 第 79 行.
NOTIC: [8] Undefined index: cat_level D:\xampp\htdocs\thinkphp\Application\Runtime\Cache\Admin\346dfcdf6ec8d3c93d33b5eb4f636a21.php 第 79 行.
NOTIC: [8] Undefined index: cat_level D:\xampp\htdocs\thinkphp\Application\Runtime\Cache\Admin\346dfcdf6ec8d3c93d33b5eb4f636a21.php 第 79 行.
NOTIC: [8] Undefined index: cat_level D:\xampp\htdocs\thinkphp\Application\Runtime\Cache\Admin\346dfcdf6ec8d3c93d33b5eb4f636a21.php 第 79 行.
NOTIC: [8] Undefined index: cat_level D:\xampp\htdocs\thinkphp\Application\Runtime\Cache\Admin\346dfcdf6ec8d3c93d33b5eb4f636a21.php 第 79 行.
NOTIC: [8] Undefined index: cat_level D:\xampp\htdocs\thinkphp\Application\Runtime\Cache\Admin\346dfcdf6ec8d3c93d33b5eb4f636a21.php 第 79 行.
NOTIC: [8] Undefined index: cat_level D:\xampp\htdocs\thinkphp\Application\Runtime\Cache\Admin\346dfcdf6ec8d3c93d33b5eb4f636a21.php 第 79 行.
NOTIC: [8] Undefined index: cat_level D:\xampp\htdocs\thinkphp\Application\Runtime\Cache\Admin\346dfcdf6ec8d3c93d33b5eb4f636a21.php 第 79 行.
NOTIC: [8] Undefined index: cat_level D:\xampp\htdocs\thinkphp\Application\Runtime\Cache\Admin\346dfcdf6ec8d3c93d33b5eb4f636a21.php 第 79 行.
NOTIC: [8] Undefined index: cat_level D:\xampp\htdocs\thinkphp\Application\Runtime\Cache\Admin\346dfcdf6ec8d3c93d33b5eb4f636a21.php 第 79 行.
NOTIC: [8] Undefined index: cat_level D:\xampp\htdocs\thinkphp\Application\Runtime\Cache\Admin\346dfcdf6ec8d3c93d33b5eb4f636a21.php 第 79 行.
NOTIC: [8] Undefined index: cat_level D:\xampp\htdocs\thinkphp\Application\Runtime\Cache\Admin\346dfcdf6ec8d3c93d33b5eb4f636a21.php 第 79 行.
NOTIC: [8] Undefined index: cat_level D:\xampp\htdocs\thinkphp\Application\Runtime\Cache\Admin\346dfcdf6ec8d3c93d33b5eb4f636a21.php 第 79 行.
NOTIC: [8] Undefined index: cat_level D:\xampp\htdocs\thinkphp\Application\Runtime\Cache\Admin\346dfcdf6ec8d3c93d33b5eb4f636a21.php 第 79 行.
NOTIC: [8] Undefined index: cat_level D:\xampp\htdocs\thinkphp\Application\Runtime\Cache\Admin\346dfcdf6ec8d3c93d33b5eb4f636a21.php 第 79 行.
NOTIC: [8] Undefined index: cat_level D:\xampp\htdocs\thinkphp\Application\Runtime\Cache\Admin\346dfcdf6ec8d3c93d33b5eb4f636a21.php 第 79 行.
NOTIC: [8] Undefined index: cat_level D:\xampp\htdocs\thinkphp\Application\Runtime\Cache\Admin\346dfcdf6ec8d3c93d33b5eb4f636a21.php 第 79 行.
INFO: Run Behavior\ParseTemplateBehavior [ RunTime:0.016001s ]
INFO: [ view_parse ] --END-- [ RunTime:0.016001s ]
INFO: [ view_filter ] --START--
INFO: Run Behavior\WriteHtmlCacheBehavior [ RunTime:0.000000s ]
INFO: [ view_filter ] --END-- [ RunTime:0.000000s ]
INFO: [ app_end ] --START--
INFO: Run Behavior\ShowPageTraceBehavior [ RunTime:0.001000s ]
INFO: [ app_end ] --END-- [ RunTime:0.001000s ]

[ 2017-04-27T00:03:36+08:00 ] 127.0.0.1 /index.php/Admin/goods/add.html
INFO: [ app_init ] --START--
INFO: Run Behavior\BuildLiteBehavior [ RunTime:0.000000s ]
INFO: [ app_init ] --END-- [ RunTime:0.001000s ]
INFO: [ app_begin ] --START--
INFO: Run Behavior\ReadHtmlCacheBehavior [ RunTime:0.001001s ]
INFO: [ app_begin ] --END-- [ RunTime:0.001001s ]
NOTIC: [8] A session had already been started - ignoring session_start() D:\xampp\htdocs\thinkphp\ThinkPHP\Common\functions.php 第 1263 行.
SQL: SHOW COLUMNS FROM `tp_brand` [ RunTime:0.0040s ]
SQL: SELECT `id`,`brand_name` FROM `tp_brand` WHERE ( is_delete = 0 )  [ RunTime:0.0000s ]
NOTIC: [2048] Declaration of Admin\Model\CategoryModel::_before_delete() should be compatible with Think\Model::_before_delete($options) D:\xampp\htdocs\thinkphp\Application\Admin\Model\CategoryModel.class.php 第 135 行.
SQL: SHOW COLUMNS FROM `tp_category` [ RunTime:0.0060s ]
SQL: SHOW COLUMNS FROM `tp_category` [ RunTime:0.0050s ]
SQL: SELECT * FROM `tp_category` WHERE ( is_delete = 0 )  [ RunTime:0.0010s ]
SQL: SHOW COLUMNS FROM `tp_member_level` [ RunTime:0.0040s ]
SQL: SELECT `id`,`level_name`,`bottom`,`top` FROM `tp_member_level` WHERE ( is_delete = 0 )  [ RunTime:0.0010s ]
INFO: [ view_parse ] --START--
INFO: [ template_filter ] --START--
INFO: Run Behavior\ContentReplaceBehavior [ RunTime:0.000000s ]
INFO: [ template_filter ] --END-- [ RunTime:0.001001s ]
NOTIC: [8] Undefined index: cat_level D:\xampp\htdocs\thinkphp\Application\Runtime\Cache\Admin\346dfcdf6ec8d3c93d33b5eb4f636a21.php 第 64 行.
NOTIC: [8] Undefined index: cat_level D:\xampp\htdocs\thinkphp\Application\Runtime\Cache\Admin\346dfcdf6ec8d3c93d33b5eb4f636a21.php 第 64 行.
NOTIC: [8] Undefined index: cat_level D:\xampp\htdocs\thinkphp\Application\Runtime\Cache\Admin\346dfcdf6ec8d3c93d33b5eb4f636a21.php 第 64 行.
NOTIC: [8] Undefined index: cat_level D:\xampp\htdocs\thinkphp\Application\Runtime\Cache\Admin\346dfcdf6ec8d3c93d33b5eb4f636a21.php 第 64 行.
NOTIC: [8] Undefined index: cat_level D:\xampp\htdocs\thinkphp\Application\Runtime\Cache\Admin\346dfcdf6ec8d3c93d33b5eb4f636a21.php 第 64 行.
NOTIC: [8] Undefined index: cat_level D:\xampp\htdocs\thinkphp\Application\Runtime\Cache\Admin\346dfcdf6ec8d3c93d33b5eb4f636a21.php 第 64 行.
NOTIC: [8] Undefined index: cat_level D:\xampp\htdocs\thinkphp\Application\Runtime\Cache\Admin\346dfcdf6ec8d3c93d33b5eb4f636a21.php 第 64 行.
NOTIC: [8] Undefined index: cat_level D:\xampp\htdocs\thinkphp\Application\Runtime\Cache\Admin\346dfcdf6ec8d3c93d33b5eb4f636a21.php 第 64 行.
NOTIC: [8] Undefined index: cat_level D:\xampp\htdocs\thinkphp\Application\Runtime\Cache\Admin\346dfcdf6ec8d3c93d33b5eb4f636a21.php 第 64 行.
NOTIC: [8] Undefined index: cat_level D:\xampp\htdocs\thinkphp\Application\Runtime\Cache\Admin\346dfcdf6ec8d3c93d33b5eb4f636a21.php 第 64 行.
NOTIC: [8] Undefined index: cat_level D:\xampp\htdocs\thinkphp\Application\Runtime\Cache\Admin\346dfcdf6ec8d3c93d33b5eb4f636a21.php 第 64 行.
NOTIC: [8] Undefined index: cat_level D:\xampp\htdocs\thinkphp\Application\Runtime\Cache\Admin\346dfcdf6ec8d3c93d33b5eb4f636a21.php 第 64 行.
NOTIC: [8] Undefined index: cat_level D:\xampp\htdocs\thinkphp\Application\Runtime\Cache\Admin\346dfcdf6ec8d3c93d33b5eb4f636a21.php 第 64 行.
NOTIC: [8] Undefined index: cat_level D:\xampp\htdocs\thinkphp\Application\Runtime\Cache\Admin\346dfcdf6ec8d3c93d33b5eb4f636a21.php 第 64 行.
NOTIC: [8] Undefined index: cat_level D:\xampp\htdocs\thinkphp\Application\Runtime\Cache\Admin\346dfcdf6ec8d3c93d33b5eb4f636a21.php 第 64 行.
NOTIC: [8] Undefined index: cat_level D:\xampp\htdocs\thinkphp\Application\Runtime\Cache\Admin\346dfcdf6ec8d3c93d33b5eb4f636a21.php 第 64 行.
NOTIC: [8] Undefined index: cat_level D:\xampp\htdocs\thinkphp\Application\Runtime\Cache\Admin\346dfcdf6ec8d3c93d33b5eb4f636a21.php 第 64 行.
NOTIC: [8] Undefined index: cat_level D:\xampp\htdocs\thinkphp\Application\Runtime\Cache\Admin\346dfcdf6ec8d3c93d33b5eb4f636a21.php 第 64 行.
NOTIC: [8] Undefined index: cat_level D:\xampp\htdocs\thinkphp\Application\Runtime\Cache\Admin\346dfcdf6ec8d3c93d33b5eb4f636a21.php 第 64 行.
NOTIC: [8] Undefined index: cat_level D:\xampp\htdocs\thinkphp\Application\Runtime\Cache\Admin\346dfcdf6ec8d3c93d33b5eb4f636a21.php 第 64 行.
NOTIC: [8] Undefined index: cat_level D:\xampp\htdocs\thinkphp\Application\Runtime\Cache\Admin\346dfcdf6ec8d3c93d33b5eb4f636a21.php 第 64 行.
NOTIC: [8] Undefined index: cat_level D:\xampp\htdocs\thinkphp\Application\Runtime\Cache\Admin\346dfcdf6ec8d3c93d33b5eb4f636a21.php 第 79 行.
NOTIC: [8] Undefined index: cat_level D:\xampp\htdocs\thinkphp\Application\Runtime\Cache\Admin\346dfcdf6ec8d3c93d33b5eb4f636a21.php 第 79 行.
NOTIC: [8] Undefined index: cat_level D:\xampp\htdocs\thinkphp\Application\Runtime\Cache\Admin\346dfcdf6ec8d3c93d33b5eb4f636a21.php 第 79 行.
NOTIC: [8] Undefined index: cat_level D:\xampp\htdocs\thinkphp\Application\Runtime\Cache\Admin\346dfcdf6ec8d3c93d33b5eb4f636a21.php 第 79 行.
NOTIC: [8] Undefined index: cat_level D:\xampp\htdocs\thinkphp\Application\Runtime\Cache\Admin\346dfcdf6ec8d3c93d33b5eb4f636a21.php 第 79 行.
NOTIC: [8] Undefined index: cat_level D:\xampp\htdocs\thinkphp\Application\Runtime\Cache\Admin\346dfcdf6ec8d3c93d33b5eb4f636a21.php 第 79 行.
NOTIC: [8] Undefined index: cat_level D:\xampp\htdocs\thinkphp\Application\Runtime\Cache\Admin\346dfcdf6ec8d3c93d33b5eb4f636a21.php 第 79 行.
NOTIC: [8] Undefined index: cat_level D:\xampp\htdocs\thinkphp\Application\Runtime\Cache\Admin\346dfcdf6ec8d3c93d33b5eb4f636a21.php 第 79 行.
NOTIC: [8] Undefined index: cat_level D:\xampp\htdocs\thinkphp\Application\Runtime\Cache\Admin\346dfcdf6ec8d3c93d33b5eb4f636a21.php 第 79 行.
NOTIC: [8] Undefined index: cat_level D:\xampp\htdocs\thinkphp\Application\Runtime\Cache\Admin\346dfcdf6ec8d3c93d33b5eb4f636a21.php 第 79 行.
NOTIC: [8] Undefined index: cat_level D:\xampp\htdocs\thinkphp\Application\Runtime\Cache\Admin\346dfcdf6ec8d3c93d33b5eb4f636a21.php 第 79 行.
NOTIC: [8] Undefined index: cat_level D:\xampp\htdocs\thinkphp\Application\Runtime\Cache\Admin\346dfcdf6ec8d3c93d33b5eb4f636a21.php 第 79 行.
NOTIC: [8] Undefined index: cat_level D:\xampp\htdocs\thinkphp\Application\Runtime\Cache\Admin\346dfcdf6ec8d3c93d33b5eb4f636a21.php 第 79 行.
NOTIC: [8] Undefined index: cat_level D:\xampp\htdocs\thinkphp\Application\Runtime\Cache\Admin\346dfcdf6ec8d3c93d33b5eb4f636a21.php 第 79 行.
NOTIC: [8] Undefined index: cat_level D:\xampp\htdocs\thinkphp\Application\Runtime\Cache\Admin\346dfcdf6ec8d3c93d33b5eb4f636a21.php 第 79 行.
NOTIC: [8] Undefined index: cat_level D:\xampp\htdocs\thinkphp\Application\Runtime\Cache\Admin\346dfcdf6ec8d3c93d33b5eb4f636a21.php 第 79 行.
NOTIC: [8] Undefined index: cat_level D:\xampp\htdocs\thinkphp\Application\Runtime\Cache\Admin\346dfcdf6ec8d3c93d33b5eb4f636a21.php 第 79 行.
NOTIC: [8] Undefined index: cat_level D:\xampp\htdocs\thinkphp\Application\Runtime\Cache\Admin\346dfcdf6ec8d3c93d33b5eb4f636a21.php 第 79 行.
NOTIC: [8] Undefined index: cat_level D:\xampp\htdocs\thinkphp\Application\Runtime\Cache\Admin\346dfcdf6ec8d3c93d33b5eb4f636a21.php 第 79 行.
NOTIC: [8] Undefined index: cat_level D:\xampp\htdocs\thinkphp\Application\Runtime\Cache\Admin\346dfcdf6ec8d3c93d33b5eb4f636a21.php 第 79 行.
NOTIC: [8] Undefined index: cat_level D:\xampp\htdocs\thinkphp\Application\Runtime\Cache\Admin\346dfcdf6ec8d3c93d33b5eb4f636a21.php 第 79 行.
NOTIC: [8] Undefined index: cat_level D:\xampp\htdocs\thinkphp\Application\Runtime\Cache\Admin\346dfcdf6ec8d3c93d33b5eb4f636a21.php 第 96 行.
NOTIC: [8] Undefined index: cat_level D:\xampp\htdocs\thinkphp\Application\Runtime\Cache\Admin\346dfcdf6ec8d3c93d33b5eb4f636a21.php 第 96 行.
NOTIC: [8] Undefined index: cat_level D:\xampp\htdocs\thinkphp\Application\Runtime\Cache\Admin\346dfcdf6ec8d3c93d33b5eb4f636a21.php 第 96 行.
NOTIC: [8] Undefined index: cat_level D:\xampp\htdocs\thinkphp\Application\Runtime\Cache\Admin\346dfcdf6ec8d3c93d33b5eb4f636a21.php 第 96 行.
NOTIC: [8] Undefined index: cat_level D:\xampp\htdocs\thinkphp\Application\Runtime\Cache\Admin\346dfcdf6ec8d3c93d33b5eb4f636a21.php 第 96 行.
NOTIC: [8] Undefined index: cat_level D:\xampp\htdocs\thinkphp\Application\Runtime\Cache\Admin\346dfcdf6ec8d3c93d33b5eb4f636a21.php 第 96 行.
NOTIC: [8] Undefined index: cat_level D:\xampp\htdocs\thinkphp\Application\Runtime\Cache\Admin\346dfcdf6ec8d3c93d33b5eb4f636a21.php 第 96 行.
NOTIC: [8] Undefined index: cat_level D:\xampp\htdocs\thinkphp\Application\Runtime\Cache\Admin\346dfcdf6ec8d3c93d33b5eb4f636a21.php 第 96 行.
NOTIC: [8] Undefined index: cat_level D:\xampp\htdocs\thinkphp\Application\Runtime\Cache\Admin\346dfcdf6ec8d3c93d33b5eb4f636a21.php 第 96 行.
NOTIC: [8] Undefined index: cat_level D:\xampp\htdocs\thinkphp\Application\Runtime\Cache\Admin\346dfcdf6ec8d3c93d33b5eb4f636a21.php 第 96 行.
NOTIC: [8] Undefined index: cat_level D:\xampp\htdocs\thinkphp\Application\Runtime\Cache\Admin\346dfcdf6ec8d3c93d33b5eb4f636a21.php 第 96 行.
NOTIC: [8] Undefined index: cat_level D:\xampp\htdocs\thinkphp\Application\Runtime\Cache\Admin\346dfcdf6ec8d3c93d33b5eb4f636a21.php 第 96 行.
NOTIC: [8] Undefined index: cat_level D:\xampp\htdocs\thinkphp\Application\Runtime\Cache\Admin\346dfcdf6ec8d3c93d33b5eb4f636a21.php 第 96 行.
NOTIC: [8] Undefined index: cat_level D:\xampp\htdocs\thinkphp\Application\Runtime\Cache\Admin\346dfcdf6ec8d3c93d33b5eb4f636a21.php 第 96 行.
NOTIC: [8] Undefined index: cat_level D:\xampp\htdocs\thinkphp\Application\Runtime\Cache\Admin\346dfcdf6ec8d3c93d33b5eb4f636a21.php 第 96 行.
NOTIC: [8] Undefined index: cat_level D:\xampp\htdocs\thinkphp\Application\Runtime\Cache\Admin\346dfcdf6ec8d3c93d33b5eb4f636a21.php 第 96 行.
NOTIC: [8] Undefined index: cat_level D:\xampp\htdocs\thinkphp\Application\Runtime\Cache\Admin\346dfcdf6ec8d3c93d33b5eb4f636a21.php 第 96 行.
NOTIC: [8] Undefined index: cat_level D:\xampp\htdocs\thinkphp\Application\Runtime\Cache\Admin\346dfcdf6ec8d3c93d33b5eb4f636a21.php 第 96 行.
NOTIC: [8] Undefined index: cat_level D:\xampp\htdocs\thinkphp\Application\Runtime\Cache\Admin\346dfcdf6ec8d3c93d33b5eb4f636a21.php 第 96 行.
NOTIC: [8] Undefined index: cat_level D:\xampp\htdocs\thinkphp\Application\Runtime\Cache\Admin\346dfcdf6ec8d3c93d33b5eb4f636a21.php 第 96 行.
NOTIC: [8] Undefined index: cat_level D:\xampp\htdocs\thinkphp\Application\Runtime\Cache\Admin\346dfcdf6ec8d3c93d33b5eb4f636a21.php 第 96 行.
INFO: Run Behavior\ParseTemplateBehavior [ RunTime:0.014001s ]
INFO: [ view_parse ] --END-- [ RunTime:0.014001s ]
INFO: [ view_filter ] --START--
INFO: Run Behavior\WriteHtmlCacheBehavior [ RunTime:0.001000s ]
INFO: [ view_filter ] --END-- [ RunTime:0.001000s ]
INFO: [ app_end ] --START--
INFO: Run Behavior\ShowPageTraceBehavior [ RunTime:0.002000s ]
INFO: [ app_end ] --END-- [ RunTime:0.002000s ]

[ 2017-04-27T00:05:30+08:00 ] 127.0.0.1 /index.php/Admin/Goods/lst
INFO: [ app_init ] --START--
INFO: Run Behavior\BuildLiteBehavior [ RunTime:0.000000s ]
INFO: [ app_init ] --END-- [ RunTime:0.001000s ]
INFO: [ app_begin ] --START--
INFO: Run Behavior\ReadHtmlCacheBehavior [ RunTime:0.001000s ]
INFO: [ app_begin ] --END-- [ RunTime:0.001000s ]
NOTIC: [8] A session had already been started - ignoring session_start() D:\xampp\htdocs\thinkphp\ThinkPHP\Common\functions.php 第 1263 行.
NOTIC: [2048] Declaration of Admin\Model\GoodsModel::_before_delete() should be compatible with Think\Model::_before_delete($options) D:\xampp\htdocs\thinkphp\Application\Admin\Model\GoodsModel.class.php 第 9 行.
SQL: SHOW COLUMNS FROM `tp_goods` [ RunTime:0.0050s ]
SQL: SHOW COLUMNS FROM `tp_brand` [ RunTime:0.0050s ]
SQL: SHOW COLUMNS FROM `tp_goods` [ RunTime:0.0040s ]
SQL: SELECT COUNT(*) AS tp_count FROM `tp_goods` WHERE ( is_delete = "否"  ) LIMIT 1   [ RunTime:0.0000s ]
SQL: SELECT a.*,b.brand_name,c.cat_name,group_concat(ct.cat_name  separator "<br/>")  ext_cat_name FROM tp_goods a left join tp_brand  b on  a.brand_id = b.id
                                left join tp_category  c on a.cat_id = c.id 
                                 left join  tp_extend_category ext on  ext.goods_id = a.id 
                                 left join tp_category  ct  on ct.id= ext.cat_id    WHERE ( a.is_delete = "否"  ) GROUP BY a.id ORDER BY a.create_time  desc LIMIT 0,10   [ RunTime:0.0050s ]
SQL: SELECT `id`,`brand_name` FROM `tp_brand` WHERE ( is_delete = 0 )  [ RunTime:0.0000s ]
NOTIC: [2048] Declaration of Admin\Model\CategoryModel::_before_delete() should be compatible with Think\Model::_before_delete($options) D:\xampp\htdocs\thinkphp\Application\Admin\Model\CategoryModel.class.php 第 135 行.
SQL: SHOW COLUMNS FROM `tp_category` [ RunTime:0.0040s ]
SQL: SHOW COLUMNS FROM `tp_category` [ RunTime:0.0040s ]
SQL: SELECT * FROM `tp_category` WHERE ( is_delete = 0 )  [ RunTime:0.0000s ]
INFO: [ view_parse ] --START--
INFO: [ template_filter ] --START--
INFO: Run Behavior\ContentReplaceBehavior [ RunTime:0.000000s ]
INFO: [ template_filter ] --END-- [ RunTime:0.000000s ]
NOTIC: [8] Undefined index: cat_level D:\xampp\htdocs\thinkphp\Application\Runtime\Cache\Admin\12cf6a5c74297688873998de0720405d.php 第 46 行.
NOTIC: [8] Undefined index: cat_level D:\xampp\htdocs\thinkphp\Application\Runtime\Cache\Admin\12cf6a5c74297688873998de0720405d.php 第 46 行.
NOTIC: [8] Undefined index: cat_level D:\xampp\htdocs\thinkphp\Application\Runtime\Cache\Admin\12cf6a5c74297688873998de0720405d.php 第 46 行.
NOTIC: [8] Undefined index: cat_level D:\xampp\htdocs\thinkphp\Application\Runtime\Cache\Admin\12cf6a5c74297688873998de0720405d.php 第 46 行.
NOTIC: [8] Undefined index: cat_level D:\xampp\htdocs\thinkphp\Application\Runtime\Cache\Admin\12cf6a5c74297688873998de0720405d.php 第 46 行.
NOTIC: [8] Undefined index: cat_level D:\xampp\htdocs\thinkphp\Application\Runtime\Cache\Admin\12cf6a5c74297688873998de0720405d.php 第 46 行.
NOTIC: [8] Undefined index: cat_level D:\xampp\htdocs\thinkphp\Application\Runtime\Cache\Admin\12cf6a5c74297688873998de0720405d.php 第 46 行.
NOTIC: [8] Undefined index: cat_level D:\xampp\htdocs\thinkphp\Application\Runtime\Cache\Admin\12cf6a5c74297688873998de0720405d.php 第 46 行.
NOTIC: [8] Undefined index: cat_level D:\xampp\htdocs\thinkphp\Application\Runtime\Cache\Admin\12cf6a5c74297688873998de0720405d.php 第 46 行.
NOTIC: [8] Undefined index: cat_level D:\xampp\htdocs\thinkphp\Application\Runtime\Cache\Admin\12cf6a5c74297688873998de0720405d.php 第 46 行.
NOTIC: [8] Undefined index: cat_level D:\xampp\htdocs\thinkphp\Application\Runtime\Cache\Admin\12cf6a5c74297688873998de0720405d.php 第 46 行.
NOTIC: [8] Undefined index: cat_level D:\xampp\htdocs\thinkphp\Application\Runtime\Cache\Admin\12cf6a5c74297688873998de0720405d.php 第 46 行.
NOTIC: [8] Undefined index: cat_level D:\xampp\htdocs\thinkphp\Application\Runtime\Cache\Admin\12cf6a5c74297688873998de0720405d.php 第 46 行.
NOTIC: [8] Undefined index: cat_level D:\xampp\htdocs\thinkphp\Application\Runtime\Cache\Admin\12cf6a5c74297688873998de0720405d.php 第 46 行.
NOTIC: [8] Undefined index: cat_level D:\xampp\htdocs\thinkphp\Application\Runtime\Cache\Admin\12cf6a5c74297688873998de0720405d.php 第 46 行.
NOTIC: [8] Undefined index: cat_level D:\xampp\htdocs\thinkphp\Application\Runtime\Cache\Admin\12cf6a5c74297688873998de0720405d.php 第 46 行.
NOTIC: [8] Undefined index: cat_level D:\xampp\htdocs\thinkphp\Application\Runtime\Cache\Admin\12cf6a5c74297688873998de0720405d.php 第 46 行.
NOTIC: [8] Undefined index: cat_level D:\xampp\htdocs\thinkphp\Application\Runtime\Cache\Admin\12cf6a5c74297688873998de0720405d.php 第 46 行.
NOTIC: [8] Undefined index: cat_level D:\xampp\htdocs\thinkphp\Application\Runtime\Cache\Admin\12cf6a5c74297688873998de0720405d.php 第 46 行.
NOTIC: [8] Undefined index: cat_level D:\xampp\htdocs\thinkphp\Application\Runtime\Cache\Admin\12cf6a5c74297688873998de0720405d.php 第 46 行.
NOTIC: [8] Undefined index: cat_level D:\xampp\htdocs\thinkphp\Application\Runtime\Cache\Admin\12cf6a5c74297688873998de0720405d.php 第 46 行.
SQL: SHOW COLUMNS FROM `tp_brand` [ RunTime:0.0050s ]
SQL: SELECT `id`,`brand_name` FROM `tp_brand`  [ RunTime:0.0010s ]
INFO: Run Behavior\ParseTemplateBehavior [ RunTime:0.034002s ]
INFO: [ view_parse ] --END-- [ RunTime:0.034002s ]
INFO: [ view_filter ] --START--
INFO: Run Behavior\WriteHtmlCacheBehavior [ RunTime:0.000000s ]
INFO: [ view_filter ] --END-- [ RunTime:0.000000s ]
INFO: [ app_end ] --START--
INFO: Run Behavior\ShowPageTraceBehavior [ RunTime:0.001000s ]
INFO: [ app_end ] --END-- [ RunTime:0.001000s ]

[ 2017-04-27T00:05:32+08:00 ] 127.0.0.1 /index.php/Admin/goods/add.html
INFO: [ app_init ] --START--
INFO: Run Behavior\BuildLiteBehavior [ RunTime:0.000000s ]
INFO: [ app_init ] --END-- [ RunTime:0.001000s ]
INFO: [ app_begin ] --START--
INFO: Run Behavior\ReadHtmlCacheBehavior [ RunTime:0.001000s ]
INFO: [ app_begin ] --END-- [ RunTime:0.001000s ]
NOTIC: [8] A session had already been started - ignoring session_start() D:\xampp\htdocs\thinkphp\ThinkPHP\Common\functions.php 第 1263 行.
SQL: SHOW COLUMNS FROM `tp_brand` [ RunTime:0.0210s ]
SQL: SELECT `id`,`brand_name` FROM `tp_brand` WHERE ( is_delete = 0 )  [ RunTime:0.0010s ]
NOTIC: [2048] Declaration of Admin\Model\CategoryModel::_before_delete() should be compatible with Think\Model::_before_delete($options) D:\xampp\htdocs\thinkphp\Application\Admin\Model\CategoryModel.class.php 第 135 行.
SQL: SHOW COLUMNS FROM `tp_category` [ RunTime:0.0080s ]
SQL: SHOW COLUMNS FROM `tp_category` [ RunTime:0.0040s ]
SQL: SELECT * FROM `tp_category` WHERE ( is_delete = 0 )  [ RunTime:0.0000s ]
SQL: SHOW COLUMNS FROM `tp_member_level` [ RunTime:0.0030s ]
SQL: SELECT `id`,`level_name`,`bottom`,`top` FROM `tp_member_level` WHERE ( is_delete = 0 )  [ RunTime:0.0000s ]
INFO: [ view_parse ] --START--
INFO: [ template_filter ] --START--
INFO: Run Behavior\ContentReplaceBehavior [ RunTime:0.000000s ]
INFO: [ template_filter ] --END-- [ RunTime:0.000000s ]
NOTIC: [8] Undefined index: cat_level D:\xampp\htdocs\thinkphp\Application\Runtime\Cache\Admin\346dfcdf6ec8d3c93d33b5eb4f636a21.php 第 64 行.
NOTIC: [8] Undefined index: cat_level D:\xampp\htdocs\thinkphp\Application\Runtime\Cache\Admin\346dfcdf6ec8d3c93d33b5eb4f636a21.php 第 64 行.
NOTIC: [8] Undefined index: cat_level D:\xampp\htdocs\thinkphp\Application\Runtime\Cache\Admin\346dfcdf6ec8d3c93d33b5eb4f636a21.php 第 64 行.
NOTIC: [8] Undefined index: cat_level D:\xampp\htdocs\thinkphp\Application\Runtime\Cache\Admin\346dfcdf6ec8d3c93d33b5eb4f636a21.php 第 64 行.
NOTIC: [8] Undefined index: cat_level D:\xampp\htdocs\thinkphp\Application\Runtime\Cache\Admin\346dfcdf6ec8d3c93d33b5eb4f636a21.php 第 64 行.
NOTIC: [8] Undefined index: cat_level D:\xampp\htdocs\thinkphp\Application\Runtime\Cache\Admin\346dfcdf6ec8d3c93d33b5eb4f636a21.php 第 64 行.
NOTIC: [8] Undefined index: cat_level D:\xampp\htdocs\thinkphp\Application\Runtime\Cache\Admin\346dfcdf6ec8d3c93d33b5eb4f636a21.php 第 64 行.
NOTIC: [8] Undefined index: cat_level D:\xampp\htdocs\thinkphp\Application\Runtime\Cache\Admin\346dfcdf6ec8d3c93d33b5eb4f636a21.php 第 64 行.
NOTIC: [8] Undefined index: cat_level D:\xampp\htdocs\thinkphp\Application\Runtime\Cache\Admin\346dfcdf6ec8d3c93d33b5eb4f636a21.php 第 64 行.
NOTIC: [8] Undefined index: cat_level D:\xampp\htdocs\thinkphp\Application\Runtime\Cache\Admin\346dfcdf6ec8d3c93d33b5eb4f636a21.php 第 64 行.
NOTIC: [8] Undefined index: cat_level D:\xampp\htdocs\thinkphp\Application\Runtime\Cache\Admin\346dfcdf6ec8d3c93d33b5eb4f636a21.php 第 64 行.
NOTIC: [8] Undefined index: cat_level D:\xampp\htdocs\thinkphp\Application\Runtime\Cache\Admin\346dfcdf6ec8d3c93d33b5eb4f636a21.php 第 64 行.
NOTIC: [8] Undefined index: cat_level D:\xampp\htdocs\thinkphp\Application\Runtime\Cache\Admin\346dfcdf6ec8d3c93d33b5eb4f636a21.php 第 64 行.
NOTIC: [8] Undefined index: cat_level D:\xampp\htdocs\thinkphp\Application\Runtime\Cache\Admin\346dfcdf6ec8d3c93d33b5eb4f636a21.php 第 64 行.
NOTIC: [8] Undefined index: cat_level D:\xampp\htdocs\thinkphp\Application\Runtime\Cache\Admin\346dfcdf6ec8d3c93d33b5eb4f636a21.php 第 64 行.
NOTIC: [8] Undefined index: cat_level D:\xampp\htdocs\thinkphp\Application\Runtime\Cache\Admin\346dfcdf6ec8d3c93d33b5eb4f636a21.php 第 64 行.
NOTIC: [8] Undefined index: cat_level D:\xampp\htdocs\thinkphp\Application\Runtime\Cache\Admin\346dfcdf6ec8d3c93d33b5eb4f636a21.php 第 64 行.
NOTIC: [8] Undefined index: cat_level D:\xampp\htdocs\thinkphp\Application\Runtime\Cache\Admin\346dfcdf6ec8d3c93d33b5eb4f636a21.php 第 64 行.
NOTIC: [8] Undefined index: cat_level D:\xampp\htdocs\thinkphp\Application\Runtime\Cache\Admin\346dfcdf6ec8d3c93d33b5eb4f636a21.php 第 64 行.
NOTIC: [8] Undefined index: cat_level D:\xampp\htdocs\thinkphp\Application\Runtime\Cache\Admin\346dfcdf6ec8d3c93d33b5eb4f636a21.php 第 64 行.
NOTIC: [8] Undefined index: cat_level D:\xampp\htdocs\thinkphp\Application\Runtime\Cache\Admin\346dfcdf6ec8d3c93d33b5eb4f636a21.php 第 64 行.
NOTIC: [8] Undefined index: cat_level D:\xampp\htdocs\thinkphp\Application\Runtime\Cache\Admin\346dfcdf6ec8d3c93d33b5eb4f636a21.php 第 79 行.
NOTIC: [8] Undefined index: cat_level D:\xampp\htdocs\thinkphp\Application\Runtime\Cache\Admin\346dfcdf6ec8d3c93d33b5eb4f636a21.php 第 79 行.
NOTIC: [8] Undefined index: cat_level D:\xampp\htdocs\thinkphp\Application\Runtime\Cache\Admin\346dfcdf6ec8d3c93d33b5eb4f636a21.php 第 79 行.
NOTIC: [8] Undefined index: cat_level D:\xampp\htdocs\thinkphp\Application\Runtime\Cache\Admin\346dfcdf6ec8d3c93d33b5eb4f636a21.php 第 79 行.
NOTIC: [8] Undefined index: cat_level D:\xampp\htdocs\thinkphp\Application\Runtime\Cache\Admin\346dfcdf6ec8d3c93d33b5eb4f636a21.php 第 79 行.
NOTIC: [8] Undefined index: cat_level D:\xampp\htdocs\thinkphp\Application\Runtime\Cache\Admin\346dfcdf6ec8d3c93d33b5eb4f636a21.php 第 79 行.
NOTIC: [8] Undefined index: cat_level D:\xampp\htdocs\thinkphp\Application\Runtime\Cache\Admin\346dfcdf6ec8d3c93d33b5eb4f636a21.php 第 79 行.
NOTIC: [8] Undefined index: cat_level D:\xampp\htdocs\thinkphp\Application\Runtime\Cache\Admin\346dfcdf6ec8d3c93d33b5eb4f636a21.php 第 79 行.
NOTIC: [8] Undefined index: cat_level D:\xampp\htdocs\thinkphp\Application\Runtime\Cache\Admin\346dfcdf6ec8d3c93d33b5eb4f636a21.php 第 79 行.
NOTIC: [8] Undefined index: cat_level D:\xampp\htdocs\thinkphp\Application\Runtime\Cache\Admin\346dfcdf6ec8d3c93d33b5eb4f636a21.php 第 79 行.
NOTIC: [8] Undefined index: cat_level D:\xampp\htdocs\thinkphp\Application\Runtime\Cache\Admin\346dfcdf6ec8d3c93d33b5eb4f636a21.php 第 79 行.
NOTIC: [8] Undefined index: cat_level D:\xampp\htdocs\thinkphp\Application\Runtime\Cache\Admin\346dfcdf6ec8d3c93d33b5eb4f636a21.php 第 79 行.
NOTIC: [8] Undefined index: cat_level D:\xampp\htdocs\thinkphp\Application\Runtime\Cache\Admin\346dfcdf6ec8d3c93d33b5eb4f636a21.php 第 79 行.
NOTIC: [8] Undefined index: cat_level D:\xampp\htdocs\thinkphp\Application\Runtime\Cache\Admin\346dfcdf6ec8d3c93d33b5eb4f636a21.php 第 79 行.
NOTIC: [8] Undefined index: cat_level D:\xampp\htdocs\thinkphp\Application\Runtime\Cache\Admin\346dfcdf6ec8d3c93d33b5eb4f636a21.php 第 79 行.
NOTIC: [8] Undefined index: cat_level D:\xampp\htdocs\thinkphp\Application\Runtime\Cache\Admin\346dfcdf6ec8d3c93d33b5eb4f636a21.php 第 79 行.
NOTIC: [8] Undefined index: cat_level D:\xampp\htdocs\thinkphp\Application\Runtime\Cache\Admin\346dfcdf6ec8d3c93d33b5eb4f636a21.php 第 79 行.
NOTIC: [8] Undefined index: cat_level D:\xampp\htdocs\thinkphp\Application\Runtime\Cache\Admin\346dfcdf6ec8d3c93d33b5eb4f636a21.php 第 79 行.
NOTIC: [8] Undefined index: cat_level D:\xampp\htdocs\thinkphp\Application\Runtime\Cache\Admin\346dfcdf6ec8d3c93d33b5eb4f636a21.php 第 79 行.
NOTIC: [8] Undefined index: cat_level D:\xampp\htdocs\thinkphp\Application\Runtime\Cache\Admin\346dfcdf6ec8d3c93d33b5eb4f636a21.php 第 79 行.
NOTIC: [8] Undefined index: cat_level D:\xampp\htdocs\thinkphp\Application\Runtime\Cache\Admin\346dfcdf6ec8d3c93d33b5eb4f636a21.php 第 79 行.
INFO: Run Behavior\ParseTemplateBehavior [ RunTime:0.012001s ]
INFO: [ view_parse ] --END-- [ RunTime:0.013001s ]
INFO: [ view_filter ] --START--
INFO: Run Behavior\WriteHtmlCacheBehavior [ RunTime:0.001000s ]
INFO: [ view_filter ] --END-- [ RunTime:0.001000s ]
INFO: [ app_end ] --START--
INFO: Run Behavior\ShowPageTraceBehavior [ RunTime:0.001000s ]
INFO: [ app_end ] --END-- [ RunTime:0.001000s ]

