[ 2017-04-24T23:05:10+08:00 ] 127.0.0.1 /index.php/Admin/Goods/lst
INFO: [ app_init ] --START--
INFO: Run Behavior\BuildLiteBehavior [ RunTime:0.000000s ]
INFO: [ app_init ] --END-- [ RunTime:0.003001s ]
INFO: [ app_begin ] --START--
INFO: Run Behavior\ReadHtmlCacheBehavior [ RunTime:0.007000s ]
INFO: [ app_begin ] --END-- [ RunTime:0.007000s ]
NOTIC: [8] A session had already been started - ignoring session_start() D:\xampp\htdocs\thinkphp\ThinkPHP\Common\functions.php 第 1263 行.
NOTIC: [2048] Declaration of Admin\Model\GoodsModel::_before_delete() should be compatible with Think\Model::_before_delete($options) D:\xampp\htdocs\thinkphp\Application\Admin\Model\GoodsModel.class.php 第 9 行.
SQL: SHOW COLUMNS FROM `tp_goods` [ RunTime:0.2390s ]
SQL: SHOW COLUMNS FROM `tp_brand` [ RunTime:0.1500s ]
SQL: SHOW COLUMNS FROM `tp_goods` [ RunTime:0.0080s ]
SQL: SELECT COUNT(*) AS tp_count FROM `tp_goods` WHERE ( is_delete = "否"  ) LIMIT 1   [ RunTime:0.0960s ]
SQL: SELECT a.*,b.brand_name,c.cat_name FROM tp_goods a left join tp_brand  b on  a.brand_id = b.id
                                left join tp_category  c on a.cat_id = c.id   WHERE ( a.is_delete = "否"  ) ORDER BY a.create_time  desc LIMIT 0,10   [ RunTime:0.0870s ]
SQL: SELECT `id`,`brand_name` FROM `tp_brand` WHERE ( is_delete = 0 )  [ RunTime:0.0200s ]
NOTIC: [2048] Declaration of Admin\Model\CategoryModel::_before_delete() should be compatible with Think\Model::_before_delete($options) D:\xampp\htdocs\thinkphp\Application\Admin\Model\CategoryModel.class.php 第 135 行.
SQL: SHOW COLUMNS FROM `tp_category` [ RunTime:0.0060s ]
SQL: SHOW COLUMNS FROM `tp_category` [ RunTime:0.0070s ]
SQL: SELECT * FROM `tp_category` WHERE ( is_delete = 0 )  [ RunTime:0.0010s ]
INFO: [ view_parse ] --START--
INFO: [ template_filter ] --START--
INFO: Run Behavior\ContentReplaceBehavior [ RunTime:0.000000s ]
INFO: [ template_filter ] --END-- [ RunTime:0.000000s ]
NOTIC: [8] Undefined index: cat_level D:\xampp\htdocs\thinkphp\Application\Runtime\Cache\Admin\12cf6a5c74297688873998de0720405d.php 第 44 行.
NOTIC: [8] Undefined index: cat_level D:\xampp\htdocs\thinkphp\Application\Runtime\Cache\Admin\12cf6a5c74297688873998de0720405d.php 第 44 行.
NOTIC: [8] Undefined index: cat_level D:\xampp\htdocs\thinkphp\Application\Runtime\Cache\Admin\12cf6a5c74297688873998de0720405d.php 第 44 行.
NOTIC: [8] Undefined index: cat_level D:\xampp\htdocs\thinkphp\Application\Runtime\Cache\Admin\12cf6a5c74297688873998de0720405d.php 第 44 行.
NOTIC: [8] Undefined index: cat_level D:\xampp\htdocs\thinkphp\Application\Runtime\Cache\Admin\12cf6a5c74297688873998de0720405d.php 第 44 行.
NOTIC: [8] Undefined index: cat_level D:\xampp\htdocs\thinkphp\Application\Runtime\Cache\Admin\12cf6a5c74297688873998de0720405d.php 第 44 行.
NOTIC: [8] Undefined index: cat_level D:\xampp\htdocs\thinkphp\Application\Runtime\Cache\Admin\12cf6a5c74297688873998de0720405d.php 第 44 行.
NOTIC: [8] Undefined index: cat_level D:\xampp\htdocs\thinkphp\Application\Runtime\Cache\Admin\12cf6a5c74297688873998de0720405d.php 第 44 行.
NOTIC: [8] Undefined index: cat_level D:\xampp\htdocs\thinkphp\Application\Runtime\Cache\Admin\12cf6a5c74297688873998de0720405d.php 第 44 行.
NOTIC: [8] Undefined index: cat_level D:\xampp\htdocs\thinkphp\Application\Runtime\Cache\Admin\12cf6a5c74297688873998de0720405d.php 第 44 行.
NOTIC: [8] Undefined index: cat_level D:\xampp\htdocs\thinkphp\Application\Runtime\Cache\Admin\12cf6a5c74297688873998de0720405d.php 第 44 行.
NOTIC: [8] Undefined index: cat_level D:\xampp\htdocs\thinkphp\Application\Runtime\Cache\Admin\12cf6a5c74297688873998de0720405d.php 第 44 行.
NOTIC: [8] Undefined index: cat_level D:\xampp\htdocs\thinkphp\Application\Runtime\Cache\Admin\12cf6a5c74297688873998de0720405d.php 第 44 行.
NOTIC: [8] Undefined index: cat_level D:\xampp\htdocs\thinkphp\Application\Runtime\Cache\Admin\12cf6a5c74297688873998de0720405d.php 第 44 行.
NOTIC: [8] Undefined index: cat_level D:\xampp\htdocs\thinkphp\Application\Runtime\Cache\Admin\12cf6a5c74297688873998de0720405d.php 第 44 行.
NOTIC: [8] Undefined index: cat_level D:\xampp\htdocs\thinkphp\Application\Runtime\Cache\Admin\12cf6a5c74297688873998de0720405d.php 第 44 行.
NOTIC: [8] Undefined index: cat_level D:\xampp\htdocs\thinkphp\Application\Runtime\Cache\Admin\12cf6a5c74297688873998de0720405d.php 第 44 行.
NOTIC: [8] Undefined index: cat_level D:\xampp\htdocs\thinkphp\Application\Runtime\Cache\Admin\12cf6a5c74297688873998de0720405d.php 第 44 行.
NOTIC: [8] Undefined index: cat_level D:\xampp\htdocs\thinkphp\Application\Runtime\Cache\Admin\12cf6a5c74297688873998de0720405d.php 第 44 行.
NOTIC: [8] Undefined index: cat_level D:\xampp\htdocs\thinkphp\Application\Runtime\Cache\Admin\12cf6a5c74297688873998de0720405d.php 第 44 行.
NOTIC: [8] Undefined index: cat_level D:\xampp\htdocs\thinkphp\Application\Runtime\Cache\Admin\12cf6a5c74297688873998de0720405d.php 第 44 行.
SQL: SHOW COLUMNS FROM `tp_brand` [ RunTime:0.0050s ]
SQL: SELECT `id`,`brand_name` FROM `tp_brand`  [ RunTime:0.0000s ]
INFO: Run Behavior\ParseTemplateBehavior [ RunTime:0.047003s ]
INFO: [ view_parse ] --END-- [ RunTime:0.047003s ]
INFO: [ view_filter ] --START--
INFO: Run Behavior\WriteHtmlCacheBehavior [ RunTime:0.056003s ]
INFO: [ view_filter ] --END-- [ RunTime:0.056003s ]
INFO: [ app_end ] --START--
INFO: Run Behavior\ShowPageTraceBehavior [ RunTime:0.274016s ]
INFO: [ app_end ] --END-- [ RunTime:0.274016s ]

[ 2017-04-24T23:19:59+08:00 ] 127.0.0.1 /index.php/Admin/Goods/lst
INFO: [ app_init ] --START--
INFO: Run Behavior\BuildLiteBehavior [ RunTime:0.001001s ]
INFO: [ app_init ] --END-- [ RunTime:0.002001s ]
INFO: [ app_begin ] --START--
INFO: Run Behavior\ReadHtmlCacheBehavior [ RunTime:0.002000s ]
INFO: [ app_begin ] --END-- [ RunTime:0.002000s ]
NOTIC: [8] A session had already been started - ignoring session_start() D:\xampp\htdocs\thinkphp\ThinkPHP\Common\functions.php 第 1263 行.
NOTIC: [2048] Declaration of Admin\Model\GoodsModel::_before_delete() should be compatible with Think\Model::_before_delete($options) D:\xampp\htdocs\thinkphp\Application\Admin\Model\GoodsModel.class.php 第 9 行.
SQL: SHOW COLUMNS FROM `tp_goods` [ RunTime:0.0040s ]
SQL: SHOW COLUMNS FROM `tp_brand` [ RunTime:0.0050s ]
SQL: SHOW COLUMNS FROM `tp_goods` [ RunTime:0.0040s ]
SQL: SELECT COUNT(*) AS tp_count FROM `tp_goods` WHERE ( is_delete = "否"  ) LIMIT 1   [ RunTime:0.0000s ]
SQL: SELECT a.*,b.brand_name,c.cat_name FROM tp_goods a left join tp_brand  b on  a.brand_id = b.id
                                left join tp_category  c on a.cat_id = c.id   WHERE ( a.is_delete = "否"  ) ORDER BY a.create_time  desc LIMIT 0,10   [ RunTime:0.0010s ]
SQL: SELECT `id`,`brand_name` FROM `tp_brand` WHERE ( is_delete = 0 )  [ RunTime:0.0000s ]
NOTIC: [2048] Declaration of Admin\Model\CategoryModel::_before_delete() should be compatible with Think\Model::_before_delete($options) D:\xampp\htdocs\thinkphp\Application\Admin\Model\CategoryModel.class.php 第 135 行.
SQL: SHOW COLUMNS FROM `tp_category` [ RunTime:0.0040s ]
SQL: SHOW COLUMNS FROM `tp_category` [ RunTime:0.0040s ]
SQL: SELECT * FROM `tp_category` WHERE ( is_delete = 0 )  [ RunTime:0.0000s ]
INFO: [ view_parse ] --START--
INFO: [ template_filter ] --START--
INFO: Run Behavior\ContentReplaceBehavior [ RunTime:0.000000s ]
INFO: [ template_filter ] --END-- [ RunTime:0.001000s ]
NOTIC: [8] Undefined index: cat_level D:\xampp\htdocs\thinkphp\Application\Runtime\Cache\Admin\12cf6a5c74297688873998de0720405d.php 第 44 行.
NOTIC: [8] Undefined index: cat_level D:\xampp\htdocs\thinkphp\Application\Runtime\Cache\Admin\12cf6a5c74297688873998de0720405d.php 第 44 行.
NOTIC: [8] Undefined index: cat_level D:\xampp\htdocs\thinkphp\Application\Runtime\Cache\Admin\12cf6a5c74297688873998de0720405d.php 第 44 行.
NOTIC: [8] Undefined index: cat_level D:\xampp\htdocs\thinkphp\Application\Runtime\Cache\Admin\12cf6a5c74297688873998de0720405d.php 第 44 行.
NOTIC: [8] Undefined index: cat_level D:\xampp\htdocs\thinkphp\Application\Runtime\Cache\Admin\12cf6a5c74297688873998de0720405d.php 第 44 行.
NOTIC: [8] Undefined index: cat_level D:\xampp\htdocs\thinkphp\Application\Runtime\Cache\Admin\12cf6a5c74297688873998de0720405d.php 第 44 行.
NOTIC: [8] Undefined index: cat_level D:\xampp\htdocs\thinkphp\Application\Runtime\Cache\Admin\12cf6a5c74297688873998de0720405d.php 第 44 行.
NOTIC: [8] Undefined index: cat_level D:\xampp\htdocs\thinkphp\Application\Runtime\Cache\Admin\12cf6a5c74297688873998de0720405d.php 第 44 行.
NOTIC: [8] Undefined index: cat_level D:\xampp\htdocs\thinkphp\Application\Runtime\Cache\Admin\12cf6a5c74297688873998de0720405d.php 第 44 行.
NOTIC: [8] Undefined index: cat_level D:\xampp\htdocs\thinkphp\Application\Runtime\Cache\Admin\12cf6a5c74297688873998de0720405d.php 第 44 行.
NOTIC: [8] Undefined index: cat_level D:\xampp\htdocs\thinkphp\Application\Runtime\Cache\Admin\12cf6a5c74297688873998de0720405d.php 第 44 行.
NOTIC: [8] Undefined index: cat_level D:\xampp\htdocs\thinkphp\Application\Runtime\Cache\Admin\12cf6a5c74297688873998de0720405d.php 第 44 行.
NOTIC: [8] Undefined index: cat_level D:\xampp\htdocs\thinkphp\Application\Runtime\Cache\Admin\12cf6a5c74297688873998de0720405d.php 第 44 行.
NOTIC: [8] Undefined index: cat_level D:\xampp\htdocs\thinkphp\Application\Runtime\Cache\Admin\12cf6a5c74297688873998de0720405d.php 第 44 行.
NOTIC: [8] Undefined index: cat_level D:\xampp\htdocs\thinkphp\Application\Runtime\Cache\Admin\12cf6a5c74297688873998de0720405d.php 第 44 行.
NOTIC: [8] Undefined index: cat_level D:\xampp\htdocs\thinkphp\Application\Runtime\Cache\Admin\12cf6a5c74297688873998de0720405d.php 第 44 行.
NOTIC: [8] Undefined index: cat_level D:\xampp\htdocs\thinkphp\Application\Runtime\Cache\Admin\12cf6a5c74297688873998de0720405d.php 第 44 行.
NOTIC: [8] Undefined index: cat_level D:\xampp\htdocs\thinkphp\Application\Runtime\Cache\Admin\12cf6a5c74297688873998de0720405d.php 第 44 行.
NOTIC: [8] Undefined index: cat_level D:\xampp\htdocs\thinkphp\Application\Runtime\Cache\Admin\12cf6a5c74297688873998de0720405d.php 第 44 行.
NOTIC: [8] Undefined index: cat_level D:\xampp\htdocs\thinkphp\Application\Runtime\Cache\Admin\12cf6a5c74297688873998de0720405d.php 第 44 行.
NOTIC: [8] Undefined index: cat_level D:\xampp\htdocs\thinkphp\Application\Runtime\Cache\Admin\12cf6a5c74297688873998de0720405d.php 第 44 行.
SQL: SHOW COLUMNS FROM `tp_brand` [ RunTime:0.0040s ]
SQL: SELECT `id`,`brand_name` FROM `tp_brand`  [ RunTime:0.0020s ]
INFO: Run Behavior\ParseTemplateBehavior [ RunTime:0.028002s ]
INFO: [ view_parse ] --END-- [ RunTime:0.028002s ]
INFO: [ view_filter ] --START--
INFO: Run Behavior\WriteHtmlCacheBehavior [ RunTime:0.001000s ]
INFO: [ view_filter ] --END-- [ RunTime:0.001000s ]
INFO: [ app_end ] --START--
INFO: Run Behavior\ShowPageTraceBehavior [ RunTime:0.001000s ]
INFO: [ app_end ] --END-- [ RunTime:0.001000s ]

[ 2017-04-24T23:20:07+08:00 ] 127.0.0.1 /index.php/Admin/Goods/add
INFO: [ app_init ] --START--
INFO: Run Behavior\BuildLiteBehavior [ RunTime:0.000000s ]
INFO: [ app_init ] --END-- [ RunTime:0.001000s ]
INFO: [ app_begin ] --START--
INFO: Run Behavior\ReadHtmlCacheBehavior [ RunTime:0.001000s ]
INFO: [ app_begin ] --END-- [ RunTime:0.002000s ]
NOTIC: [8] A session had already been started - ignoring session_start() D:\xampp\htdocs\thinkphp\ThinkPHP\Common\functions.php 第 1263 行.
SQL: SHOW COLUMNS FROM `tp_brand` [ RunTime:0.0040s ]
SQL: SELECT `id`,`brand_name` FROM `tp_brand` WHERE ( is_delete = 0 )  [ RunTime:0.0000s ]
NOTIC: [2048] Declaration of Admin\Model\CategoryModel::_before_delete() should be compatible with Think\Model::_before_delete($options) D:\xampp\htdocs\thinkphp\Application\Admin\Model\CategoryModel.class.php 第 135 行.
SQL: SHOW COLUMNS FROM `tp_category` [ RunTime:0.0040s ]
SQL: SHOW COLUMNS FROM `tp_category` [ RunTime:0.0030s ]
SQL: SELECT * FROM `tp_category` WHERE ( is_delete = 0 )  [ RunTime:0.0010s ]
SQL: SHOW COLUMNS FROM `tp_member_level` [ RunTime:0.0500s ]
SQL: SELECT `id`,`level_name`,`bottom`,`top` FROM `tp_member_level` WHERE ( is_delete = 0 )  [ RunTime:0.0000s ]
INFO: [ view_parse ] --START--
INFO: [ template_filter ] --START--
INFO: Run Behavior\ContentReplaceBehavior [ RunTime:0.000000s ]
INFO: [ template_filter ] --END-- [ RunTime:0.000000s ]
NOTIC: [8] Undefined index: cat_level D:\xampp\htdocs\thinkphp\Application\Runtime\Cache\Admin\346dfcdf6ec8d3c93d33b5eb4f636a21.php 第 53 行.
NOTIC: [8] Undefined index: cat_level D:\xampp\htdocs\thinkphp\Application\Runtime\Cache\Admin\346dfcdf6ec8d3c93d33b5eb4f636a21.php 第 53 行.
NOTIC: [8] Undefined index: cat_level D:\xampp\htdocs\thinkphp\Application\Runtime\Cache\Admin\346dfcdf6ec8d3c93d33b5eb4f636a21.php 第 53 行.
NOTIC: [8] Undefined index: cat_level D:\xampp\htdocs\thinkphp\Application\Runtime\Cache\Admin\346dfcdf6ec8d3c93d33b5eb4f636a21.php 第 53 行.
NOTIC: [8] Undefined index: cat_level D:\xampp\htdocs\thinkphp\Application\Runtime\Cache\Admin\346dfcdf6ec8d3c93d33b5eb4f636a21.php 第 53 行.
NOTIC: [8] Undefined index: cat_level D:\xampp\htdocs\thinkphp\Application\Runtime\Cache\Admin\346dfcdf6ec8d3c93d33b5eb4f636a21.php 第 53 行.
NOTIC: [8] Undefined index: cat_level D:\xampp\htdocs\thinkphp\Application\Runtime\Cache\Admin\346dfcdf6ec8d3c93d33b5eb4f636a21.php 第 53 行.
NOTIC: [8] Undefined index: cat_level D:\xampp\htdocs\thinkphp\Application\Runtime\Cache\Admin\346dfcdf6ec8d3c93d33b5eb4f636a21.php 第 53 行.
NOTIC: [8] Undefined index: cat_level D:\xampp\htdocs\thinkphp\Application\Runtime\Cache\Admin\346dfcdf6ec8d3c93d33b5eb4f636a21.php 第 53 行.
NOTIC: [8] Undefined index: cat_level D:\xampp\htdocs\thinkphp\Application\Runtime\Cache\Admin\346dfcdf6ec8d3c93d33b5eb4f636a21.php 第 53 行.
NOTIC: [8] Undefined index: cat_level D:\xampp\htdocs\thinkphp\Application\Runtime\Cache\Admin\346dfcdf6ec8d3c93d33b5eb4f636a21.php 第 53 行.
NOTIC: [8] Undefined index: cat_level D:\xampp\htdocs\thinkphp\Application\Runtime\Cache\Admin\346dfcdf6ec8d3c93d33b5eb4f636a21.php 第 53 行.
NOTIC: [8] Undefined index: cat_level D:\xampp\htdocs\thinkphp\Application\Runtime\Cache\Admin\346dfcdf6ec8d3c93d33b5eb4f636a21.php 第 53 行.
NOTIC: [8] Undefined index: cat_level D:\xampp\htdocs\thinkphp\Application\Runtime\Cache\Admin\346dfcdf6ec8d3c93d33b5eb4f636a21.php 第 53 行.
NOTIC: [8] Undefined index: cat_level D:\xampp\htdocs\thinkphp\Application\Runtime\Cache\Admin\346dfcdf6ec8d3c93d33b5eb4f636a21.php 第 53 行.
NOTIC: [8] Undefined index: cat_level D:\xampp\htdocs\thinkphp\Application\Runtime\Cache\Admin\346dfcdf6ec8d3c93d33b5eb4f636a21.php 第 53 行.
NOTIC: [8] Undefined index: cat_level D:\xampp\htdocs\thinkphp\Application\Runtime\Cache\Admin\346dfcdf6ec8d3c93d33b5eb4f636a21.php 第 53 行.
NOTIC: [8] Undefined index: cat_level D:\xampp\htdocs\thinkphp\Application\Runtime\Cache\Admin\346dfcdf6ec8d3c93d33b5eb4f636a21.php 第 53 行.
NOTIC: [8] Undefined index: cat_level D:\xampp\htdocs\thinkphp\Application\Runtime\Cache\Admin\346dfcdf6ec8d3c93d33b5eb4f636a21.php 第 53 行.
NOTIC: [8] Undefined index: cat_level D:\xampp\htdocs\thinkphp\Application\Runtime\Cache\Admin\346dfcdf6ec8d3c93d33b5eb4f636a21.php 第 53 行.
NOTIC: [8] Undefined index: cat_level D:\xampp\htdocs\thinkphp\Application\Runtime\Cache\Admin\346dfcdf6ec8d3c93d33b5eb4f636a21.php 第 53 行.
NOTIC: [8] Undefined index: cat_level D:\xampp\htdocs\thinkphp\Application\Runtime\Cache\Admin\346dfcdf6ec8d3c93d33b5eb4f636a21.php 第 66 行.
NOTIC: [8] Undefined index: cat_level D:\xampp\htdocs\thinkphp\Application\Runtime\Cache\Admin\346dfcdf6ec8d3c93d33b5eb4f636a21.php 第 66 行.
NOTIC: [8] Undefined index: cat_level D:\xampp\htdocs\thinkphp\Application\Runtime\Cache\Admin\346dfcdf6ec8d3c93d33b5eb4f636a21.php 第 66 行.
NOTIC: [8] Undefined index: cat_level D:\xampp\htdocs\thinkphp\Application\Runtime\Cache\Admin\346dfcdf6ec8d3c93d33b5eb4f636a21.php 第 66 行.
NOTIC: [8] Undefined index: cat_level D:\xampp\htdocs\thinkphp\Application\Runtime\Cache\Admin\346dfcdf6ec8d3c93d33b5eb4f636a21.php 第 66 行.
NOTIC: [8] Undefined index: cat_level D:\xampp\htdocs\thinkphp\Application\Runtime\Cache\Admin\346dfcdf6ec8d3c93d33b5eb4f636a21.php 第 66 行.
NOTIC: [8] Undefined index: cat_level D:\xampp\htdocs\thinkphp\Application\Runtime\Cache\Admin\346dfcdf6ec8d3c93d33b5eb4f636a21.php 第 66 行.
NOTIC: [8] Undefined index: cat_level D:\xampp\htdocs\thinkphp\Application\Runtime\Cache\Admin\346dfcdf6ec8d3c93d33b5eb4f636a21.php 第 66 行.
NOTIC: [8] Undefined index: cat_level D:\xampp\htdocs\thinkphp\Application\Runtime\Cache\Admin\346dfcdf6ec8d3c93d33b5eb4f636a21.php 第 66 行.
NOTIC: [8] Undefined index: cat_level D:\xampp\htdocs\thinkphp\Application\Runtime\Cache\Admin\346dfcdf6ec8d3c93d33b5eb4f636a21.php 第 66 行.
NOTIC: [8] Undefined index: cat_level D:\xampp\htdocs\thinkphp\Application\Runtime\Cache\Admin\346dfcdf6ec8d3c93d33b5eb4f636a21.php 第 66 行.
NOTIC: [8] Undefined index: cat_level D:\xampp\htdocs\thinkphp\Application\Runtime\Cache\Admin\346dfcdf6ec8d3c93d33b5eb4f636a21.php 第 66 行.
NOTIC: [8] Undefined index: cat_level D:\xampp\htdocs\thinkphp\Application\Runtime\Cache\Admin\346dfcdf6ec8d3c93d33b5eb4f636a21.php 第 66 行.
NOTIC: [8] Undefined index: cat_level D:\xampp\htdocs\thinkphp\Application\Runtime\Cache\Admin\346dfcdf6ec8d3c93d33b5eb4f636a21.php 第 66 行.
NOTIC: [8] Undefined index: cat_level D:\xampp\htdocs\thinkphp\Application\Runtime\Cache\Admin\346dfcdf6ec8d3c93d33b5eb4f636a21.php 第 66 行.
NOTIC: [8] Undefined index: cat_level D:\xampp\htdocs\thinkphp\Application\Runtime\Cache\Admin\346dfcdf6ec8d3c93d33b5eb4f636a21.php 第 66 行.
NOTIC: [8] Undefined index: cat_level D:\xampp\htdocs\thinkphp\Application\Runtime\Cache\Admin\346dfcdf6ec8d3c93d33b5eb4f636a21.php 第 66 行.
NOTIC: [8] Undefined index: cat_level D:\xampp\htdocs\thinkphp\Application\Runtime\Cache\Admin\346dfcdf6ec8d3c93d33b5eb4f636a21.php 第 66 行.
NOTIC: [8] Undefined index: cat_level D:\xampp\htdocs\thinkphp\Application\Runtime\Cache\Admin\346dfcdf6ec8d3c93d33b5eb4f636a21.php 第 66 行.
NOTIC: [8] Undefined index: cat_level D:\xampp\htdocs\thinkphp\Application\Runtime\Cache\Admin\346dfcdf6ec8d3c93d33b5eb4f636a21.php 第 66 行.
NOTIC: [8] Undefined index: cat_level D:\xampp\htdocs\thinkphp\Application\Runtime\Cache\Admin\346dfcdf6ec8d3c93d33b5eb4f636a21.php 第 66 行.
INFO: Run Behavior\ParseTemplateBehavior [ RunTime:0.018001s ]
INFO: [ view_parse ] --END-- [ RunTime:0.018001s ]
INFO: [ view_filter ] --START--
INFO: Run Behavior\WriteHtmlCacheBehavior [ RunTime:0.001000s ]
INFO: [ view_filter ] --END-- [ RunTime:0.001000s ]
INFO: [ app_end ] --START--
INFO: Run Behavior\ShowPageTraceBehavior [ RunTime:0.001000s ]
INFO: [ app_end ] --END-- [ RunTime:0.001000s ]

[ 2017-04-24T23:21:42+08:00 ] 127.0.0.1 /index.php/Admin/Goods/add
INFO: [ app_init ] --START--
INFO: Run Behavior\BuildLiteBehavior [ RunTime:0.000000s ]
INFO: [ app_init ] --END-- [ RunTime:0.001000s ]
INFO: [ app_begin ] --START--
INFO: Run Behavior\ReadHtmlCacheBehavior [ RunTime:0.000000s ]
INFO: [ app_begin ] --END-- [ RunTime:0.001000s ]
NOTIC: [8] A session had already been started - ignoring session_start() D:\xampp\htdocs\thinkphp\ThinkPHP\Common\functions.php 第 1263 行.
SQL: SHOW COLUMNS FROM `tp_brand` [ RunTime:0.0050s ]
SQL: SELECT `id`,`brand_name` FROM `tp_brand` WHERE ( is_delete = 0 )  [ RunTime:0.0000s ]
NOTIC: [2048] Declaration of Admin\Model\CategoryModel::_before_delete() should be compatible with Think\Model::_before_delete($options) D:\xampp\htdocs\thinkphp\Application\Admin\Model\CategoryModel.class.php 第 135 行.
SQL: SHOW COLUMNS FROM `tp_category` [ RunTime:0.0040s ]
SQL: SHOW COLUMNS FROM `tp_category` [ RunTime:0.0200s ]
SQL: SELECT * FROM `tp_category` WHERE ( is_delete = 0 )  [ RunTime:0.0010s ]
SQL: SHOW COLUMNS FROM `tp_member_level` [ RunTime:0.0040s ]
SQL: SELECT `id`,`level_name`,`bottom`,`top` FROM `tp_member_level` WHERE ( is_delete = 0 )  [ RunTime:0.0010s ]
INFO: [ view_parse ] --START--
INFO: [ template_filter ] --START--
INFO: Run Behavior\ContentReplaceBehavior [ RunTime:0.000000s ]
INFO: [ template_filter ] --END-- [ RunTime:0.001000s ]
NOTIC: [8] Undefined index: cat_level D:\xampp\htdocs\thinkphp\Application\Runtime\Cache\Admin\346dfcdf6ec8d3c93d33b5eb4f636a21.php 第 53 行.
NOTIC: [8] Undefined index: cat_level D:\xampp\htdocs\thinkphp\Application\Runtime\Cache\Admin\346dfcdf6ec8d3c93d33b5eb4f636a21.php 第 53 行.
NOTIC: [8] Undefined index: cat_level D:\xampp\htdocs\thinkphp\Application\Runtime\Cache\Admin\346dfcdf6ec8d3c93d33b5eb4f636a21.php 第 53 行.
NOTIC: [8] Undefined index: cat_level D:\xampp\htdocs\thinkphp\Application\Runtime\Cache\Admin\346dfcdf6ec8d3c93d33b5eb4f636a21.php 第 53 行.
NOTIC: [8] Undefined index: cat_level D:\xampp\htdocs\thinkphp\Application\Runtime\Cache\Admin\346dfcdf6ec8d3c93d33b5eb4f636a21.php 第 53 行.
NOTIC: [8] Undefined index: cat_level D:\xampp\htdocs\thinkphp\Application\Runtime\Cache\Admin\346dfcdf6ec8d3c93d33b5eb4f636a21.php 第 53 行.
NOTIC: [8] Undefined index: cat_level D:\xampp\htdocs\thinkphp\Application\Runtime\Cache\Admin\346dfcdf6ec8d3c93d33b5eb4f636a21.php 第 53 行.
NOTIC: [8] Undefined index: cat_level D:\xampp\htdocs\thinkphp\Application\Runtime\Cache\Admin\346dfcdf6ec8d3c93d33b5eb4f636a21.php 第 53 行.
NOTIC: [8] Undefined index: cat_level D:\xampp\htdocs\thinkphp\Application\Runtime\Cache\Admin\346dfcdf6ec8d3c93d33b5eb4f636a21.php 第 53 行.
NOTIC: [8] Undefined index: cat_level D:\xampp\htdocs\thinkphp\Application\Runtime\Cache\Admin\346dfcdf6ec8d3c93d33b5eb4f636a21.php 第 53 行.
NOTIC: [8] Undefined index: cat_level D:\xampp\htdocs\thinkphp\Application\Runtime\Cache\Admin\346dfcdf6ec8d3c93d33b5eb4f636a21.php 第 53 行.
NOTIC: [8] Undefined index: cat_level D:\xampp\htdocs\thinkphp\Application\Runtime\Cache\Admin\346dfcdf6ec8d3c93d33b5eb4f636a21.php 第 53 行.
NOTIC: [8] Undefined index: cat_level D:\xampp\htdocs\thinkphp\Application\Runtime\Cache\Admin\346dfcdf6ec8d3c93d33b5eb4f636a21.php 第 53 行.
NOTIC: [8] Undefined index: cat_level D:\xampp\htdocs\thinkphp\Application\Runtime\Cache\Admin\346dfcdf6ec8d3c93d33b5eb4f636a21.php 第 53 行.
NOTIC: [8] Undefined index: cat_level D:\xampp\htdocs\thinkphp\Application\Runtime\Cache\Admin\346dfcdf6ec8d3c93d33b5eb4f636a21.php 第 53 行.
NOTIC: [8] Undefined index: cat_level D:\xampp\htdocs\thinkphp\Application\Runtime\Cache\Admin\346dfcdf6ec8d3c93d33b5eb4f636a21.php 第 53 行.
NOTIC: [8] Undefined index: cat_level D:\xampp\htdocs\thinkphp\Application\Runtime\Cache\Admin\346dfcdf6ec8d3c93d33b5eb4f636a21.php 第 53 行.
NOTIC: [8] Undefined index: cat_level D:\xampp\htdocs\thinkphp\Application\Runtime\Cache\Admin\346dfcdf6ec8d3c93d33b5eb4f636a21.php 第 53 行.
NOTIC: [8] Undefined index: cat_level D:\xampp\htdocs\thinkphp\Application\Runtime\Cache\Admin\346dfcdf6ec8d3c93d33b5eb4f636a21.php 第 53 行.
NOTIC: [8] Undefined index: cat_level D:\xampp\htdocs\thinkphp\Application\Runtime\Cache\Admin\346dfcdf6ec8d3c93d33b5eb4f636a21.php 第 53 行.
NOTIC: [8] Undefined index: cat_level D:\xampp\htdocs\thinkphp\Application\Runtime\Cache\Admin\346dfcdf6ec8d3c93d33b5eb4f636a21.php 第 53 行.
NOTIC: [8] Undefined index: cat_level D:\xampp\htdocs\thinkphp\Application\Runtime\Cache\Admin\346dfcdf6ec8d3c93d33b5eb4f636a21.php 第 66 行.
NOTIC: [8] Undefined index: cat_level D:\xampp\htdocs\thinkphp\Application\Runtime\Cache\Admin\346dfcdf6ec8d3c93d33b5eb4f636a21.php 第 66 行.
NOTIC: [8] Undefined index: cat_level D:\xampp\htdocs\thinkphp\Application\Runtime\Cache\Admin\346dfcdf6ec8d3c93d33b5eb4f636a21.php 第 66 行.
NOTIC: [8] Undefined index: cat_level D:\xampp\htdocs\thinkphp\Application\Runtime\Cache\Admin\346dfcdf6ec8d3c93d33b5eb4f636a21.php 第 66 行.
NOTIC: [8] Undefined index: cat_level D:\xampp\htdocs\thinkphp\Application\Runtime\Cache\Admin\346dfcdf6ec8d3c93d33b5eb4f636a21.php 第 66 行.
NOTIC: [8] Undefined index: cat_level D:\xampp\htdocs\thinkphp\Application\Runtime\Cache\Admin\346dfcdf6ec8d3c93d33b5eb4f636a21.php 第 66 行.
NOTIC: [8] Undefined index: cat_level D:\xampp\htdocs\thinkphp\Application\Runtime\Cache\Admin\346dfcdf6ec8d3c93d33b5eb4f636a21.php 第 66 行.
NOTIC: [8] Undefined index: cat_level D:\xampp\htdocs\thinkphp\Application\Runtime\Cache\Admin\346dfcdf6ec8d3c93d33b5eb4f636a21.php 第 66 行.
NOTIC: [8] Undefined index: cat_level D:\xampp\htdocs\thinkphp\Application\Runtime\Cache\Admin\346dfcdf6ec8d3c93d33b5eb4f636a21.php 第 66 行.
NOTIC: [8] Undefined index: cat_level D:\xampp\htdocs\thinkphp\Application\Runtime\Cache\Admin\346dfcdf6ec8d3c93d33b5eb4f636a21.php 第 66 行.
NOTIC: [8] Undefined index: cat_level D:\xampp\htdocs\thinkphp\Application\Runtime\Cache\Admin\346dfcdf6ec8d3c93d33b5eb4f636a21.php 第 66 行.
NOTIC: [8] Undefined index: cat_level D:\xampp\htdocs\thinkphp\Application\Runtime\Cache\Admin\346dfcdf6ec8d3c93d33b5eb4f636a21.php 第 66 行.
NOTIC: [8] Undefined index: cat_level D:\xampp\htdocs\thinkphp\Application\Runtime\Cache\Admin\346dfcdf6ec8d3c93d33b5eb4f636a21.php 第 66 行.
NOTIC: [8] Undefined index: cat_level D:\xampp\htdocs\thinkphp\Application\Runtime\Cache\Admin\346dfcdf6ec8d3c93d33b5eb4f636a21.php 第 66 行.
NOTIC: [8] Undefined index: cat_level D:\xampp\htdocs\thinkphp\Application\Runtime\Cache\Admin\346dfcdf6ec8d3c93d33b5eb4f636a21.php 第 66 行.
NOTIC: [8] Undefined index: cat_level D:\xampp\htdocs\thinkphp\Application\Runtime\Cache\Admin\346dfcdf6ec8d3c93d33b5eb4f636a21.php 第 66 行.
NOTIC: [8] Undefined index: cat_level D:\xampp\htdocs\thinkphp\Application\Runtime\Cache\Admin\346dfcdf6ec8d3c93d33b5eb4f636a21.php 第 66 行.
NOTIC: [8] Undefined index: cat_level D:\xampp\htdocs\thinkphp\Application\Runtime\Cache\Admin\346dfcdf6ec8d3c93d33b5eb4f636a21.php 第 66 行.
NOTIC: [8] Undefined index: cat_level D:\xampp\htdocs\thinkphp\Application\Runtime\Cache\Admin\346dfcdf6ec8d3c93d33b5eb4f636a21.php 第 66 行.
NOTIC: [8] Undefined index: cat_level D:\xampp\htdocs\thinkphp\Application\Runtime\Cache\Admin\346dfcdf6ec8d3c93d33b5eb4f636a21.php 第 66 行.
NOTIC: [8] Undefined index: cat_level D:\xampp\htdocs\thinkphp\Application\Runtime\Cache\Admin\346dfcdf6ec8d3c93d33b5eb4f636a21.php 第 66 行.
INFO: Run Behavior\ParseTemplateBehavior [ RunTime:0.014001s ]
INFO: [ view_parse ] --END-- [ RunTime:0.014001s ]
INFO: [ view_filter ] --START--
INFO: Run Behavior\WriteHtmlCacheBehavior [ RunTime:0.000000s ]
INFO: [ view_filter ] --END-- [ RunTime:0.000000s ]
INFO: [ app_end ] --START--
INFO: Run Behavior\ShowPageTraceBehavior [ RunTime:0.002000s ]
INFO: [ app_end ] --END-- [ RunTime:0.002000s ]

[ 2017-04-24T23:25:45+08:00 ] 127.0.0.1 /index.php/Admin/Goods/add
INFO: [ app_init ] --START--
INFO: Run Behavior\BuildLiteBehavior [ RunTime:0.000000s ]
INFO: [ app_init ] --END-- [ RunTime:0.001000s ]
INFO: [ app_begin ] --START--
INFO: Run Behavior\ReadHtmlCacheBehavior [ RunTime:0.001000s ]
INFO: [ app_begin ] --END-- [ RunTime:0.001000s ]
NOTIC: [8] A session had already been started - ignoring session_start() D:\xampp\htdocs\thinkphp\ThinkPHP\Common\functions.php 第 1263 行.
SQL: SHOW COLUMNS FROM `tp_brand` [ RunTime:0.0040s ]
SQL: SELECT `id`,`brand_name` FROM `tp_brand` WHERE ( is_delete = 0 )  [ RunTime:0.0010s ]
NOTIC: [2048] Declaration of Admin\Model\CategoryModel::_before_delete() should be compatible with Think\Model::_before_delete($options) D:\xampp\htdocs\thinkphp\Application\Admin\Model\CategoryModel.class.php 第 135 行.
SQL: SHOW COLUMNS FROM `tp_category` [ RunTime:0.0070s ]
SQL: SHOW COLUMNS FROM `tp_category` [ RunTime:0.0050s ]
SQL: SELECT * FROM `tp_category` WHERE ( is_delete = 0 )  [ RunTime:0.0000s ]
SQL: SHOW COLUMNS FROM `tp_member_level` [ RunTime:0.0040s ]
SQL: SELECT `id`,`level_name`,`bottom`,`top` FROM `tp_member_level` WHERE ( is_delete = 0 )  [ RunTime:0.0010s ]
INFO: [ view_parse ] --START--
INFO: [ template_filter ] --START--
INFO: Run Behavior\ContentReplaceBehavior [ RunTime:0.000000s ]
INFO: [ template_filter ] --END-- [ RunTime:0.000000s ]
NOTIC: [8] Undefined index: cat_level D:\xampp\htdocs\thinkphp\Application\Runtime\Cache\Admin\346dfcdf6ec8d3c93d33b5eb4f636a21.php 第 53 行.
NOTIC: [8] Undefined index: cat_level D:\xampp\htdocs\thinkphp\Application\Runtime\Cache\Admin\346dfcdf6ec8d3c93d33b5eb4f636a21.php 第 53 行.
NOTIC: [8] Undefined index: cat_level D:\xampp\htdocs\thinkphp\Application\Runtime\Cache\Admin\346dfcdf6ec8d3c93d33b5eb4f636a21.php 第 53 行.
NOTIC: [8] Undefined index: cat_level D:\xampp\htdocs\thinkphp\Application\Runtime\Cache\Admin\346dfcdf6ec8d3c93d33b5eb4f636a21.php 第 53 行.
NOTIC: [8] Undefined index: cat_level D:\xampp\htdocs\thinkphp\Application\Runtime\Cache\Admin\346dfcdf6ec8d3c93d33b5eb4f636a21.php 第 53 行.
NOTIC: [8] Undefined index: cat_level D:\xampp\htdocs\thinkphp\Application\Runtime\Cache\Admin\346dfcdf6ec8d3c93d33b5eb4f636a21.php 第 53 行.
NOTIC: [8] Undefined index: cat_level D:\xampp\htdocs\thinkphp\Application\Runtime\Cache\Admin\346dfcdf6ec8d3c93d33b5eb4f636a21.php 第 53 行.
NOTIC: [8] Undefined index: cat_level D:\xampp\htdocs\thinkphp\Application\Runtime\Cache\Admin\346dfcdf6ec8d3c93d33b5eb4f636a21.php 第 53 行.
NOTIC: [8] Undefined index: cat_level D:\xampp\htdocs\thinkphp\Application\Runtime\Cache\Admin\346dfcdf6ec8d3c93d33b5eb4f636a21.php 第 53 行.
NOTIC: [8] Undefined index: cat_level D:\xampp\htdocs\thinkphp\Application\Runtime\Cache\Admin\346dfcdf6ec8d3c93d33b5eb4f636a21.php 第 53 行.
NOTIC: [8] Undefined index: cat_level D:\xampp\htdocs\thinkphp\Application\Runtime\Cache\Admin\346dfcdf6ec8d3c93d33b5eb4f636a21.php 第 53 行.
NOTIC: [8] Undefined index: cat_level D:\xampp\htdocs\thinkphp\Application\Runtime\Cache\Admin\346dfcdf6ec8d3c93d33b5eb4f636a21.php 第 53 行.
NOTIC: [8] Undefined index: cat_level D:\xampp\htdocs\thinkphp\Application\Runtime\Cache\Admin\346dfcdf6ec8d3c93d33b5eb4f636a21.php 第 53 行.
NOTIC: [8] Undefined index: cat_level D:\xampp\htdocs\thinkphp\Application\Runtime\Cache\Admin\346dfcdf6ec8d3c93d33b5eb4f636a21.php 第 53 行.
NOTIC: [8] Undefined index: cat_level D:\xampp\htdocs\thinkphp\Application\Runtime\Cache\Admin\346dfcdf6ec8d3c93d33b5eb4f636a21.php 第 53 行.
NOTIC: [8] Undefined index: cat_level D:\xampp\htdocs\thinkphp\Application\Runtime\Cache\Admin\346dfcdf6ec8d3c93d33b5eb4f636a21.php 第 53 行.
NOTIC: [8] Undefined index: cat_level D:\xampp\htdocs\thinkphp\Application\Runtime\Cache\Admin\346dfcdf6ec8d3c93d33b5eb4f636a21.php 第 53 行.
NOTIC: [8] Undefined index: cat_level D:\xampp\htdocs\thinkphp\Application\Runtime\Cache\Admin\346dfcdf6ec8d3c93d33b5eb4f636a21.php 第 53 行.
NOTIC: [8] Undefined index: cat_level D:\xampp\htdocs\thinkphp\Application\Runtime\Cache\Admin\346dfcdf6ec8d3c93d33b5eb4f636a21.php 第 53 行.
NOTIC: [8] Undefined index: cat_level D:\xampp\htdocs\thinkphp\Application\Runtime\Cache\Admin\346dfcdf6ec8d3c93d33b5eb4f636a21.php 第 53 行.
NOTIC: [8] Undefined index: cat_level D:\xampp\htdocs\thinkphp\Application\Runtime\Cache\Admin\346dfcdf6ec8d3c93d33b5eb4f636a21.php 第 53 行.
NOTIC: [8] Undefined index: cat_level D:\xampp\htdocs\thinkphp\Application\Runtime\Cache\Admin\346dfcdf6ec8d3c93d33b5eb4f636a21.php 第 66 行.
NOTIC: [8] Undefined index: cat_level D:\xampp\htdocs\thinkphp\Application\Runtime\Cache\Admin\346dfcdf6ec8d3c93d33b5eb4f636a21.php 第 66 行.
NOTIC: [8] Undefined index: cat_level D:\xampp\htdocs\thinkphp\Application\Runtime\Cache\Admin\346dfcdf6ec8d3c93d33b5eb4f636a21.php 第 66 行.
NOTIC: [8] Undefined index: cat_level D:\xampp\htdocs\thinkphp\Application\Runtime\Cache\Admin\346dfcdf6ec8d3c93d33b5eb4f636a21.php 第 66 行.
NOTIC: [8] Undefined index: cat_level D:\xampp\htdocs\thinkphp\Application\Runtime\Cache\Admin\346dfcdf6ec8d3c93d33b5eb4f636a21.php 第 66 行.
NOTIC: [8] Undefined index: cat_level D:\xampp\htdocs\thinkphp\Application\Runtime\Cache\Admin\346dfcdf6ec8d3c93d33b5eb4f636a21.php 第 66 行.
NOTIC: [8] Undefined index: cat_level D:\xampp\htdocs\thinkphp\Application\Runtime\Cache\Admin\346dfcdf6ec8d3c93d33b5eb4f636a21.php 第 66 行.
NOTIC: [8] Undefined index: cat_level D:\xampp\htdocs\thinkphp\Application\Runtime\Cache\Admin\346dfcdf6ec8d3c93d33b5eb4f636a21.php 第 66 行.
NOTIC: [8] Undefined index: cat_level D:\xampp\htdocs\thinkphp\Application\Runtime\Cache\Admin\346dfcdf6ec8d3c93d33b5eb4f636a21.php 第 66 行.
NOTIC: [8] Undefined index: cat_level D:\xampp\htdocs\thinkphp\Application\Runtime\Cache\Admin\346dfcdf6ec8d3c93d33b5eb4f636a21.php 第 66 行.
NOTIC: [8] Undefined index: cat_level D:\xampp\htdocs\thinkphp\Application\Runtime\Cache\Admin\346dfcdf6ec8d3c93d33b5eb4f636a21.php 第 66 行.
NOTIC: [8] Undefined index: cat_level D:\xampp\htdocs\thinkphp\Application\Runtime\Cache\Admin\346dfcdf6ec8d3c93d33b5eb4f636a21.php 第 66 行.
NOTIC: [8] Undefined index: cat_level D:\xampp\htdocs\thinkphp\Application\Runtime\Cache\Admin\346dfcdf6ec8d3c93d33b5eb4f636a21.php 第 66 行.
NOTIC: [8] Undefined index: cat_level D:\xampp\htdocs\thinkphp\Application\Runtime\Cache\Admin\346dfcdf6ec8d3c93d33b5eb4f636a21.php 第 66 行.
NOTIC: [8] Undefined index: cat_level D:\xampp\htdocs\thinkphp\Application\Runtime\Cache\Admin\346dfcdf6ec8d3c93d33b5eb4f636a21.php 第 66 行.
NOTIC: [8] Undefined index: cat_level D:\xampp\htdocs\thinkphp\Application\Runtime\Cache\Admin\346dfcdf6ec8d3c93d33b5eb4f636a21.php 第 66 行.
NOTIC: [8] Undefined index: cat_level D:\xampp\htdocs\thinkphp\Application\Runtime\Cache\Admin\346dfcdf6ec8d3c93d33b5eb4f636a21.php 第 66 行.
NOTIC: [8] Undefined index: cat_level D:\xampp\htdocs\thinkphp\Application\Runtime\Cache\Admin\346dfcdf6ec8d3c93d33b5eb4f636a21.php 第 66 行.
NOTIC: [8] Undefined index: cat_level D:\xampp\htdocs\thinkphp\Application\Runtime\Cache\Admin\346dfcdf6ec8d3c93d33b5eb4f636a21.php 第 66 行.
NOTIC: [8] Undefined index: cat_level D:\xampp\htdocs\thinkphp\Application\Runtime\Cache\Admin\346dfcdf6ec8d3c93d33b5eb4f636a21.php 第 66 行.
NOTIC: [8] Undefined index: cat_level D:\xampp\htdocs\thinkphp\Application\Runtime\Cache\Admin\346dfcdf6ec8d3c93d33b5eb4f636a21.php 第 66 行.
INFO: Run Behavior\ParseTemplateBehavior [ RunTime:0.014001s ]
INFO: [ view_parse ] --END-- [ RunTime:0.014001s ]
INFO: [ view_filter ] --START--
INFO: Run Behavior\WriteHtmlCacheBehavior [ RunTime:0.001000s ]
INFO: [ view_filter ] --END-- [ RunTime:0.001000s ]
INFO: [ app_end ] --START--
INFO: Run Behavior\ShowPageTraceBehavior [ RunTime:0.001000s ]
INFO: [ app_end ] --END-- [ RunTime:0.001000s ]

[ 2017-04-24T23:26:36+08:00 ] 127.0.0.1 /index.php/Admin/Goods/add
INFO: [ app_init ] --START--
INFO: Run Behavior\BuildLiteBehavior [ RunTime:0.000000s ]
INFO: [ app_init ] --END-- [ RunTime:0.001000s ]
INFO: [ app_begin ] --START--
INFO: Run Behavior\ReadHtmlCacheBehavior [ RunTime:0.001000s ]
INFO: [ app_begin ] --END-- [ RunTime:0.001000s ]
NOTIC: [8] A session had already been started - ignoring session_start() D:\xampp\htdocs\thinkphp\ThinkPHP\Common\functions.php 第 1263 行.
SQL: SHOW COLUMNS FROM `tp_brand` [ RunTime:0.0050s ]
SQL: SELECT `id`,`brand_name` FROM `tp_brand` WHERE ( is_delete = 0 )  [ RunTime:0.0000s ]
NOTIC: [2048] Declaration of Admin\Model\CategoryModel::_before_delete() should be compatible with Think\Model::_before_delete($options) D:\xampp\htdocs\thinkphp\Application\Admin\Model\CategoryModel.class.php 第 135 行.
SQL: SHOW COLUMNS FROM `tp_category` [ RunTime:0.0040s ]
SQL: SHOW COLUMNS FROM `tp_category` [ RunTime:0.0040s ]
SQL: SELECT * FROM `tp_category` WHERE ( is_delete = 0 )  [ RunTime:0.0010s ]
SQL: SHOW COLUMNS FROM `tp_member_level` [ RunTime:0.0050s ]
SQL: SELECT `id`,`level_name`,`bottom`,`top` FROM `tp_member_level` WHERE ( is_delete = 0 )  [ RunTime:0.0000s ]
INFO: [ view_parse ] --START--
INFO: [ template_filter ] --START--
INFO: Run Behavior\ContentReplaceBehavior [ RunTime:0.001000s ]
INFO: [ template_filter ] --END-- [ RunTime:0.001000s ]
NOTIC: [8] Undefined index: cat_level D:\xampp\htdocs\thinkphp\Application\Runtime\Cache\Admin\346dfcdf6ec8d3c93d33b5eb4f636a21.php 第 53 行.
NOTIC: [8] Undefined index: cat_level D:\xampp\htdocs\thinkphp\Application\Runtime\Cache\Admin\346dfcdf6ec8d3c93d33b5eb4f636a21.php 第 53 行.
NOTIC: [8] Undefined index: cat_level D:\xampp\htdocs\thinkphp\Application\Runtime\Cache\Admin\346dfcdf6ec8d3c93d33b5eb4f636a21.php 第 53 行.
NOTIC: [8] Undefined index: cat_level D:\xampp\htdocs\thinkphp\Application\Runtime\Cache\Admin\346dfcdf6ec8d3c93d33b5eb4f636a21.php 第 53 行.
NOTIC: [8] Undefined index: cat_level D:\xampp\htdocs\thinkphp\Application\Runtime\Cache\Admin\346dfcdf6ec8d3c93d33b5eb4f636a21.php 第 53 行.
NOTIC: [8] Undefined index: cat_level D:\xampp\htdocs\thinkphp\Application\Runtime\Cache\Admin\346dfcdf6ec8d3c93d33b5eb4f636a21.php 第 53 行.
NOTIC: [8] Undefined index: cat_level D:\xampp\htdocs\thinkphp\Application\Runtime\Cache\Admin\346dfcdf6ec8d3c93d33b5eb4f636a21.php 第 53 行.
NOTIC: [8] Undefined index: cat_level D:\xampp\htdocs\thinkphp\Application\Runtime\Cache\Admin\346dfcdf6ec8d3c93d33b5eb4f636a21.php 第 53 行.
NOTIC: [8] Undefined index: cat_level D:\xampp\htdocs\thinkphp\Application\Runtime\Cache\Admin\346dfcdf6ec8d3c93d33b5eb4f636a21.php 第 53 行.
NOTIC: [8] Undefined index: cat_level D:\xampp\htdocs\thinkphp\Application\Runtime\Cache\Admin\346dfcdf6ec8d3c93d33b5eb4f636a21.php 第 53 行.
NOTIC: [8] Undefined index: cat_level D:\xampp\htdocs\thinkphp\Application\Runtime\Cache\Admin\346dfcdf6ec8d3c93d33b5eb4f636a21.php 第 53 行.
NOTIC: [8] Undefined index: cat_level D:\xampp\htdocs\thinkphp\Application\Runtime\Cache\Admin\346dfcdf6ec8d3c93d33b5eb4f636a21.php 第 53 行.
NOTIC: [8] Undefined index: cat_level D:\xampp\htdocs\thinkphp\Application\Runtime\Cache\Admin\346dfcdf6ec8d3c93d33b5eb4f636a21.php 第 53 行.
NOTIC: [8] Undefined index: cat_level D:\xampp\htdocs\thinkphp\Application\Runtime\Cache\Admin\346dfcdf6ec8d3c93d33b5eb4f636a21.php 第 53 行.
NOTIC: [8] Undefined index: cat_level D:\xampp\htdocs\thinkphp\Application\Runtime\Cache\Admin\346dfcdf6ec8d3c93d33b5eb4f636a21.php 第 53 行.
NOTIC: [8] Undefined index: cat_level D:\xampp\htdocs\thinkphp\Application\Runtime\Cache\Admin\346dfcdf6ec8d3c93d33b5eb4f636a21.php 第 53 行.
NOTIC: [8] Undefined index: cat_level D:\xampp\htdocs\thinkphp\Application\Runtime\Cache\Admin\346dfcdf6ec8d3c93d33b5eb4f636a21.php 第 53 行.
NOTIC: [8] Undefined index: cat_level D:\xampp\htdocs\thinkphp\Application\Runtime\Cache\Admin\346dfcdf6ec8d3c93d33b5eb4f636a21.php 第 53 行.
NOTIC: [8] Undefined index: cat_level D:\xampp\htdocs\thinkphp\Application\Runtime\Cache\Admin\346dfcdf6ec8d3c93d33b5eb4f636a21.php 第 53 行.
NOTIC: [8] Undefined index: cat_level D:\xampp\htdocs\thinkphp\Application\Runtime\Cache\Admin\346dfcdf6ec8d3c93d33b5eb4f636a21.php 第 53 行.
NOTIC: [8] Undefined index: cat_level D:\xampp\htdocs\thinkphp\Application\Runtime\Cache\Admin\346dfcdf6ec8d3c93d33b5eb4f636a21.php 第 53 行.
NOTIC: [8] Undefined index: cat_level D:\xampp\htdocs\thinkphp\Application\Runtime\Cache\Admin\346dfcdf6ec8d3c93d33b5eb4f636a21.php 第 66 行.
NOTIC: [8] Undefined index: cat_level D:\xampp\htdocs\thinkphp\Application\Runtime\Cache\Admin\346dfcdf6ec8d3c93d33b5eb4f636a21.php 第 66 行.
NOTIC: [8] Undefined index: cat_level D:\xampp\htdocs\thinkphp\Application\Runtime\Cache\Admin\346dfcdf6ec8d3c93d33b5eb4f636a21.php 第 66 行.
NOTIC: [8] Undefined index: cat_level D:\xampp\htdocs\thinkphp\Application\Runtime\Cache\Admin\346dfcdf6ec8d3c93d33b5eb4f636a21.php 第 66 行.
NOTIC: [8] Undefined index: cat_level D:\xampp\htdocs\thinkphp\Application\Runtime\Cache\Admin\346dfcdf6ec8d3c93d33b5eb4f636a21.php 第 66 行.
NOTIC: [8] Undefined index: cat_level D:\xampp\htdocs\thinkphp\Application\Runtime\Cache\Admin\346dfcdf6ec8d3c93d33b5eb4f636a21.php 第 66 行.
NOTIC: [8] Undefined index: cat_level D:\xampp\htdocs\thinkphp\Application\Runtime\Cache\Admin\346dfcdf6ec8d3c93d33b5eb4f636a21.php 第 66 行.
NOTIC: [8] Undefined index: cat_level D:\xampp\htdocs\thinkphp\Application\Runtime\Cache\Admin\346dfcdf6ec8d3c93d33b5eb4f636a21.php 第 66 行.
NOTIC: [8] Undefined index: cat_level D:\xampp\htdocs\thinkphp\Application\Runtime\Cache\Admin\346dfcdf6ec8d3c93d33b5eb4f636a21.php 第 66 行.
NOTIC: [8] Undefined index: cat_level D:\xampp\htdocs\thinkphp\Application\Runtime\Cache\Admin\346dfcdf6ec8d3c93d33b5eb4f636a21.php 第 66 行.
NOTIC: [8] Undefined index: cat_level D:\xampp\htdocs\thinkphp\Application\Runtime\Cache\Admin\346dfcdf6ec8d3c93d33b5eb4f636a21.php 第 66 行.
NOTIC: [8] Undefined index: cat_level D:\xampp\htdocs\thinkphp\Application\Runtime\Cache\Admin\346dfcdf6ec8d3c93d33b5eb4f636a21.php 第 66 行.
NOTIC: [8] Undefined index: cat_level D:\xampp\htdocs\thinkphp\Application\Runtime\Cache\Admin\346dfcdf6ec8d3c93d33b5eb4f636a21.php 第 66 行.
NOTIC: [8] Undefined index: cat_level D:\xampp\htdocs\thinkphp\Application\Runtime\Cache\Admin\346dfcdf6ec8d3c93d33b5eb4f636a21.php 第 66 行.
NOTIC: [8] Undefined index: cat_level D:\xampp\htdocs\thinkphp\Application\Runtime\Cache\Admin\346dfcdf6ec8d3c93d33b5eb4f636a21.php 第 66 行.
NOTIC: [8] Undefined index: cat_level D:\xampp\htdocs\thinkphp\Application\Runtime\Cache\Admin\346dfcdf6ec8d3c93d33b5eb4f636a21.php 第 66 行.
NOTIC: [8] Undefined index: cat_level D:\xampp\htdocs\thinkphp\Application\Runtime\Cache\Admin\346dfcdf6ec8d3c93d33b5eb4f636a21.php 第 66 行.
NOTIC: [8] Undefined index: cat_level D:\xampp\htdocs\thinkphp\Application\Runtime\Cache\Admin\346dfcdf6ec8d3c93d33b5eb4f636a21.php 第 66 行.
NOTIC: [8] Undefined index: cat_level D:\xampp\htdocs\thinkphp\Application\Runtime\Cache\Admin\346dfcdf6ec8d3c93d33b5eb4f636a21.php 第 66 行.
NOTIC: [8] Undefined index: cat_level D:\xampp\htdocs\thinkphp\Application\Runtime\Cache\Admin\346dfcdf6ec8d3c93d33b5eb4f636a21.php 第 66 行.
NOTIC: [8] Undefined index: cat_level D:\xampp\htdocs\thinkphp\Application\Runtime\Cache\Admin\346dfcdf6ec8d3c93d33b5eb4f636a21.php 第 66 行.
INFO: Run Behavior\ParseTemplateBehavior [ RunTime:0.014000s ]
INFO: [ view_parse ] --END-- [ RunTime:0.014000s ]
INFO: [ view_filter ] --START--
INFO: Run Behavior\WriteHtmlCacheBehavior [ RunTime:0.001001s ]
INFO: [ view_filter ] --END-- [ RunTime:0.001001s ]
INFO: [ app_end ] --START--
INFO: Run Behavior\ShowPageTraceBehavior [ RunTime:0.001000s ]
INFO: [ app_end ] --END-- [ RunTime:0.001000s ]

[ 2017-04-24T23:27:11+08:00 ] 127.0.0.1 /index.php/Admin/Goods/add
INFO: [ app_init ] --START--
INFO: Run Behavior\BuildLiteBehavior [ RunTime:0.000000s ]
INFO: [ app_init ] --END-- [ RunTime:0.001000s ]
INFO: [ app_begin ] --START--
INFO: Run Behavior\ReadHtmlCacheBehavior [ RunTime:0.001000s ]
INFO: [ app_begin ] --END-- [ RunTime:0.001000s ]
NOTIC: [8] A session had already been started - ignoring session_start() D:\xampp\htdocs\thinkphp\ThinkPHP\Common\functions.php 第 1263 行.
SQL: SHOW COLUMNS FROM `tp_brand` [ RunTime:0.0040s ]
SQL: SELECT `id`,`brand_name` FROM `tp_brand` WHERE ( is_delete = 0 )  [ RunTime:0.0000s ]
NOTIC: [2048] Declaration of Admin\Model\CategoryModel::_before_delete() should be compatible with Think\Model::_before_delete($options) D:\xampp\htdocs\thinkphp\Application\Admin\Model\CategoryModel.class.php 第 135 行.
SQL: SHOW COLUMNS FROM `tp_category` [ RunTime:0.0030s ]
SQL: SHOW COLUMNS FROM `tp_category` [ RunTime:0.0060s ]
SQL: SELECT * FROM `tp_category` WHERE ( is_delete = 0 )  [ RunTime:0.0000s ]
SQL: SHOW COLUMNS FROM `tp_member_level` [ RunTime:0.0040s ]
SQL: SELECT `id`,`level_name`,`bottom`,`top` FROM `tp_member_level` WHERE ( is_delete = 0 )  [ RunTime:0.0010s ]
INFO: [ view_parse ] --START--
INFO: [ template_filter ] --START--
INFO: Run Behavior\ContentReplaceBehavior [ RunTime:0.000000s ]
INFO: [ template_filter ] --END-- [ RunTime:0.000000s ]
NOTIC: [8] Undefined index: cat_level D:\xampp\htdocs\thinkphp\Application\Runtime\Cache\Admin\346dfcdf6ec8d3c93d33b5eb4f636a21.php 第 53 行.
NOTIC: [8] Undefined index: cat_level D:\xampp\htdocs\thinkphp\Application\Runtime\Cache\Admin\346dfcdf6ec8d3c93d33b5eb4f636a21.php 第 53 行.
NOTIC: [8] Undefined index: cat_level D:\xampp\htdocs\thinkphp\Application\Runtime\Cache\Admin\346dfcdf6ec8d3c93d33b5eb4f636a21.php 第 53 行.
NOTIC: [8] Undefined index: cat_level D:\xampp\htdocs\thinkphp\Application\Runtime\Cache\Admin\346dfcdf6ec8d3c93d33b5eb4f636a21.php 第 53 行.
NOTIC: [8] Undefined index: cat_level D:\xampp\htdocs\thinkphp\Application\Runtime\Cache\Admin\346dfcdf6ec8d3c93d33b5eb4f636a21.php 第 53 行.
NOTIC: [8] Undefined index: cat_level D:\xampp\htdocs\thinkphp\Application\Runtime\Cache\Admin\346dfcdf6ec8d3c93d33b5eb4f636a21.php 第 53 行.
NOTIC: [8] Undefined index: cat_level D:\xampp\htdocs\thinkphp\Application\Runtime\Cache\Admin\346dfcdf6ec8d3c93d33b5eb4f636a21.php 第 53 行.
NOTIC: [8] Undefined index: cat_level D:\xampp\htdocs\thinkphp\Application\Runtime\Cache\Admin\346dfcdf6ec8d3c93d33b5eb4f636a21.php 第 53 行.
NOTIC: [8] Undefined index: cat_level D:\xampp\htdocs\thinkphp\Application\Runtime\Cache\Admin\346dfcdf6ec8d3c93d33b5eb4f636a21.php 第 53 行.
NOTIC: [8] Undefined index: cat_level D:\xampp\htdocs\thinkphp\Application\Runtime\Cache\Admin\346dfcdf6ec8d3c93d33b5eb4f636a21.php 第 53 行.
NOTIC: [8] Undefined index: cat_level D:\xampp\htdocs\thinkphp\Application\Runtime\Cache\Admin\346dfcdf6ec8d3c93d33b5eb4f636a21.php 第 53 行.
NOTIC: [8] Undefined index: cat_level D:\xampp\htdocs\thinkphp\Application\Runtime\Cache\Admin\346dfcdf6ec8d3c93d33b5eb4f636a21.php 第 53 行.
NOTIC: [8] Undefined index: cat_level D:\xampp\htdocs\thinkphp\Application\Runtime\Cache\Admin\346dfcdf6ec8d3c93d33b5eb4f636a21.php 第 53 行.
NOTIC: [8] Undefined index: cat_level D:\xampp\htdocs\thinkphp\Application\Runtime\Cache\Admin\346dfcdf6ec8d3c93d33b5eb4f636a21.php 第 53 行.
NOTIC: [8] Undefined index: cat_level D:\xampp\htdocs\thinkphp\Application\Runtime\Cache\Admin\346dfcdf6ec8d3c93d33b5eb4f636a21.php 第 53 行.
NOTIC: [8] Undefined index: cat_level D:\xampp\htdocs\thinkphp\Application\Runtime\Cache\Admin\346dfcdf6ec8d3c93d33b5eb4f636a21.php 第 53 行.
NOTIC: [8] Undefined index: cat_level D:\xampp\htdocs\thinkphp\Application\Runtime\Cache\Admin\346dfcdf6ec8d3c93d33b5eb4f636a21.php 第 53 行.
NOTIC: [8] Undefined index: cat_level D:\xampp\htdocs\thinkphp\Application\Runtime\Cache\Admin\346dfcdf6ec8d3c93d33b5eb4f636a21.php 第 53 行.
NOTIC: [8] Undefined index: cat_level D:\xampp\htdocs\thinkphp\Application\Runtime\Cache\Admin\346dfcdf6ec8d3c93d33b5eb4f636a21.php 第 53 行.
NOTIC: [8] Undefined index: cat_level D:\xampp\htdocs\thinkphp\Application\Runtime\Cache\Admin\346dfcdf6ec8d3c93d33b5eb4f636a21.php 第 53 行.
NOTIC: [8] Undefined index: cat_level D:\xampp\htdocs\thinkphp\Application\Runtime\Cache\Admin\346dfcdf6ec8d3c93d33b5eb4f636a21.php 第 53 行.
NOTIC: [8] Undefined index: cat_level D:\xampp\htdocs\thinkphp\Application\Runtime\Cache\Admin\346dfcdf6ec8d3c93d33b5eb4f636a21.php 第 66 行.
NOTIC: [8] Undefined index: cat_level D:\xampp\htdocs\thinkphp\Application\Runtime\Cache\Admin\346dfcdf6ec8d3c93d33b5eb4f636a21.php 第 66 行.
NOTIC: [8] Undefined index: cat_level D:\xampp\htdocs\thinkphp\Application\Runtime\Cache\Admin\346dfcdf6ec8d3c93d33b5eb4f636a21.php 第 66 行.
NOTIC: [8] Undefined index: cat_level D:\xampp\htdocs\thinkphp\Application\Runtime\Cache\Admin\346dfcdf6ec8d3c93d33b5eb4f636a21.php 第 66 行.
NOTIC: [8] Undefined index: cat_level D:\xampp\htdocs\thinkphp\Application\Runtime\Cache\Admin\346dfcdf6ec8d3c93d33b5eb4f636a21.php 第 66 行.
NOTIC: [8] Undefined index: cat_level D:\xampp\htdocs\thinkphp\Application\Runtime\Cache\Admin\346dfcdf6ec8d3c93d33b5eb4f636a21.php 第 66 行.
NOTIC: [8] Undefined index: cat_level D:\xampp\htdocs\thinkphp\Application\Runtime\Cache\Admin\346dfcdf6ec8d3c93d33b5eb4f636a21.php 第 66 行.
NOTIC: [8] Undefined index: cat_level D:\xampp\htdocs\thinkphp\Application\Runtime\Cache\Admin\346dfcdf6ec8d3c93d33b5eb4f636a21.php 第 66 行.
NOTIC: [8] Undefined index: cat_level D:\xampp\htdocs\thinkphp\Application\Runtime\Cache\Admin\346dfcdf6ec8d3c93d33b5eb4f636a21.php 第 66 行.
NOTIC: [8] Undefined index: cat_level D:\xampp\htdocs\thinkphp\Application\Runtime\Cache\Admin\346dfcdf6ec8d3c93d33b5eb4f636a21.php 第 66 行.
NOTIC: [8] Undefined index: cat_level D:\xampp\htdocs\thinkphp\Application\Runtime\Cache\Admin\346dfcdf6ec8d3c93d33b5eb4f636a21.php 第 66 行.
NOTIC: [8] Undefined index: cat_level D:\xampp\htdocs\thinkphp\Application\Runtime\Cache\Admin\346dfcdf6ec8d3c93d33b5eb4f636a21.php 第 66 行.
NOTIC: [8] Undefined index: cat_level D:\xampp\htdocs\thinkphp\Application\Runtime\Cache\Admin\346dfcdf6ec8d3c93d33b5eb4f636a21.php 第 66 行.
NOTIC: [8] Undefined index: cat_level D:\xampp\htdocs\thinkphp\Application\Runtime\Cache\Admin\346dfcdf6ec8d3c93d33b5eb4f636a21.php 第 66 行.
NOTIC: [8] Undefined index: cat_level D:\xampp\htdocs\thinkphp\Application\Runtime\Cache\Admin\346dfcdf6ec8d3c93d33b5eb4f636a21.php 第 66 行.
NOTIC: [8] Undefined index: cat_level D:\xampp\htdocs\thinkphp\Application\Runtime\Cache\Admin\346dfcdf6ec8d3c93d33b5eb4f636a21.php 第 66 行.
NOTIC: [8] Undefined index: cat_level D:\xampp\htdocs\thinkphp\Application\Runtime\Cache\Admin\346dfcdf6ec8d3c93d33b5eb4f636a21.php 第 66 行.
NOTIC: [8] Undefined index: cat_level D:\xampp\htdocs\thinkphp\Application\Runtime\Cache\Admin\346dfcdf6ec8d3c93d33b5eb4f636a21.php 第 66 行.
NOTIC: [8] Undefined index: cat_level D:\xampp\htdocs\thinkphp\Application\Runtime\Cache\Admin\346dfcdf6ec8d3c93d33b5eb4f636a21.php 第 66 行.
NOTIC: [8] Undefined index: cat_level D:\xampp\htdocs\thinkphp\Application\Runtime\Cache\Admin\346dfcdf6ec8d3c93d33b5eb4f636a21.php 第 66 行.
NOTIC: [8] Undefined index: cat_level D:\xampp\htdocs\thinkphp\Application\Runtime\Cache\Admin\346dfcdf6ec8d3c93d33b5eb4f636a21.php 第 66 行.
INFO: Run Behavior\ParseTemplateBehavior [ RunTime:0.014001s ]
INFO: [ view_parse ] --END-- [ RunTime:0.014001s ]
INFO: [ view_filter ] --START--
INFO: Run Behavior\WriteHtmlCacheBehavior [ RunTime:0.001000s ]
INFO: [ view_filter ] --END-- [ RunTime:0.001000s ]
INFO: [ app_end ] --START--
INFO: Run Behavior\ShowPageTraceBehavior [ RunTime:0.001000s ]
INFO: [ app_end ] --END-- [ RunTime:0.001000s ]

[ 2017-04-24T23:38:58+08:00 ] 127.0.0.1 /index.php/Admin/Goods/add
INFO: [ app_init ] --START--
INFO: Run Behavior\BuildLiteBehavior [ RunTime:0.000000s ]
INFO: [ app_init ] --END-- [ RunTime:0.000000s ]
INFO: [ app_begin ] --START--
INFO: Run Behavior\ReadHtmlCacheBehavior [ RunTime:0.001000s ]
INFO: [ app_begin ] --END-- [ RunTime:0.001000s ]
NOTIC: [8] A session had already been started - ignoring session_start() D:\xampp\htdocs\thinkphp\ThinkPHP\Common\functions.php 第 1263 行.
SQL: SHOW COLUMNS FROM `tp_brand` [ RunTime:0.0040s ]
SQL: SELECT `id`,`brand_name` FROM `tp_brand` WHERE ( is_delete = 0 )  [ RunTime:0.0000s ]
NOTIC: [2048] Declaration of Admin\Model\CategoryModel::_before_delete() should be compatible with Think\Model::_before_delete($options) D:\xampp\htdocs\thinkphp\Application\Admin\Model\CategoryModel.class.php 第 135 行.
SQL: SHOW COLUMNS FROM `tp_category` [ RunTime:0.0040s ]
SQL: SHOW COLUMNS FROM `tp_category` [ RunTime:0.0050s ]
SQL: SELECT * FROM `tp_category` WHERE ( is_delete = 0 )  [ RunTime:0.0010s ]
SQL: SHOW COLUMNS FROM `tp_member_level` [ RunTime:0.0040s ]
SQL: SELECT `id`,`level_name`,`bottom`,`top` FROM `tp_member_level` WHERE ( is_delete = 0 )  [ RunTime:0.0010s ]
INFO: [ view_parse ] --START--
INFO: [ template_filter ] --START--
INFO: Run Behavior\ContentReplaceBehavior [ RunTime:0.000000s ]
INFO: [ template_filter ] --END-- [ RunTime:0.000000s ]
NOTIC: [8] Undefined index: cat_level D:\xampp\htdocs\thinkphp\Application\Runtime\Cache\Admin\346dfcdf6ec8d3c93d33b5eb4f636a21.php 第 53 行.
NOTIC: [8] Undefined index: cat_level D:\xampp\htdocs\thinkphp\Application\Runtime\Cache\Admin\346dfcdf6ec8d3c93d33b5eb4f636a21.php 第 53 行.
NOTIC: [8] Undefined index: cat_level D:\xampp\htdocs\thinkphp\Application\Runtime\Cache\Admin\346dfcdf6ec8d3c93d33b5eb4f636a21.php 第 53 行.
NOTIC: [8] Undefined index: cat_level D:\xampp\htdocs\thinkphp\Application\Runtime\Cache\Admin\346dfcdf6ec8d3c93d33b5eb4f636a21.php 第 53 行.
NOTIC: [8] Undefined index: cat_level D:\xampp\htdocs\thinkphp\Application\Runtime\Cache\Admin\346dfcdf6ec8d3c93d33b5eb4f636a21.php 第 53 行.
NOTIC: [8] Undefined index: cat_level D:\xampp\htdocs\thinkphp\Application\Runtime\Cache\Admin\346dfcdf6ec8d3c93d33b5eb4f636a21.php 第 53 行.
NOTIC: [8] Undefined index: cat_level D:\xampp\htdocs\thinkphp\Application\Runtime\Cache\Admin\346dfcdf6ec8d3c93d33b5eb4f636a21.php 第 53 行.
NOTIC: [8] Undefined index: cat_level D:\xampp\htdocs\thinkphp\Application\Runtime\Cache\Admin\346dfcdf6ec8d3c93d33b5eb4f636a21.php 第 53 行.
NOTIC: [8] Undefined index: cat_level D:\xampp\htdocs\thinkphp\Application\Runtime\Cache\Admin\346dfcdf6ec8d3c93d33b5eb4f636a21.php 第 53 行.
NOTIC: [8] Undefined index: cat_level D:\xampp\htdocs\thinkphp\Application\Runtime\Cache\Admin\346dfcdf6ec8d3c93d33b5eb4f636a21.php 第 53 行.
NOTIC: [8] Undefined index: cat_level D:\xampp\htdocs\thinkphp\Application\Runtime\Cache\Admin\346dfcdf6ec8d3c93d33b5eb4f636a21.php 第 53 行.
NOTIC: [8] Undefined index: cat_level D:\xampp\htdocs\thinkphp\Application\Runtime\Cache\Admin\346dfcdf6ec8d3c93d33b5eb4f636a21.php 第 53 行.
NOTIC: [8] Undefined index: cat_level D:\xampp\htdocs\thinkphp\Application\Runtime\Cache\Admin\346dfcdf6ec8d3c93d33b5eb4f636a21.php 第 53 行.
NOTIC: [8] Undefined index: cat_level D:\xampp\htdocs\thinkphp\Application\Runtime\Cache\Admin\346dfcdf6ec8d3c93d33b5eb4f636a21.php 第 53 行.
NOTIC: [8] Undefined index: cat_level D:\xampp\htdocs\thinkphp\Application\Runtime\Cache\Admin\346dfcdf6ec8d3c93d33b5eb4f636a21.php 第 53 行.
NOTIC: [8] Undefined index: cat_level D:\xampp\htdocs\thinkphp\Application\Runtime\Cache\Admin\346dfcdf6ec8d3c93d33b5eb4f636a21.php 第 53 行.
NOTIC: [8] Undefined index: cat_level D:\xampp\htdocs\thinkphp\Application\Runtime\Cache\Admin\346dfcdf6ec8d3c93d33b5eb4f636a21.php 第 53 行.
NOTIC: [8] Undefined index: cat_level D:\xampp\htdocs\thinkphp\Application\Runtime\Cache\Admin\346dfcdf6ec8d3c93d33b5eb4f636a21.php 第 53 行.
NOTIC: [8] Undefined index: cat_level D:\xampp\htdocs\thinkphp\Application\Runtime\Cache\Admin\346dfcdf6ec8d3c93d33b5eb4f636a21.php 第 53 行.
NOTIC: [8] Undefined index: cat_level D:\xampp\htdocs\thinkphp\Application\Runtime\Cache\Admin\346dfcdf6ec8d3c93d33b5eb4f636a21.php 第 53 行.
NOTIC: [8] Undefined index: cat_level D:\xampp\htdocs\thinkphp\Application\Runtime\Cache\Admin\346dfcdf6ec8d3c93d33b5eb4f636a21.php 第 53 行.
NOTIC: [8] Undefined index: cat_level D:\xampp\htdocs\thinkphp\Application\Runtime\Cache\Admin\346dfcdf6ec8d3c93d33b5eb4f636a21.php 第 66 行.
NOTIC: [8] Undefined index: cat_level D:\xampp\htdocs\thinkphp\Application\Runtime\Cache\Admin\346dfcdf6ec8d3c93d33b5eb4f636a21.php 第 66 行.
NOTIC: [8] Undefined index: cat_level D:\xampp\htdocs\thinkphp\Application\Runtime\Cache\Admin\346dfcdf6ec8d3c93d33b5eb4f636a21.php 第 66 行.
NOTIC: [8] Undefined index: cat_level D:\xampp\htdocs\thinkphp\Application\Runtime\Cache\Admin\346dfcdf6ec8d3c93d33b5eb4f636a21.php 第 66 行.
NOTIC: [8] Undefined index: cat_level D:\xampp\htdocs\thinkphp\Application\Runtime\Cache\Admin\346dfcdf6ec8d3c93d33b5eb4f636a21.php 第 66 行.
NOTIC: [8] Undefined index: cat_level D:\xampp\htdocs\thinkphp\Application\Runtime\Cache\Admin\346dfcdf6ec8d3c93d33b5eb4f636a21.php 第 66 行.
NOTIC: [8] Undefined index: cat_level D:\xampp\htdocs\thinkphp\Application\Runtime\Cache\Admin\346dfcdf6ec8d3c93d33b5eb4f636a21.php 第 66 行.
NOTIC: [8] Undefined index: cat_level D:\xampp\htdocs\thinkphp\Application\Runtime\Cache\Admin\346dfcdf6ec8d3c93d33b5eb4f636a21.php 第 66 行.
NOTIC: [8] Undefined index: cat_level D:\xampp\htdocs\thinkphp\Application\Runtime\Cache\Admin\346dfcdf6ec8d3c93d33b5eb4f636a21.php 第 66 行.
NOTIC: [8] Undefined index: cat_level D:\xampp\htdocs\thinkphp\Application\Runtime\Cache\Admin\346dfcdf6ec8d3c93d33b5eb4f636a21.php 第 66 行.
NOTIC: [8] Undefined index: cat_level D:\xampp\htdocs\thinkphp\Application\Runtime\Cache\Admin\346dfcdf6ec8d3c93d33b5eb4f636a21.php 第 66 行.
NOTIC: [8] Undefined index: cat_level D:\xampp\htdocs\thinkphp\Application\Runtime\Cache\Admin\346dfcdf6ec8d3c93d33b5eb4f636a21.php 第 66 行.
NOTIC: [8] Undefined index: cat_level D:\xampp\htdocs\thinkphp\Application\Runtime\Cache\Admin\346dfcdf6ec8d3c93d33b5eb4f636a21.php 第 66 行.
NOTIC: [8] Undefined index: cat_level D:\xampp\htdocs\thinkphp\Application\Runtime\Cache\Admin\346dfcdf6ec8d3c93d33b5eb4f636a21.php 第 66 行.
NOTIC: [8] Undefined index: cat_level D:\xampp\htdocs\thinkphp\Application\Runtime\Cache\Admin\346dfcdf6ec8d3c93d33b5eb4f636a21.php 第 66 行.
NOTIC: [8] Undefined index: cat_level D:\xampp\htdocs\thinkphp\Application\Runtime\Cache\Admin\346dfcdf6ec8d3c93d33b5eb4f636a21.php 第 66 行.
NOTIC: [8] Undefined index: cat_level D:\xampp\htdocs\thinkphp\Application\Runtime\Cache\Admin\346dfcdf6ec8d3c93d33b5eb4f636a21.php 第 66 行.
NOTIC: [8] Undefined index: cat_level D:\xampp\htdocs\thinkphp\Application\Runtime\Cache\Admin\346dfcdf6ec8d3c93d33b5eb4f636a21.php 第 66 行.
NOTIC: [8] Undefined index: cat_level D:\xampp\htdocs\thinkphp\Application\Runtime\Cache\Admin\346dfcdf6ec8d3c93d33b5eb4f636a21.php 第 66 行.
NOTIC: [8] Undefined index: cat_level D:\xampp\htdocs\thinkphp\Application\Runtime\Cache\Admin\346dfcdf6ec8d3c93d33b5eb4f636a21.php 第 66 行.
NOTIC: [8] Undefined index: cat_level D:\xampp\htdocs\thinkphp\Application\Runtime\Cache\Admin\346dfcdf6ec8d3c93d33b5eb4f636a21.php 第 66 行.
INFO: Run Behavior\ParseTemplateBehavior [ RunTime:0.014001s ]
INFO: [ view_parse ] --END-- [ RunTime:0.014001s ]
INFO: [ view_filter ] --START--
INFO: Run Behavior\WriteHtmlCacheBehavior [ RunTime:0.000000s ]
INFO: [ view_filter ] --END-- [ RunTime:0.000000s ]
INFO: [ app_end ] --START--
INFO: Run Behavior\ShowPageTraceBehavior [ RunTime:0.002000s ]
INFO: [ app_end ] --END-- [ RunTime:0.002000s ]

[ 2017-04-24T23:47:00+08:00 ] 127.0.0.1 /index.php/Admin/Goods/add
INFO: [ app_init ] --START--
INFO: Run Behavior\BuildLiteBehavior [ RunTime:0.000000s ]
INFO: [ app_init ] --END-- [ RunTime:0.001000s ]
INFO: [ app_begin ] --START--
INFO: Run Behavior\ReadHtmlCacheBehavior [ RunTime:0.001000s ]
INFO: [ app_begin ] --END-- [ RunTime:0.001000s ]
NOTIC: [8] A session had already been started - ignoring session_start() D:\xampp\htdocs\thinkphp\ThinkPHP\Common\functions.php 第 1263 行.
SQL: SHOW COLUMNS FROM `tp_brand` [ RunTime:0.0040s ]
SQL: SELECT `id`,`brand_name` FROM `tp_brand` WHERE ( is_delete = 0 )  [ RunTime:0.0020s ]
NOTIC: [2048] Declaration of Admin\Model\CategoryModel::_before_delete() should be compatible with Think\Model::_before_delete($options) D:\xampp\htdocs\thinkphp\Application\Admin\Model\CategoryModel.class.php 第 135 行.
SQL: SHOW COLUMNS FROM `tp_category` [ RunTime:0.0050s ]
SQL: SHOW COLUMNS FROM `tp_category` [ RunTime:0.0040s ]
SQL: SELECT * FROM `tp_category` WHERE ( is_delete = 0 )  [ RunTime:0.0010s ]
SQL: SHOW COLUMNS FROM `tp_member_level` [ RunTime:0.0040s ]
SQL: SELECT `id`,`level_name`,`bottom`,`top` FROM `tp_member_level` WHERE ( is_delete = 0 )  [ RunTime:0.0000s ]
INFO: [ view_parse ] --START--
INFO: [ template_filter ] --START--
INFO: Run Behavior\ContentReplaceBehavior [ RunTime:0.000000s ]
INFO: [ template_filter ] --END-- [ RunTime:0.000000s ]
NOTIC: [8] Undefined index: cat_level D:\xampp\htdocs\thinkphp\Application\Runtime\Cache\Admin\346dfcdf6ec8d3c93d33b5eb4f636a21.php 第 53 行.
NOTIC: [8] Undefined index: cat_level D:\xampp\htdocs\thinkphp\Application\Runtime\Cache\Admin\346dfcdf6ec8d3c93d33b5eb4f636a21.php 第 53 行.
NOTIC: [8] Undefined index: cat_level D:\xampp\htdocs\thinkphp\Application\Runtime\Cache\Admin\346dfcdf6ec8d3c93d33b5eb4f636a21.php 第 53 行.
NOTIC: [8] Undefined index: cat_level D:\xampp\htdocs\thinkphp\Application\Runtime\Cache\Admin\346dfcdf6ec8d3c93d33b5eb4f636a21.php 第 53 行.
NOTIC: [8] Undefined index: cat_level D:\xampp\htdocs\thinkphp\Application\Runtime\Cache\Admin\346dfcdf6ec8d3c93d33b5eb4f636a21.php 第 53 行.
NOTIC: [8] Undefined index: cat_level D:\xampp\htdocs\thinkphp\Application\Runtime\Cache\Admin\346dfcdf6ec8d3c93d33b5eb4f636a21.php 第 53 行.
NOTIC: [8] Undefined index: cat_level D:\xampp\htdocs\thinkphp\Application\Runtime\Cache\Admin\346dfcdf6ec8d3c93d33b5eb4f636a21.php 第 53 行.
NOTIC: [8] Undefined index: cat_level D:\xampp\htdocs\thinkphp\Application\Runtime\Cache\Admin\346dfcdf6ec8d3c93d33b5eb4f636a21.php 第 53 行.
NOTIC: [8] Undefined index: cat_level D:\xampp\htdocs\thinkphp\Application\Runtime\Cache\Admin\346dfcdf6ec8d3c93d33b5eb4f636a21.php 第 53 行.
NOTIC: [8] Undefined index: cat_level D:\xampp\htdocs\thinkphp\Application\Runtime\Cache\Admin\346dfcdf6ec8d3c93d33b5eb4f636a21.php 第 53 行.
NOTIC: [8] Undefined index: cat_level D:\xampp\htdocs\thinkphp\Application\Runtime\Cache\Admin\346dfcdf6ec8d3c93d33b5eb4f636a21.php 第 53 行.
NOTIC: [8] Undefined index: cat_level D:\xampp\htdocs\thinkphp\Application\Runtime\Cache\Admin\346dfcdf6ec8d3c93d33b5eb4f636a21.php 第 53 行.
NOTIC: [8] Undefined index: cat_level D:\xampp\htdocs\thinkphp\Application\Runtime\Cache\Admin\346dfcdf6ec8d3c93d33b5eb4f636a21.php 第 53 行.
NOTIC: [8] Undefined index: cat_level D:\xampp\htdocs\thinkphp\Application\Runtime\Cache\Admin\346dfcdf6ec8d3c93d33b5eb4f636a21.php 第 53 行.
NOTIC: [8] Undefined index: cat_level D:\xampp\htdocs\thinkphp\Application\Runtime\Cache\Admin\346dfcdf6ec8d3c93d33b5eb4f636a21.php 第 53 行.
NOTIC: [8] Undefined index: cat_level D:\xampp\htdocs\thinkphp\Application\Runtime\Cache\Admin\346dfcdf6ec8d3c93d33b5eb4f636a21.php 第 53 行.
NOTIC: [8] Undefined index: cat_level D:\xampp\htdocs\thinkphp\Application\Runtime\Cache\Admin\346dfcdf6ec8d3c93d33b5eb4f636a21.php 第 53 行.
NOTIC: [8] Undefined index: cat_level D:\xampp\htdocs\thinkphp\Application\Runtime\Cache\Admin\346dfcdf6ec8d3c93d33b5eb4f636a21.php 第 53 行.
NOTIC: [8] Undefined index: cat_level D:\xampp\htdocs\thinkphp\Application\Runtime\Cache\Admin\346dfcdf6ec8d3c93d33b5eb4f636a21.php 第 53 行.
NOTIC: [8] Undefined index: cat_level D:\xampp\htdocs\thinkphp\Application\Runtime\Cache\Admin\346dfcdf6ec8d3c93d33b5eb4f636a21.php 第 53 行.
NOTIC: [8] Undefined index: cat_level D:\xampp\htdocs\thinkphp\Application\Runtime\Cache\Admin\346dfcdf6ec8d3c93d33b5eb4f636a21.php 第 53 行.
NOTIC: [8] Undefined index: cat_level D:\xampp\htdocs\thinkphp\Application\Runtime\Cache\Admin\346dfcdf6ec8d3c93d33b5eb4f636a21.php 第 68 行.
NOTIC: [8] Undefined index: cat_level D:\xampp\htdocs\thinkphp\Application\Runtime\Cache\Admin\346dfcdf6ec8d3c93d33b5eb4f636a21.php 第 68 行.
NOTIC: [8] Undefined index: cat_level D:\xampp\htdocs\thinkphp\Application\Runtime\Cache\Admin\346dfcdf6ec8d3c93d33b5eb4f636a21.php 第 68 行.
NOTIC: [8] Undefined index: cat_level D:\xampp\htdocs\thinkphp\Application\Runtime\Cache\Admin\346dfcdf6ec8d3c93d33b5eb4f636a21.php 第 68 行.
NOTIC: [8] Undefined index: cat_level D:\xampp\htdocs\thinkphp\Application\Runtime\Cache\Admin\346dfcdf6ec8d3c93d33b5eb4f636a21.php 第 68 行.
NOTIC: [8] Undefined index: cat_level D:\xampp\htdocs\thinkphp\Application\Runtime\Cache\Admin\346dfcdf6ec8d3c93d33b5eb4f636a21.php 第 68 行.
NOTIC: [8] Undefined index: cat_level D:\xampp\htdocs\thinkphp\Application\Runtime\Cache\Admin\346dfcdf6ec8d3c93d33b5eb4f636a21.php 第 68 行.
NOTIC: [8] Undefined index: cat_level D:\xampp\htdocs\thinkphp\Application\Runtime\Cache\Admin\346dfcdf6ec8d3c93d33b5eb4f636a21.php 第 68 行.
NOTIC: [8] Undefined index: cat_level D:\xampp\htdocs\thinkphp\Application\Runtime\Cache\Admin\346dfcdf6ec8d3c93d33b5eb4f636a21.php 第 68 行.
NOTIC: [8] Undefined index: cat_level D:\xampp\htdocs\thinkphp\Application\Runtime\Cache\Admin\346dfcdf6ec8d3c93d33b5eb4f636a21.php 第 68 行.
NOTIC: [8] Undefined index: cat_level D:\xampp\htdocs\thinkphp\Application\Runtime\Cache\Admin\346dfcdf6ec8d3c93d33b5eb4f636a21.php 第 68 行.
NOTIC: [8] Undefined index: cat_level D:\xampp\htdocs\thinkphp\Application\Runtime\Cache\Admin\346dfcdf6ec8d3c93d33b5eb4f636a21.php 第 68 行.
NOTIC: [8] Undefined index: cat_level D:\xampp\htdocs\thinkphp\Application\Runtime\Cache\Admin\346dfcdf6ec8d3c93d33b5eb4f636a21.php 第 68 行.
NOTIC: [8] Undefined index: cat_level D:\xampp\htdocs\thinkphp\Application\Runtime\Cache\Admin\346dfcdf6ec8d3c93d33b5eb4f636a21.php 第 68 行.
NOTIC: [8] Undefined index: cat_level D:\xampp\htdocs\thinkphp\Application\Runtime\Cache\Admin\346dfcdf6ec8d3c93d33b5eb4f636a21.php 第 68 行.
NOTIC: [8] Undefined index: cat_level D:\xampp\htdocs\thinkphp\Application\Runtime\Cache\Admin\346dfcdf6ec8d3c93d33b5eb4f636a21.php 第 68 行.
NOTIC: [8] Undefined index: cat_level D:\xampp\htdocs\thinkphp\Application\Runtime\Cache\Admin\346dfcdf6ec8d3c93d33b5eb4f636a21.php 第 68 行.
NOTIC: [8] Undefined index: cat_level D:\xampp\htdocs\thinkphp\Application\Runtime\Cache\Admin\346dfcdf6ec8d3c93d33b5eb4f636a21.php 第 68 行.
NOTIC: [8] Undefined index: cat_level D:\xampp\htdocs\thinkphp\Application\Runtime\Cache\Admin\346dfcdf6ec8d3c93d33b5eb4f636a21.php 第 68 行.
NOTIC: [8] Undefined index: cat_level D:\xampp\htdocs\thinkphp\Application\Runtime\Cache\Admin\346dfcdf6ec8d3c93d33b5eb4f636a21.php 第 68 行.
NOTIC: [8] Undefined index: cat_level D:\xampp\htdocs\thinkphp\Application\Runtime\Cache\Admin\346dfcdf6ec8d3c93d33b5eb4f636a21.php 第 68 行.
INFO: Run Behavior\ParseTemplateBehavior [ RunTime:0.014001s ]
INFO: [ view_parse ] --END-- [ RunTime:0.014001s ]
INFO: [ view_filter ] --START--
INFO: Run Behavior\WriteHtmlCacheBehavior [ RunTime:0.001000s ]
INFO: [ view_filter ] --END-- [ RunTime:0.001000s ]
INFO: [ app_end ] --START--
INFO: Run Behavior\ShowPageTraceBehavior [ RunTime:0.001000s ]
INFO: [ app_end ] --END-- [ RunTime:0.001000s ]

[ 2017-04-24T23:47:04+08:00 ] 127.0.0.1 /index.php/Admin/Goods/add
INFO: [ app_init ] --START--
INFO: Run Behavior\BuildLiteBehavior [ RunTime:0.000000s ]
INFO: [ app_init ] --END-- [ RunTime:0.001000s ]
INFO: [ app_begin ] --START--
INFO: Run Behavior\ReadHtmlCacheBehavior [ RunTime:0.001000s ]
INFO: [ app_begin ] --END-- [ RunTime:0.001000s ]
NOTIC: [8] A session had already been started - ignoring session_start() D:\xampp\htdocs\thinkphp\ThinkPHP\Common\functions.php 第 1263 行.
SQL: SHOW COLUMNS FROM `tp_brand` [ RunTime:0.0040s ]
SQL: SELECT `id`,`brand_name` FROM `tp_brand` WHERE ( is_delete = 0 )  [ RunTime:0.0010s ]
NOTIC: [2048] Declaration of Admin\Model\CategoryModel::_before_delete() should be compatible with Think\Model::_before_delete($options) D:\xampp\htdocs\thinkphp\Application\Admin\Model\CategoryModel.class.php 第 135 行.
SQL: SHOW COLUMNS FROM `tp_category` [ RunTime:0.0040s ]
SQL: SHOW COLUMNS FROM `tp_category` [ RunTime:0.0040s ]
SQL: SELECT * FROM `tp_category` WHERE ( is_delete = 0 )  [ RunTime:0.0010s ]
SQL: SHOW COLUMNS FROM `tp_member_level` [ RunTime:0.0040s ]
SQL: SELECT `id`,`level_name`,`bottom`,`top` FROM `tp_member_level` WHERE ( is_delete = 0 )  [ RunTime:0.0010s ]
INFO: [ view_parse ] --START--
INFO: [ template_filter ] --START--
INFO: Run Behavior\ContentReplaceBehavior [ RunTime:0.000000s ]
INFO: [ template_filter ] --END-- [ RunTime:0.000000s ]
NOTIC: [8] Undefined index: cat_level D:\xampp\htdocs\thinkphp\Application\Runtime\Cache\Admin\346dfcdf6ec8d3c93d33b5eb4f636a21.php 第 53 行.
NOTIC: [8] Undefined index: cat_level D:\xampp\htdocs\thinkphp\Application\Runtime\Cache\Admin\346dfcdf6ec8d3c93d33b5eb4f636a21.php 第 53 行.
NOTIC: [8] Undefined index: cat_level D:\xampp\htdocs\thinkphp\Application\Runtime\Cache\Admin\346dfcdf6ec8d3c93d33b5eb4f636a21.php 第 53 行.
NOTIC: [8] Undefined index: cat_level D:\xampp\htdocs\thinkphp\Application\Runtime\Cache\Admin\346dfcdf6ec8d3c93d33b5eb4f636a21.php 第 53 行.
NOTIC: [8] Undefined index: cat_level D:\xampp\htdocs\thinkphp\Application\Runtime\Cache\Admin\346dfcdf6ec8d3c93d33b5eb4f636a21.php 第 53 行.
NOTIC: [8] Undefined index: cat_level D:\xampp\htdocs\thinkphp\Application\Runtime\Cache\Admin\346dfcdf6ec8d3c93d33b5eb4f636a21.php 第 53 行.
NOTIC: [8] Undefined index: cat_level D:\xampp\htdocs\thinkphp\Application\Runtime\Cache\Admin\346dfcdf6ec8d3c93d33b5eb4f636a21.php 第 53 行.
NOTIC: [8] Undefined index: cat_level D:\xampp\htdocs\thinkphp\Application\Runtime\Cache\Admin\346dfcdf6ec8d3c93d33b5eb4f636a21.php 第 53 行.
NOTIC: [8] Undefined index: cat_level D:\xampp\htdocs\thinkphp\Application\Runtime\Cache\Admin\346dfcdf6ec8d3c93d33b5eb4f636a21.php 第 53 行.
NOTIC: [8] Undefined index: cat_level D:\xampp\htdocs\thinkphp\Application\Runtime\Cache\Admin\346dfcdf6ec8d3c93d33b5eb4f636a21.php 第 53 行.
NOTIC: [8] Undefined index: cat_level D:\xampp\htdocs\thinkphp\Application\Runtime\Cache\Admin\346dfcdf6ec8d3c93d33b5eb4f636a21.php 第 53 行.
NOTIC: [8] Undefined index: cat_level D:\xampp\htdocs\thinkphp\Application\Runtime\Cache\Admin\346dfcdf6ec8d3c93d33b5eb4f636a21.php 第 53 行.
NOTIC: [8] Undefined index: cat_level D:\xampp\htdocs\thinkphp\Application\Runtime\Cache\Admin\346dfcdf6ec8d3c93d33b5eb4f636a21.php 第 53 行.
NOTIC: [8] Undefined index: cat_level D:\xampp\htdocs\thinkphp\Application\Runtime\Cache\Admin\346dfcdf6ec8d3c93d33b5eb4f636a21.php 第 53 行.
NOTIC: [8] Undefined index: cat_level D:\xampp\htdocs\thinkphp\Application\Runtime\Cache\Admin\346dfcdf6ec8d3c93d33b5eb4f636a21.php 第 53 行.
NOTIC: [8] Undefined index: cat_level D:\xampp\htdocs\thinkphp\Application\Runtime\Cache\Admin\346dfcdf6ec8d3c93d33b5eb4f636a21.php 第 53 行.
NOTIC: [8] Undefined index: cat_level D:\xampp\htdocs\thinkphp\Application\Runtime\Cache\Admin\346dfcdf6ec8d3c93d33b5eb4f636a21.php 第 53 行.
NOTIC: [8] Undefined index: cat_level D:\xampp\htdocs\thinkphp\Application\Runtime\Cache\Admin\346dfcdf6ec8d3c93d33b5eb4f636a21.php 第 53 行.
NOTIC: [8] Undefined index: cat_level D:\xampp\htdocs\thinkphp\Application\Runtime\Cache\Admin\346dfcdf6ec8d3c93d33b5eb4f636a21.php 第 53 行.
NOTIC: [8] Undefined index: cat_level D:\xampp\htdocs\thinkphp\Application\Runtime\Cache\Admin\346dfcdf6ec8d3c93d33b5eb4f636a21.php 第 53 行.
NOTIC: [8] Undefined index: cat_level D:\xampp\htdocs\thinkphp\Application\Runtime\Cache\Admin\346dfcdf6ec8d3c93d33b5eb4f636a21.php 第 53 行.
NOTIC: [8] Undefined index: cat_level D:\xampp\htdocs\thinkphp\Application\Runtime\Cache\Admin\346dfcdf6ec8d3c93d33b5eb4f636a21.php 第 68 行.
NOTIC: [8] Undefined index: cat_level D:\xampp\htdocs\thinkphp\Application\Runtime\Cache\Admin\346dfcdf6ec8d3c93d33b5eb4f636a21.php 第 68 行.
NOTIC: [8] Undefined index: cat_level D:\xampp\htdocs\thinkphp\Application\Runtime\Cache\Admin\346dfcdf6ec8d3c93d33b5eb4f636a21.php 第 68 行.
NOTIC: [8] Undefined index: cat_level D:\xampp\htdocs\thinkphp\Application\Runtime\Cache\Admin\346dfcdf6ec8d3c93d33b5eb4f636a21.php 第 68 行.
NOTIC: [8] Undefined index: cat_level D:\xampp\htdocs\thinkphp\Application\Runtime\Cache\Admin\346dfcdf6ec8d3c93d33b5eb4f636a21.php 第 68 行.
NOTIC: [8] Undefined index: cat_level D:\xampp\htdocs\thinkphp\Application\Runtime\Cache\Admin\346dfcdf6ec8d3c93d33b5eb4f636a21.php 第 68 行.
NOTIC: [8] Undefined index: cat_level D:\xampp\htdocs\thinkphp\Application\Runtime\Cache\Admin\346dfcdf6ec8d3c93d33b5eb4f636a21.php 第 68 行.
NOTIC: [8] Undefined index: cat_level D:\xampp\htdocs\thinkphp\Application\Runtime\Cache\Admin\346dfcdf6ec8d3c93d33b5eb4f636a21.php 第 68 行.
NOTIC: [8] Undefined index: cat_level D:\xampp\htdocs\thinkphp\Application\Runtime\Cache\Admin\346dfcdf6ec8d3c93d33b5eb4f636a21.php 第 68 行.
NOTIC: [8] Undefined index: cat_level D:\xampp\htdocs\thinkphp\Application\Runtime\Cache\Admin\346dfcdf6ec8d3c93d33b5eb4f636a21.php 第 68 行.
NOTIC: [8] Undefined index: cat_level D:\xampp\htdocs\thinkphp\Application\Runtime\Cache\Admin\346dfcdf6ec8d3c93d33b5eb4f636a21.php 第 68 行.
NOTIC: [8] Undefined index: cat_level D:\xampp\htdocs\thinkphp\Application\Runtime\Cache\Admin\346dfcdf6ec8d3c93d33b5eb4f636a21.php 第 68 行.
NOTIC: [8] Undefined index: cat_level D:\xampp\htdocs\thinkphp\Application\Runtime\Cache\Admin\346dfcdf6ec8d3c93d33b5eb4f636a21.php 第 68 行.
NOTIC: [8] Undefined index: cat_level D:\xampp\htdocs\thinkphp\Application\Runtime\Cache\Admin\346dfcdf6ec8d3c93d33b5eb4f636a21.php 第 68 行.
NOTIC: [8] Undefined index: cat_level D:\xampp\htdocs\thinkphp\Application\Runtime\Cache\Admin\346dfcdf6ec8d3c93d33b5eb4f636a21.php 第 68 行.
NOTIC: [8] Undefined index: cat_level D:\xampp\htdocs\thinkphp\Application\Runtime\Cache\Admin\346dfcdf6ec8d3c93d33b5eb4f636a21.php 第 68 行.
NOTIC: [8] Undefined index: cat_level D:\xampp\htdocs\thinkphp\Application\Runtime\Cache\Admin\346dfcdf6ec8d3c93d33b5eb4f636a21.php 第 68 行.
NOTIC: [8] Undefined index: cat_level D:\xampp\htdocs\thinkphp\Application\Runtime\Cache\Admin\346dfcdf6ec8d3c93d33b5eb4f636a21.php 第 68 行.
NOTIC: [8] Undefined index: cat_level D:\xampp\htdocs\thinkphp\Application\Runtime\Cache\Admin\346dfcdf6ec8d3c93d33b5eb4f636a21.php 第 68 行.
NOTIC: [8] Undefined index: cat_level D:\xampp\htdocs\thinkphp\Application\Runtime\Cache\Admin\346dfcdf6ec8d3c93d33b5eb4f636a21.php 第 68 行.
NOTIC: [8] Undefined index: cat_level D:\xampp\htdocs\thinkphp\Application\Runtime\Cache\Admin\346dfcdf6ec8d3c93d33b5eb4f636a21.php 第 68 行.
INFO: Run Behavior\ParseTemplateBehavior [ RunTime:0.015000s ]
INFO: [ view_parse ] --END-- [ RunTime:0.015000s ]
INFO: [ view_filter ] --START--
INFO: Run Behavior\WriteHtmlCacheBehavior [ RunTime:0.000000s ]
INFO: [ view_filter ] --END-- [ RunTime:0.000000s ]
INFO: [ app_end ] --START--
INFO: Run Behavior\ShowPageTraceBehavior [ RunTime:0.001000s ]
INFO: [ app_end ] --END-- [ RunTime:0.001000s ]

[ 2017-04-24T23:49:39+08:00 ] 127.0.0.1 /index.php/Admin/Goods/add
INFO: [ app_init ] --START--
INFO: Run Behavior\BuildLiteBehavior [ RunTime:0.000000s ]
INFO: [ app_init ] --END-- [ RunTime:0.001000s ]
INFO: [ app_begin ] --START--
INFO: Run Behavior\ReadHtmlCacheBehavior [ RunTime:0.001000s ]
INFO: [ app_begin ] --END-- [ RunTime:0.001000s ]
NOTIC: [8] A session had already been started - ignoring session_start() D:\xampp\htdocs\thinkphp\ThinkPHP\Common\functions.php 第 1263 行.
SQL: SHOW COLUMNS FROM `tp_brand` [ RunTime:0.0040s ]
SQL: SELECT `id`,`brand_name` FROM `tp_brand` WHERE ( is_delete = 0 )  [ RunTime:0.0010s ]
NOTIC: [2048] Declaration of Admin\Model\CategoryModel::_before_delete() should be compatible with Think\Model::_before_delete($options) D:\xampp\htdocs\thinkphp\Application\Admin\Model\CategoryModel.class.php 第 135 行.
SQL: SHOW COLUMNS FROM `tp_category` [ RunTime:0.0030s ]
SQL: SHOW COLUMNS FROM `tp_category` [ RunTime:0.0060s ]
SQL: SELECT * FROM `tp_category` WHERE ( is_delete = 0 )  [ RunTime:0.0000s ]
SQL: SHOW COLUMNS FROM `tp_member_level` [ RunTime:0.0050s ]
SQL: SELECT `id`,`level_name`,`bottom`,`top` FROM `tp_member_level` WHERE ( is_delete = 0 )  [ RunTime:0.0010s ]
INFO: [ view_parse ] --START--
INFO: [ template_filter ] --START--
INFO: Run Behavior\ContentReplaceBehavior [ RunTime:0.000000s ]
INFO: [ template_filter ] --END-- [ RunTime:0.000000s ]
NOTIC: [8] Undefined index: cat_level D:\xampp\htdocs\thinkphp\Application\Runtime\Cache\Admin\346dfcdf6ec8d3c93d33b5eb4f636a21.php 第 59 行.
NOTIC: [8] Undefined index: cat_level D:\xampp\htdocs\thinkphp\Application\Runtime\Cache\Admin\346dfcdf6ec8d3c93d33b5eb4f636a21.php 第 59 行.
NOTIC: [8] Undefined index: cat_level D:\xampp\htdocs\thinkphp\Application\Runtime\Cache\Admin\346dfcdf6ec8d3c93d33b5eb4f636a21.php 第 59 行.
NOTIC: [8] Undefined index: cat_level D:\xampp\htdocs\thinkphp\Application\Runtime\Cache\Admin\346dfcdf6ec8d3c93d33b5eb4f636a21.php 第 59 行.
NOTIC: [8] Undefined index: cat_level D:\xampp\htdocs\thinkphp\Application\Runtime\Cache\Admin\346dfcdf6ec8d3c93d33b5eb4f636a21.php 第 59 行.
NOTIC: [8] Undefined index: cat_level D:\xampp\htdocs\thinkphp\Application\Runtime\Cache\Admin\346dfcdf6ec8d3c93d33b5eb4f636a21.php 第 59 行.
NOTIC: [8] Undefined index: cat_level D:\xampp\htdocs\thinkphp\Application\Runtime\Cache\Admin\346dfcdf6ec8d3c93d33b5eb4f636a21.php 第 59 行.
NOTIC: [8] Undefined index: cat_level D:\xampp\htdocs\thinkphp\Application\Runtime\Cache\Admin\346dfcdf6ec8d3c93d33b5eb4f636a21.php 第 59 行.
NOTIC: [8] Undefined index: cat_level D:\xampp\htdocs\thinkphp\Application\Runtime\Cache\Admin\346dfcdf6ec8d3c93d33b5eb4f636a21.php 第 59 行.
NOTIC: [8] Undefined index: cat_level D:\xampp\htdocs\thinkphp\Application\Runtime\Cache\Admin\346dfcdf6ec8d3c93d33b5eb4f636a21.php 第 59 行.
NOTIC: [8] Undefined index: cat_level D:\xampp\htdocs\thinkphp\Application\Runtime\Cache\Admin\346dfcdf6ec8d3c93d33b5eb4f636a21.php 第 59 行.
NOTIC: [8] Undefined index: cat_level D:\xampp\htdocs\thinkphp\Application\Runtime\Cache\Admin\346dfcdf6ec8d3c93d33b5eb4f636a21.php 第 59 行.
NOTIC: [8] Undefined index: cat_level D:\xampp\htdocs\thinkphp\Application\Runtime\Cache\Admin\346dfcdf6ec8d3c93d33b5eb4f636a21.php 第 59 行.
NOTIC: [8] Undefined index: cat_level D:\xampp\htdocs\thinkphp\Application\Runtime\Cache\Admin\346dfcdf6ec8d3c93d33b5eb4f636a21.php 第 59 行.
NOTIC: [8] Undefined index: cat_level D:\xampp\htdocs\thinkphp\Application\Runtime\Cache\Admin\346dfcdf6ec8d3c93d33b5eb4f636a21.php 第 59 行.
NOTIC: [8] Undefined index: cat_level D:\xampp\htdocs\thinkphp\Application\Runtime\Cache\Admin\346dfcdf6ec8d3c93d33b5eb4f636a21.php 第 59 行.
NOTIC: [8] Undefined index: cat_level D:\xampp\htdocs\thinkphp\Application\Runtime\Cache\Admin\346dfcdf6ec8d3c93d33b5eb4f636a21.php 第 59 行.
NOTIC: [8] Undefined index: cat_level D:\xampp\htdocs\thinkphp\Application\Runtime\Cache\Admin\346dfcdf6ec8d3c93d33b5eb4f636a21.php 第 59 行.
NOTIC: [8] Undefined index: cat_level D:\xampp\htdocs\thinkphp\Application\Runtime\Cache\Admin\346dfcdf6ec8d3c93d33b5eb4f636a21.php 第 59 行.
NOTIC: [8] Undefined index: cat_level D:\xampp\htdocs\thinkphp\Application\Runtime\Cache\Admin\346dfcdf6ec8d3c93d33b5eb4f636a21.php 第 59 行.
NOTIC: [8] Undefined index: cat_level D:\xampp\htdocs\thinkphp\Application\Runtime\Cache\Admin\346dfcdf6ec8d3c93d33b5eb4f636a21.php 第 59 行.
NOTIC: [8] Undefined index: cat_level D:\xampp\htdocs\thinkphp\Application\Runtime\Cache\Admin\346dfcdf6ec8d3c93d33b5eb4f636a21.php 第 74 行.
NOTIC: [8] Undefined index: cat_level D:\xampp\htdocs\thinkphp\Application\Runtime\Cache\Admin\346dfcdf6ec8d3c93d33b5eb4f636a21.php 第 74 行.
NOTIC: [8] Undefined index: cat_level D:\xampp\htdocs\thinkphp\Application\Runtime\Cache\Admin\346dfcdf6ec8d3c93d33b5eb4f636a21.php 第 74 行.
NOTIC: [8] Undefined index: cat_level D:\xampp\htdocs\thinkphp\Application\Runtime\Cache\Admin\346dfcdf6ec8d3c93d33b5eb4f636a21.php 第 74 行.
NOTIC: [8] Undefined index: cat_level D:\xampp\htdocs\thinkphp\Application\Runtime\Cache\Admin\346dfcdf6ec8d3c93d33b5eb4f636a21.php 第 74 行.
NOTIC: [8] Undefined index: cat_level D:\xampp\htdocs\thinkphp\Application\Runtime\Cache\Admin\346dfcdf6ec8d3c93d33b5eb4f636a21.php 第 74 行.
NOTIC: [8] Undefined index: cat_level D:\xampp\htdocs\thinkphp\Application\Runtime\Cache\Admin\346dfcdf6ec8d3c93d33b5eb4f636a21.php 第 74 行.
NOTIC: [8] Undefined index: cat_level D:\xampp\htdocs\thinkphp\Application\Runtime\Cache\Admin\346dfcdf6ec8d3c93d33b5eb4f636a21.php 第 74 行.
NOTIC: [8] Undefined index: cat_level D:\xampp\htdocs\thinkphp\Application\Runtime\Cache\Admin\346dfcdf6ec8d3c93d33b5eb4f636a21.php 第 74 行.
NOTIC: [8] Undefined index: cat_level D:\xampp\htdocs\thinkphp\Application\Runtime\Cache\Admin\346dfcdf6ec8d3c93d33b5eb4f636a21.php 第 74 行.
NOTIC: [8] Undefined index: cat_level D:\xampp\htdocs\thinkphp\Application\Runtime\Cache\Admin\346dfcdf6ec8d3c93d33b5eb4f636a21.php 第 74 行.
NOTIC: [8] Undefined index: cat_level D:\xampp\htdocs\thinkphp\Application\Runtime\Cache\Admin\346dfcdf6ec8d3c93d33b5eb4f636a21.php 第 74 行.
NOTIC: [8] Undefined index: cat_level D:\xampp\htdocs\thinkphp\Application\Runtime\Cache\Admin\346dfcdf6ec8d3c93d33b5eb4f636a21.php 第 74 行.
NOTIC: [8] Undefined index: cat_level D:\xampp\htdocs\thinkphp\Application\Runtime\Cache\Admin\346dfcdf6ec8d3c93d33b5eb4f636a21.php 第 74 行.
NOTIC: [8] Undefined index: cat_level D:\xampp\htdocs\thinkphp\Application\Runtime\Cache\Admin\346dfcdf6ec8d3c93d33b5eb4f636a21.php 第 74 行.
NOTIC: [8] Undefined index: cat_level D:\xampp\htdocs\thinkphp\Application\Runtime\Cache\Admin\346dfcdf6ec8d3c93d33b5eb4f636a21.php 第 74 行.
NOTIC: [8] Undefined index: cat_level D:\xampp\htdocs\thinkphp\Application\Runtime\Cache\Admin\346dfcdf6ec8d3c93d33b5eb4f636a21.php 第 74 行.
NOTIC: [8] Undefined index: cat_level D:\xampp\htdocs\thinkphp\Application\Runtime\Cache\Admin\346dfcdf6ec8d3c93d33b5eb4f636a21.php 第 74 行.
NOTIC: [8] Undefined index: cat_level D:\xampp\htdocs\thinkphp\Application\Runtime\Cache\Admin\346dfcdf6ec8d3c93d33b5eb4f636a21.php 第 74 行.
NOTIC: [8] Undefined index: cat_level D:\xampp\htdocs\thinkphp\Application\Runtime\Cache\Admin\346dfcdf6ec8d3c93d33b5eb4f636a21.php 第 74 行.
NOTIC: [8] Undefined index: cat_level D:\xampp\htdocs\thinkphp\Application\Runtime\Cache\Admin\346dfcdf6ec8d3c93d33b5eb4f636a21.php 第 74 行.
INFO: Run Behavior\ParseTemplateBehavior [ RunTime:0.017001s ]
INFO: [ view_parse ] --END-- [ RunTime:0.017001s ]
INFO: [ view_filter ] --START--
INFO: Run Behavior\WriteHtmlCacheBehavior [ RunTime:0.001000s ]
INFO: [ view_filter ] --END-- [ RunTime:0.001000s ]
INFO: [ app_end ] --START--
INFO: Run Behavior\ShowPageTraceBehavior [ RunTime:0.001000s ]
INFO: [ app_end ] --END-- [ RunTime:0.001000s ]

[ 2017-04-24T23:57:23+08:00 ] 127.0.0.1 /index.php/Admin/Goods/add
INFO: [ app_init ] --START--
INFO: Run Behavior\BuildLiteBehavior [ RunTime:0.000000s ]
INFO: [ app_init ] --END-- [ RunTime:0.001000s ]
INFO: [ app_begin ] --START--
INFO: Run Behavior\ReadHtmlCacheBehavior [ RunTime:0.001000s ]
INFO: [ app_begin ] --END-- [ RunTime:0.001000s ]
NOTIC: [8] A session had already been started - ignoring session_start() D:\xampp\htdocs\thinkphp\ThinkPHP\Common\functions.php 第 1263 行.
SQL: SHOW COLUMNS FROM `tp_brand` [ RunTime:0.0040s ]
SQL: SELECT `id`,`brand_name` FROM `tp_brand` WHERE ( is_delete = 0 )  [ RunTime:0.0000s ]
NOTIC: [2048] Declaration of Admin\Model\CategoryModel::_before_delete() should be compatible with Think\Model::_before_delete($options) D:\xampp\htdocs\thinkphp\Application\Admin\Model\CategoryModel.class.php 第 135 行.
SQL: SHOW COLUMNS FROM `tp_category` [ RunTime:0.0040s ]
SQL: SHOW COLUMNS FROM `tp_category` [ RunTime:0.0050s ]
SQL: SELECT * FROM `tp_category` WHERE ( is_delete = 0 )  [ RunTime:0.0010s ]
SQL: SHOW COLUMNS FROM `tp_member_level` [ RunTime:0.0040s ]
SQL: SELECT `id`,`level_name`,`bottom`,`top` FROM `tp_member_level` WHERE ( is_delete = 0 )  [ RunTime:0.0010s ]
INFO: [ view_parse ] --START--
INFO: [ template_filter ] --START--
INFO: Run Behavior\ContentReplaceBehavior [ RunTime:0.000000s ]
INFO: [ template_filter ] --END-- [ RunTime:0.000000s ]
NOTIC: [8] Undefined index: cat_level D:\xampp\htdocs\thinkphp\Application\Runtime\Cache\Admin\346dfcdf6ec8d3c93d33b5eb4f636a21.php 第 59 行.
NOTIC: [8] Undefined index: cat_level D:\xampp\htdocs\thinkphp\Application\Runtime\Cache\Admin\346dfcdf6ec8d3c93d33b5eb4f636a21.php 第 59 行.
NOTIC: [8] Undefined index: cat_level D:\xampp\htdocs\thinkphp\Application\Runtime\Cache\Admin\346dfcdf6ec8d3c93d33b5eb4f636a21.php 第 59 行.
NOTIC: [8] Undefined index: cat_level D:\xampp\htdocs\thinkphp\Application\Runtime\Cache\Admin\346dfcdf6ec8d3c93d33b5eb4f636a21.php 第 59 行.
NOTIC: [8] Undefined index: cat_level D:\xampp\htdocs\thinkphp\Application\Runtime\Cache\Admin\346dfcdf6ec8d3c93d33b5eb4f636a21.php 第 59 行.
NOTIC: [8] Undefined index: cat_level D:\xampp\htdocs\thinkphp\Application\Runtime\Cache\Admin\346dfcdf6ec8d3c93d33b5eb4f636a21.php 第 59 行.
NOTIC: [8] Undefined index: cat_level D:\xampp\htdocs\thinkphp\Application\Runtime\Cache\Admin\346dfcdf6ec8d3c93d33b5eb4f636a21.php 第 59 行.
NOTIC: [8] Undefined index: cat_level D:\xampp\htdocs\thinkphp\Application\Runtime\Cache\Admin\346dfcdf6ec8d3c93d33b5eb4f636a21.php 第 59 行.
NOTIC: [8] Undefined index: cat_level D:\xampp\htdocs\thinkphp\Application\Runtime\Cache\Admin\346dfcdf6ec8d3c93d33b5eb4f636a21.php 第 59 行.
NOTIC: [8] Undefined index: cat_level D:\xampp\htdocs\thinkphp\Application\Runtime\Cache\Admin\346dfcdf6ec8d3c93d33b5eb4f636a21.php 第 59 行.
NOTIC: [8] Undefined index: cat_level D:\xampp\htdocs\thinkphp\Application\Runtime\Cache\Admin\346dfcdf6ec8d3c93d33b5eb4f636a21.php 第 59 行.
NOTIC: [8] Undefined index: cat_level D:\xampp\htdocs\thinkphp\Application\Runtime\Cache\Admin\346dfcdf6ec8d3c93d33b5eb4f636a21.php 第 59 行.
NOTIC: [8] Undefined index: cat_level D:\xampp\htdocs\thinkphp\Application\Runtime\Cache\Admin\346dfcdf6ec8d3c93d33b5eb4f636a21.php 第 59 行.
NOTIC: [8] Undefined index: cat_level D:\xampp\htdocs\thinkphp\Application\Runtime\Cache\Admin\346dfcdf6ec8d3c93d33b5eb4f636a21.php 第 59 行.
NOTIC: [8] Undefined index: cat_level D:\xampp\htdocs\thinkphp\Application\Runtime\Cache\Admin\346dfcdf6ec8d3c93d33b5eb4f636a21.php 第 59 行.
NOTIC: [8] Undefined index: cat_level D:\xampp\htdocs\thinkphp\Application\Runtime\Cache\Admin\346dfcdf6ec8d3c93d33b5eb4f636a21.php 第 59 行.
NOTIC: [8] Undefined index: cat_level D:\xampp\htdocs\thinkphp\Application\Runtime\Cache\Admin\346dfcdf6ec8d3c93d33b5eb4f636a21.php 第 59 行.
NOTIC: [8] Undefined index: cat_level D:\xampp\htdocs\thinkphp\Application\Runtime\Cache\Admin\346dfcdf6ec8d3c93d33b5eb4f636a21.php 第 59 行.
NOTIC: [8] Undefined index: cat_level D:\xampp\htdocs\thinkphp\Application\Runtime\Cache\Admin\346dfcdf6ec8d3c93d33b5eb4f636a21.php 第 59 行.
NOTIC: [8] Undefined index: cat_level D:\xampp\htdocs\thinkphp\Application\Runtime\Cache\Admin\346dfcdf6ec8d3c93d33b5eb4f636a21.php 第 59 行.
NOTIC: [8] Undefined index: cat_level D:\xampp\htdocs\thinkphp\Application\Runtime\Cache\Admin\346dfcdf6ec8d3c93d33b5eb4f636a21.php 第 59 行.
NOTIC: [8] Undefined index: cat_level D:\xampp\htdocs\thinkphp\Application\Runtime\Cache\Admin\346dfcdf6ec8d3c93d33b5eb4f636a21.php 第 74 行.
NOTIC: [8] Undefined index: cat_level D:\xampp\htdocs\thinkphp\Application\Runtime\Cache\Admin\346dfcdf6ec8d3c93d33b5eb4f636a21.php 第 74 行.
NOTIC: [8] Undefined index: cat_level D:\xampp\htdocs\thinkphp\Application\Runtime\Cache\Admin\346dfcdf6ec8d3c93d33b5eb4f636a21.php 第 74 行.
NOTIC: [8] Undefined index: cat_level D:\xampp\htdocs\thinkphp\Application\Runtime\Cache\Admin\346dfcdf6ec8d3c93d33b5eb4f636a21.php 第 74 行.
NOTIC: [8] Undefined index: cat_level D:\xampp\htdocs\thinkphp\Application\Runtime\Cache\Admin\346dfcdf6ec8d3c93d33b5eb4f636a21.php 第 74 行.
NOTIC: [8] Undefined index: cat_level D:\xampp\htdocs\thinkphp\Application\Runtime\Cache\Admin\346dfcdf6ec8d3c93d33b5eb4f636a21.php 第 74 行.
NOTIC: [8] Undefined index: cat_level D:\xampp\htdocs\thinkphp\Application\Runtime\Cache\Admin\346dfcdf6ec8d3c93d33b5eb4f636a21.php 第 74 行.
NOTIC: [8] Undefined index: cat_level D:\xampp\htdocs\thinkphp\Application\Runtime\Cache\Admin\346dfcdf6ec8d3c93d33b5eb4f636a21.php 第 74 行.
NOTIC: [8] Undefined index: cat_level D:\xampp\htdocs\thinkphp\Application\Runtime\Cache\Admin\346dfcdf6ec8d3c93d33b5eb4f636a21.php 第 74 行.
NOTIC: [8] Undefined index: cat_level D:\xampp\htdocs\thinkphp\Application\Runtime\Cache\Admin\346dfcdf6ec8d3c93d33b5eb4f636a21.php 第 74 行.
NOTIC: [8] Undefined index: cat_level D:\xampp\htdocs\thinkphp\Application\Runtime\Cache\Admin\346dfcdf6ec8d3c93d33b5eb4f636a21.php 第 74 行.
NOTIC: [8] Undefined index: cat_level D:\xampp\htdocs\thinkphp\Application\Runtime\Cache\Admin\346dfcdf6ec8d3c93d33b5eb4f636a21.php 第 74 行.
NOTIC: [8] Undefined index: cat_level D:\xampp\htdocs\thinkphp\Application\Runtime\Cache\Admin\346dfcdf6ec8d3c93d33b5eb4f636a21.php 第 74 行.
NOTIC: [8] Undefined index: cat_level D:\xampp\htdocs\thinkphp\Application\Runtime\Cache\Admin\346dfcdf6ec8d3c93d33b5eb4f636a21.php 第 74 行.
NOTIC: [8] Undefined index: cat_level D:\xampp\htdocs\thinkphp\Application\Runtime\Cache\Admin\346dfcdf6ec8d3c93d33b5eb4f636a21.php 第 74 行.
NOTIC: [8] Undefined index: cat_level D:\xampp\htdocs\thinkphp\Application\Runtime\Cache\Admin\346dfcdf6ec8d3c93d33b5eb4f636a21.php 第 74 行.
NOTIC: [8] Undefined index: cat_level D:\xampp\htdocs\thinkphp\Application\Runtime\Cache\Admin\346dfcdf6ec8d3c93d33b5eb4f636a21.php 第 74 行.
NOTIC: [8] Undefined index: cat_level D:\xampp\htdocs\thinkphp\Application\Runtime\Cache\Admin\346dfcdf6ec8d3c93d33b5eb4f636a21.php 第 74 行.
NOTIC: [8] Undefined index: cat_level D:\xampp\htdocs\thinkphp\Application\Runtime\Cache\Admin\346dfcdf6ec8d3c93d33b5eb4f636a21.php 第 74 行.
NOTIC: [8] Undefined index: cat_level D:\xampp\htdocs\thinkphp\Application\Runtime\Cache\Admin\346dfcdf6ec8d3c93d33b5eb4f636a21.php 第 74 行.
NOTIC: [8] Undefined index: cat_level D:\xampp\htdocs\thinkphp\Application\Runtime\Cache\Admin\346dfcdf6ec8d3c93d33b5eb4f636a21.php 第 74 行.
INFO: Run Behavior\ParseTemplateBehavior [ RunTime:0.014000s ]
INFO: [ view_parse ] --END-- [ RunTime:0.014000s ]
INFO: [ view_filter ] --START--
INFO: Run Behavior\WriteHtmlCacheBehavior [ RunTime:0.001000s ]
INFO: [ view_filter ] --END-- [ RunTime:0.001000s ]
INFO: [ app_end ] --START--
INFO: Run Behavior\ShowPageTraceBehavior [ RunTime:0.001000s ]
INFO: [ app_end ] --END-- [ RunTime:0.001000s ]

[ 2017-04-24T23:58:11+08:00 ] 127.0.0.1 /index.php/Admin/Goods/add
INFO: [ app_init ] --START--
INFO: Run Behavior\BuildLiteBehavior [ RunTime:0.000000s ]
INFO: [ app_init ] --END-- [ RunTime:0.001000s ]
INFO: [ app_begin ] --START--
INFO: Run Behavior\ReadHtmlCacheBehavior [ RunTime:0.001000s ]
INFO: [ app_begin ] --END-- [ RunTime:0.001000s ]
NOTIC: [8] A session had already been started - ignoring session_start() D:\xampp\htdocs\thinkphp\ThinkPHP\Common\functions.php 第 1263 行.
SQL: SHOW COLUMNS FROM `tp_brand` [ RunTime:0.0040s ]
SQL: SELECT `id`,`brand_name` FROM `tp_brand` WHERE ( is_delete = 0 )  [ RunTime:0.0020s ]
NOTIC: [2048] Declaration of Admin\Model\CategoryModel::_before_delete() should be compatible with Think\Model::_before_delete($options) D:\xampp\htdocs\thinkphp\Application\Admin\Model\CategoryModel.class.php 第 135 行.
SQL: SHOW COLUMNS FROM `tp_category` [ RunTime:0.0040s ]
SQL: SHOW COLUMNS FROM `tp_category` [ RunTime:0.0040s ]
SQL: SELECT * FROM `tp_category` WHERE ( is_delete = 0 )  [ RunTime:0.0000s ]
SQL: SHOW COLUMNS FROM `tp_member_level` [ RunTime:0.0040s ]
SQL: SELECT `id`,`level_name`,`bottom`,`top` FROM `tp_member_level` WHERE ( is_delete = 0 )  [ RunTime:0.0010s ]
INFO: [ view_parse ] --START--
INFO: [ template_filter ] --START--
INFO: Run Behavior\ContentReplaceBehavior [ RunTime:0.000000s ]
INFO: [ template_filter ] --END-- [ RunTime:0.000000s ]
NOTIC: [8] Undefined index: cat_level D:\xampp\htdocs\thinkphp\Application\Runtime\Cache\Admin\346dfcdf6ec8d3c93d33b5eb4f636a21.php 第 59 行.
NOTIC: [8] Undefined index: cat_level D:\xampp\htdocs\thinkphp\Application\Runtime\Cache\Admin\346dfcdf6ec8d3c93d33b5eb4f636a21.php 第 59 行.
NOTIC: [8] Undefined index: cat_level D:\xampp\htdocs\thinkphp\Application\Runtime\Cache\Admin\346dfcdf6ec8d3c93d33b5eb4f636a21.php 第 59 行.
NOTIC: [8] Undefined index: cat_level D:\xampp\htdocs\thinkphp\Application\Runtime\Cache\Admin\346dfcdf6ec8d3c93d33b5eb4f636a21.php 第 59 行.
NOTIC: [8] Undefined index: cat_level D:\xampp\htdocs\thinkphp\Application\Runtime\Cache\Admin\346dfcdf6ec8d3c93d33b5eb4f636a21.php 第 59 行.
NOTIC: [8] Undefined index: cat_level D:\xampp\htdocs\thinkphp\Application\Runtime\Cache\Admin\346dfcdf6ec8d3c93d33b5eb4f636a21.php 第 59 行.
NOTIC: [8] Undefined index: cat_level D:\xampp\htdocs\thinkphp\Application\Runtime\Cache\Admin\346dfcdf6ec8d3c93d33b5eb4f636a21.php 第 59 行.
NOTIC: [8] Undefined index: cat_level D:\xampp\htdocs\thinkphp\Application\Runtime\Cache\Admin\346dfcdf6ec8d3c93d33b5eb4f636a21.php 第 59 行.
NOTIC: [8] Undefined index: cat_level D:\xampp\htdocs\thinkphp\Application\Runtime\Cache\Admin\346dfcdf6ec8d3c93d33b5eb4f636a21.php 第 59 行.
NOTIC: [8] Undefined index: cat_level D:\xampp\htdocs\thinkphp\Application\Runtime\Cache\Admin\346dfcdf6ec8d3c93d33b5eb4f636a21.php 第 59 行.
NOTIC: [8] Undefined index: cat_level D:\xampp\htdocs\thinkphp\Application\Runtime\Cache\Admin\346dfcdf6ec8d3c93d33b5eb4f636a21.php 第 59 行.
NOTIC: [8] Undefined index: cat_level D:\xampp\htdocs\thinkphp\Application\Runtime\Cache\Admin\346dfcdf6ec8d3c93d33b5eb4f636a21.php 第 59 行.
NOTIC: [8] Undefined index: cat_level D:\xampp\htdocs\thinkphp\Application\Runtime\Cache\Admin\346dfcdf6ec8d3c93d33b5eb4f636a21.php 第 59 行.
NOTIC: [8] Undefined index: cat_level D:\xampp\htdocs\thinkphp\Application\Runtime\Cache\Admin\346dfcdf6ec8d3c93d33b5eb4f636a21.php 第 59 行.
NOTIC: [8] Undefined index: cat_level D:\xampp\htdocs\thinkphp\Application\Runtime\Cache\Admin\346dfcdf6ec8d3c93d33b5eb4f636a21.php 第 59 行.
NOTIC: [8] Undefined index: cat_level D:\xampp\htdocs\thinkphp\Application\Runtime\Cache\Admin\346dfcdf6ec8d3c93d33b5eb4f636a21.php 第 59 行.
NOTIC: [8] Undefined index: cat_level D:\xampp\htdocs\thinkphp\Application\Runtime\Cache\Admin\346dfcdf6ec8d3c93d33b5eb4f636a21.php 第 59 行.
NOTIC: [8] Undefined index: cat_level D:\xampp\htdocs\thinkphp\Application\Runtime\Cache\Admin\346dfcdf6ec8d3c93d33b5eb4f636a21.php 第 59 行.
NOTIC: [8] Undefined index: cat_level D:\xampp\htdocs\thinkphp\Application\Runtime\Cache\Admin\346dfcdf6ec8d3c93d33b5eb4f636a21.php 第 59 行.
NOTIC: [8] Undefined index: cat_level D:\xampp\htdocs\thinkphp\Application\Runtime\Cache\Admin\346dfcdf6ec8d3c93d33b5eb4f636a21.php 第 59 行.
NOTIC: [8] Undefined index: cat_level D:\xampp\htdocs\thinkphp\Application\Runtime\Cache\Admin\346dfcdf6ec8d3c93d33b5eb4f636a21.php 第 59 行.
NOTIC: [8] Undefined index: cat_level D:\xampp\htdocs\thinkphp\Application\Runtime\Cache\Admin\346dfcdf6ec8d3c93d33b5eb4f636a21.php 第 74 行.
NOTIC: [8] Undefined index: cat_level D:\xampp\htdocs\thinkphp\Application\Runtime\Cache\Admin\346dfcdf6ec8d3c93d33b5eb4f636a21.php 第 74 行.
NOTIC: [8] Undefined index: cat_level D:\xampp\htdocs\thinkphp\Application\Runtime\Cache\Admin\346dfcdf6ec8d3c93d33b5eb4f636a21.php 第 74 行.
NOTIC: [8] Undefined index: cat_level D:\xampp\htdocs\thinkphp\Application\Runtime\Cache\Admin\346dfcdf6ec8d3c93d33b5eb4f636a21.php 第 74 行.
NOTIC: [8] Undefined index: cat_level D:\xampp\htdocs\thinkphp\Application\Runtime\Cache\Admin\346dfcdf6ec8d3c93d33b5eb4f636a21.php 第 74 行.
NOTIC: [8] Undefined index: cat_level D:\xampp\htdocs\thinkphp\Application\Runtime\Cache\Admin\346dfcdf6ec8d3c93d33b5eb4f636a21.php 第 74 行.
NOTIC: [8] Undefined index: cat_level D:\xampp\htdocs\thinkphp\Application\Runtime\Cache\Admin\346dfcdf6ec8d3c93d33b5eb4f636a21.php 第 74 行.
NOTIC: [8] Undefined index: cat_level D:\xampp\htdocs\thinkphp\Application\Runtime\Cache\Admin\346dfcdf6ec8d3c93d33b5eb4f636a21.php 第 74 行.
NOTIC: [8] Undefined index: cat_level D:\xampp\htdocs\thinkphp\Application\Runtime\Cache\Admin\346dfcdf6ec8d3c93d33b5eb4f636a21.php 第 74 行.
NOTIC: [8] Undefined index: cat_level D:\xampp\htdocs\thinkphp\Application\Runtime\Cache\Admin\346dfcdf6ec8d3c93d33b5eb4f636a21.php 第 74 行.
NOTIC: [8] Undefined index: cat_level D:\xampp\htdocs\thinkphp\Application\Runtime\Cache\Admin\346dfcdf6ec8d3c93d33b5eb4f636a21.php 第 74 行.
NOTIC: [8] Undefined index: cat_level D:\xampp\htdocs\thinkphp\Application\Runtime\Cache\Admin\346dfcdf6ec8d3c93d33b5eb4f636a21.php 第 74 行.
NOTIC: [8] Undefined index: cat_level D:\xampp\htdocs\thinkphp\Application\Runtime\Cache\Admin\346dfcdf6ec8d3c93d33b5eb4f636a21.php 第 74 行.
NOTIC: [8] Undefined index: cat_level D:\xampp\htdocs\thinkphp\Application\Runtime\Cache\Admin\346dfcdf6ec8d3c93d33b5eb4f636a21.php 第 74 行.
NOTIC: [8] Undefined index: cat_level D:\xampp\htdocs\thinkphp\Application\Runtime\Cache\Admin\346dfcdf6ec8d3c93d33b5eb4f636a21.php 第 74 行.
NOTIC: [8] Undefined index: cat_level D:\xampp\htdocs\thinkphp\Application\Runtime\Cache\Admin\346dfcdf6ec8d3c93d33b5eb4f636a21.php 第 74 行.
NOTIC: [8] Undefined index: cat_level D:\xampp\htdocs\thinkphp\Application\Runtime\Cache\Admin\346dfcdf6ec8d3c93d33b5eb4f636a21.php 第 74 行.
NOTIC: [8] Undefined index: cat_level D:\xampp\htdocs\thinkphp\Application\Runtime\Cache\Admin\346dfcdf6ec8d3c93d33b5eb4f636a21.php 第 74 行.
NOTIC: [8] Undefined index: cat_level D:\xampp\htdocs\thinkphp\Application\Runtime\Cache\Admin\346dfcdf6ec8d3c93d33b5eb4f636a21.php 第 74 行.
NOTIC: [8] Undefined index: cat_level D:\xampp\htdocs\thinkphp\Application\Runtime\Cache\Admin\346dfcdf6ec8d3c93d33b5eb4f636a21.php 第 74 行.
NOTIC: [8] Undefined index: cat_level D:\xampp\htdocs\thinkphp\Application\Runtime\Cache\Admin\346dfcdf6ec8d3c93d33b5eb4f636a21.php 第 74 行.
INFO: Run Behavior\ParseTemplateBehavior [ RunTime:0.014000s ]
INFO: [ view_parse ] --END-- [ RunTime:0.014000s ]
INFO: [ view_filter ] --START--
INFO: Run Behavior\WriteHtmlCacheBehavior [ RunTime:0.001000s ]
INFO: [ view_filter ] --END-- [ RunTime:0.001000s ]
INFO: [ app_end ] --START--
INFO: Run Behavior\ShowPageTraceBehavior [ RunTime:0.002001s ]
INFO: [ app_end ] --END-- [ RunTime:0.002001s ]

